#
# There is insufficient memory for the Java Runtime Environment to continue.
# Native memory allocation (mmap) failed to map 40894464 bytes for Failed to commit area from 0x000000074c800000 to 0x000000074ef00000 of length 40894464.
# Possible reasons:
#   The system is out of physical RAM or swap space
#   The process is running with CompressedOops enabled, and the Java Heap may be blocking the growth of the native heap
# Possible solutions:
#   Reduce memory load on the system
#   Increase physical memory or swap space
#   Check if swap backing store is full
#   Decrease Java heap size (-Xmx/-Xms)
#   Decrease number of Java threads
#   Decrease Java thread stack sizes (-Xss)
#   Set larger code cache with -XX:ReservedCodeCacheSize=
#   JVM is running with Zero Based Compressed Oops mode in which the Java heap is
#     placed in the first 32GB address space. The Java Heap base address is the
#     maximum limit for the native heap growth. Please use -XX:HeapBaseMinAddress
#     to set the Java Heap base and to place the Java Heap above 32GB virtual address.
# This output file may be truncated or incomplete.
#
#  Out of Memory Error (t:/workspace/open/src/hotspot/os/windows/os_windows.cpp:3269), pid=444212, tid=447468
#
# JRE version: Java(TM) SE Runtime Environment (11.0.1+13) (build 11.0.1+13-LTS)
# Java VM: Java HotSpot(TM) 64-Bit Server VM (11.0.1+13-LTS, mixed mode, tiered, compressed oops, g1 gc, windows-amd64)
# No core dump will be written. Minidumps are not enabled by default on client versions of Windows
#

---------------  S U M M A R Y ------------

Command Line: -javaagent:D:\Develop\IntelliJ IDEA 2019.2.2\lib\idea_rt.jar=65080:D:\Develop\IntelliJ IDEA 2019.2.2\bin -Dfile.encoding=UTF-8 com.voronov.springDemo.Application --spring.profiles.active=dev

Host: Intel(R) Pentium(R) CPU G4620 @ 3.70GHz, 4 cores, 11G,  Windows 10 , 64 bit Build 17134 (10.0.17134.753)
Time: Tue Oct 15 22:19:06 2019 Aaea?onu (ceia) elapsed time: 6 seconds (0d 0h 0m 6s)

---------------  T H R E A D  ---------------

Current thread (0x000001bf4b314800):  VMThread "VM Thread" [stack: 0x0000000100b00000,0x0000000100c00000] [id=447468]

Stack: [0x0000000100b00000,0x0000000100c00000]
[error occurred during error reporting (printing stack bounds), id 0xc0000005, EXCEPTION_ACCESS_VIOLATION (0xc0000005) at pc=0x000001bf32420bbd]

Native frames: (J=compiled Java code, j=interpreted, Vv=VM code, C=native code)
V  [jvm.dll+0x63c21a]
V  [jvm.dll+0x7797df]
V  [jvm.dll+0x77adca]
V  [jvm.dll+0x77b3e5]
V  [jvm.dll+0x77b39b]
V  [jvm.dll+0x63b916]
V  [jvm.dll+0x63bce8]
C  [ntdll.dll+0x9f7dd]
C  [ntdll.dll+0xd856]
C  [ntdll.dll+0x9e70e]
C  0x000001bf32420bbd

VM_Operation (0x0000000101bf4cb0): G1CollectForAllocation, mode: safepoint, requested by thread 0x000001bf4c4e8000


---------------  P R O C E S S  ---------------

Threads class SMR info:
_java_thread_list=0x000001bf4e0be1e0, length=18, elements={
0x000001bf2a105000, 0x000001bf4b33d800, 0x000001bf4b347000, 0x000001bf4b391800,
0x000001bf4b393800, 0x000001bf4b398000, 0x000001bf4b39a000, 0x000001bf4b415000,
0x000001bf4b50d800, 0x000001bf4b68e800, 0x000001bf4ba80800, 0x000001bf4bdaf000,
0x000001bf4c4e8000, 0x000001bf4c645000, 0x000001bf4e32a800, 0x000001bf5140e800,
0x000001bf4d278000, 0x000001bf50556800
}

Java Threads: ( => current thread )
  0x000001bf2a105000 JavaThread "main" [_thread_blocked, id=447128, stack(0x0000000100500000,0x0000000100600000)]
  0x000001bf4b33d800 JavaThread "Reference Handler" daemon [_thread_blocked, id=447340, stack(0x0000000100c00000,0x0000000100d00000)]
  0x000001bf4b347000 JavaThread "Finalizer" daemon [_thread_blocked, id=444976, stack(0x0000000100d00000,0x0000000100e00000)]
  0x000001bf4b391800 JavaThread "Signal Dispatcher" daemon [_thread_blocked, id=441092, stack(0x0000000100e00000,0x0000000100f00000)]
  0x000001bf4b393800 JavaThread "Attach Listener" daemon [_thread_blocked, id=443248, stack(0x0000000100f00000,0x0000000101000000)]
  0x000001bf4b398000 JavaThread "C2 CompilerThread0" daemon [_thread_blocked, id=447356, stack(0x0000000101000000,0x0000000101100000)]
  0x000001bf4b39a000 JavaThread "C1 CompilerThread0" daemon [_thread_blocked, id=447020, stack(0x0000000101100000,0x0000000101200000)]
  0x000001bf4b415000 JavaThread "Sweeper thread" daemon [_thread_blocked, id=446100, stack(0x0000000101200000,0x0000000101300000)]
  0x000001bf4b50d800 JavaThread "Common-Cleaner" daemon [_thread_blocked, id=446500, stack(0x0000000101300000,0x0000000101400000)]
  0x000001bf4b68e800 JavaThread "Monitor Ctrl-Break" daemon [_thread_in_native, id=445568, stack(0x0000000101400000,0x0000000101500000)]
  0x000001bf4ba80800 JavaThread "Service Thread" daemon [_thread_blocked, id=446836, stack(0x0000000101500000,0x0000000101600000)]
  0x000001bf4bdaf000 JavaThread "Thread-0" [_thread_blocked, id=360604, stack(0x0000000101700000,0x0000000101800000)]
  0x000001bf4c4e8000 JavaThread "restartedMain" [_thread_blocked, id=438036, stack(0x0000000101b00000,0x0000000101c00000)]
  0x000001bf4c645000 JavaThread "C2 CompilerThread1" daemon [_thread_blocked, id=446840, stack(0x0000000101d00000,0x0000000101e00000)]
  0x000001bf4e32a800 JavaThread "mysql-cj-abandoned-connection-cleanup" daemon [_thread_blocked, id=446680, stack(0x0000000101c00000,0x0000000101d00000)]
  0x000001bf5140e800 JavaThread "PostgreSQL-JDBC-SharedTimer-1" daemon [_thread_blocked, id=447440, stack(0x0000000101f00000,0x0000000102000000)]
  0x000001bf4d278000 JavaThread "HikariPool-1 housekeeper" daemon [_thread_blocked, id=444552, stack(0x0000000102000000,0x0000000102100000)]
  0x000001bf50556800 JavaThread "HikariPool-1 connection adder" daemon [_thread_in_native, id=446580, stack(0x0000000102100000,0x0000000102200000)]

Other Threads:
=>0x000001bf4b314800 VMThread "VM Thread" [stack: 0x0000000100b00000,0x0000000100c00000] [id=447468]
  0x000001bf4bb19000 WatcherThread [stack: 0x0000000101600000,0x0000000101700000] [id=440660]
  0x000001bf2a11c000 GCTaskThread "GC Thread#0" [stack: 0x0000000100600000,0x0000000100700000] [id=446844]
  0x000001bf4bdda800 GCTaskThread "GC Thread#1" [stack: 0x0000000101800000,0x0000000101900000] [id=444456]
  0x000001bf4bcec000 GCTaskThread "GC Thread#2" [stack: 0x0000000101900000,0x0000000101a00000] [id=446880]
  0x000001bf4bced000 GCTaskThread "GC Thread#3" [stack: 0x0000000101a00000,0x0000000101b00000] [id=447460]
  0x000001bf2a162000 ConcurrentGCThread "G1 Main Marker" [stack: 0x0000000100700000,0x0000000100800000] [id=446012]
  0x000001bf2a164000 ConcurrentGCThread "G1 Conc#0" [stack: 0x0000000100800000,0x0000000100900000] [id=446660]
  0x000001bf4a973800 ConcurrentGCThread "G1 Refine#0" [stack: 0x0000000100900000,0x0000000100a00000] [id=447064]
  0x000001bf4a974000 ConcurrentGCThread "G1 Young RemSet Sampling" [stack: 0x0000000100a00000,0x0000000100b00000] [id=444752]

Threads with active compile tasks:
C2 CompilerThread04484   !   4       org.springframework.util.ReflectionUtils::doWithMethods (176 bytes)
C2 CompilerThread14521       4       java.util.HashMap::resize (356 bytes)

VM state:at safepoint (normal execution)

VM Mutex/Monitor currently owned by a thread:  ([mutex/lock_event])
[0x000001bf2a1019e0] Threads_lock - owner thread: 0x000001bf4b314800
[0x000001bf2a101e60] Heap_lock - owner thread: 0x000001bf4c4e8000

Heap address: 0x0000000740800000, size: 3064 MB, Compressed Oops mode: Zero based, Oop shift amount: 3
Narrow klass base: 0x0000000800000000, Narrow klass shift: 0
Compressed class space size: 1073741824 Address: 0x0000000800000000

Heap:
 garbage-first heap   total 236544K, used 21582K [0x0000000740800000, 0x0000000800000000)
  region size 1024K, 10 young (10240K), 10 survivors (10240K)
 Metaspace       used 47504K, capacity 48677K, committed 48972K, reserved 1091584K
  class space    used 5672K, capacity 6154K, committed 6220K, reserved 1048576K
Heap Regions: E=young(eden), S=young(survivor), O=old, HS=humongous(starts), HC=humongous(continues), CS=collection set, F=free, A=archive, TAMS=top-at-mark-start (previous, next)
|   0|0x0000000740800000, 0x0000000740900000, 0x0000000740900000|100%|HS|  |TAMS 0x0000000740900000, 0x0000000740800000| Complete 
|   1|0x0000000740900000, 0x0000000740a00000, 0x0000000740a00000|100%| O|  |TAMS 0x0000000740a00000, 0x0000000740900000| Untracked 
|   2|0x0000000740a00000, 0x0000000740b00000, 0x0000000740b00000|100%| O|  |TAMS 0x0000000740b00000, 0x0000000740a00000| Untracked 
|   3|0x0000000740b00000, 0x0000000740c00000, 0x0000000740c00000|100%| O|  |TAMS 0x0000000740c00000, 0x0000000740b00000| Untracked 
|   4|0x0000000740c00000, 0x0000000740d00000, 0x0000000740d00000|100%| O|  |TAMS 0x0000000740d00000, 0x0000000740c00000| Untracked 
|   5|0x0000000740d00000, 0x0000000740e00000, 0x0000000740e00000|100%| O|  |TAMS 0x0000000740e00000, 0x0000000740d00000| Untracked 
|   6|0x0000000740e00000, 0x0000000740f00000, 0x0000000740f00000|100%| O|  |TAMS 0x0000000740f00000, 0x0000000740e00000| Untracked 
|   7|0x0000000740f00000, 0x0000000741000000, 0x0000000741000000|100%| O|  |TAMS 0x0000000741000000, 0x0000000740f00000| Untracked 
|   8|0x0000000741000000, 0x0000000741100000, 0x0000000741100000|100%| O|  |TAMS 0x00000007410b0600, 0x0000000741000000| Untracked 
|   9|0x0000000741100000, 0x0000000741200000, 0x0000000741200000|100%| O|  |TAMS 0x0000000741100000, 0x0000000741100000| Untracked 
|  10|0x0000000741200000, 0x0000000741300000, 0x0000000741300000|100%| O|  |TAMS 0x0000000741200000, 0x0000000741200000| Untracked 
|  11|0x0000000741300000, 0x0000000741345800, 0x0000000741400000| 27%| O|  |TAMS 0x0000000741300000, 0x0000000741300000| Untracked 
|  12|0x0000000741400000, 0x0000000741400000, 0x0000000741500000|  0%| F|  |TAMS 0x0000000741400000, 0x0000000741400000| Untracked 
|  13|0x0000000741500000, 0x0000000741500000, 0x0000000741600000|  0%| F|  |TAMS 0x0000000741500000, 0x0000000741500000| Untracked 
|  14|0x0000000741600000, 0x0000000741600000, 0x0000000741700000|  0%| F|  |TAMS 0x0000000741600000, 0x0000000741600000| Untracked 
|  15|0x0000000741700000, 0x0000000741700000, 0x0000000741800000|  0%| F|  |TAMS 0x0000000741700000, 0x0000000741700000| Untracked 
|  16|0x0000000741800000, 0x0000000741800000, 0x0000000741900000|  0%| F|  |TAMS 0x0000000741800000, 0x0000000741800000| Untracked 
|  17|0x0000000741900000, 0x0000000741900000, 0x0000000741a00000|  0%| F|  |TAMS 0x0000000741900000, 0x0000000741900000| Untracked 
|  18|0x0000000741a00000, 0x0000000741a00000, 0x0000000741b00000|  0%| F|  |TAMS 0x0000000741a00000, 0x0000000741a00000| Untracked 
|  19|0x0000000741b00000, 0x0000000741b00000, 0x0000000741c00000|  0%| F|  |TAMS 0x0000000741b00000, 0x0000000741b00000| Untracked 
|  20|0x0000000741c00000, 0x0000000741c00000, 0x0000000741d00000|  0%| F|  |TAMS 0x0000000741c00000, 0x0000000741c00000| Untracked 
|  21|0x0000000741d00000, 0x0000000741d00000, 0x0000000741e00000|  0%| F|  |TAMS 0x0000000741d00000, 0x0000000741d00000| Untracked 
|  22|0x0000000741e00000, 0x0000000741e00000, 0x0000000741f00000|  0%| F|  |TAMS 0x0000000741e00000, 0x0000000741e00000| Untracked 
|  23|0x0000000741f00000, 0x0000000741f00000, 0x0000000742000000|  0%| F|  |TAMS 0x0000000741f00000, 0x0000000741f00000| Untracked 
|  24|0x0000000742000000, 0x0000000742000000, 0x0000000742100000|  0%| F|  |TAMS 0x0000000742000000, 0x0000000742000000| Untracked 
|  25|0x0000000742100000, 0x0000000742100000, 0x0000000742200000|  0%| F|  |TAMS 0x0000000742100000, 0x0000000742100000| Untracked 
|  26|0x0000000742200000, 0x0000000742200000, 0x0000000742300000|  0%| F|  |TAMS 0x0000000742200000, 0x0000000742200000| Untracked 
|  27|0x0000000742300000, 0x0000000742300000, 0x0000000742400000|  0%| F|  |TAMS 0x0000000742300000, 0x0000000742300000| Untracked 
|  28|0x0000000742400000, 0x0000000742400000, 0x0000000742500000|  0%| F|  |TAMS 0x0000000742400000, 0x0000000742400000| Untracked 
|  29|0x0000000742500000, 0x0000000742500000, 0x0000000742600000|  0%| F|  |TAMS 0x0000000742500000, 0x0000000742500000| Untracked 
|  30|0x0000000742600000, 0x0000000742600000, 0x0000000742700000|  0%| F|  |TAMS 0x0000000742600000, 0x0000000742600000| Untracked 
|  31|0x0000000742700000, 0x0000000742700000, 0x0000000742800000|  0%| F|  |TAMS 0x0000000742700000, 0x0000000742700000| Untracked 
|  32|0x0000000742800000, 0x0000000742800000, 0x0000000742900000|  0%| F|  |TAMS 0x0000000742800000, 0x0000000742800000| Untracked 
|  33|0x0000000742900000, 0x0000000742900000, 0x0000000742a00000|  0%| F|  |TAMS 0x0000000742900000, 0x0000000742900000| Untracked 
|  34|0x0000000742a00000, 0x0000000742a00000, 0x0000000742b00000|  0%| F|  |TAMS 0x0000000742a00000, 0x0000000742a00000| Untracked 
|  35|0x0000000742b00000, 0x0000000742b00000, 0x0000000742c00000|  0%| F|  |TAMS 0x0000000742b00000, 0x0000000742b00000| Untracked 
|  36|0x0000000742c00000, 0x0000000742c00000, 0x0000000742d00000|  0%| F|  |TAMS 0x0000000742c00000, 0x0000000742c00000| Untracked 
|  37|0x0000000742d00000, 0x0000000742d00000, 0x0000000742e00000|  0%| F|  |TAMS 0x0000000742d00000, 0x0000000742d00000| Untracked 
|  38|0x0000000742e00000, 0x0000000742e00000, 0x0000000742f00000|  0%| F|  |TAMS 0x0000000742e00000, 0x0000000742e00000| Untracked 
|  39|0x0000000742f00000, 0x0000000742f00000, 0x0000000743000000|  0%| F|  |TAMS 0x0000000742f00000, 0x0000000742f00000| Untracked 
|  40|0x0000000743000000, 0x0000000743000000, 0x0000000743100000|  0%| F|  |TAMS 0x0000000743000000, 0x0000000743000000| Untracked 
|  41|0x0000000743100000, 0x0000000743100000, 0x0000000743200000|  0%| F|  |TAMS 0x0000000743100000, 0x0000000743100000| Untracked 
|  42|0x0000000743200000, 0x0000000743200000, 0x0000000743300000|  0%| F|  |TAMS 0x0000000743200000, 0x0000000743200000| Untracked 
|  43|0x0000000743300000, 0x0000000743300000, 0x0000000743400000|  0%| F|  |TAMS 0x0000000743300000, 0x0000000743300000| Untracked 
|  44|0x0000000743400000, 0x0000000743400000, 0x0000000743500000|  0%| F|  |TAMS 0x0000000743400000, 0x0000000743400000| Untracked 
|  45|0x0000000743500000, 0x0000000743500000, 0x0000000743600000|  0%| F|  |TAMS 0x0000000743500000, 0x0000000743500000| Untracked 
|  46|0x0000000743600000, 0x0000000743600000, 0x0000000743700000|  0%| F|  |TAMS 0x0000000743600000, 0x0000000743600000| Untracked 
|  47|0x0000000743700000, 0x0000000743700000, 0x0000000743800000|  0%| F|  |TAMS 0x0000000743700000, 0x0000000743700000| Untracked 
|  48|0x0000000743800000, 0x0000000743800000, 0x0000000743900000|  0%| F|  |TAMS 0x0000000743800000, 0x0000000743800000| Untracked 
|  49|0x0000000743900000, 0x0000000743900000, 0x0000000743a00000|  0%| F|  |TAMS 0x0000000743900000, 0x0000000743900000| Untracked 
|  50|0x0000000743a00000, 0x0000000743a00000, 0x0000000743b00000|  0%| F|  |TAMS 0x0000000743a00000, 0x0000000743a00000| Untracked 
|  51|0x0000000743b00000, 0x0000000743b00000, 0x0000000743c00000|  0%| F|  |TAMS 0x0000000743b00000, 0x0000000743b00000| Untracked 
|  52|0x0000000743c00000, 0x0000000743c00000, 0x0000000743d00000|  0%| F|  |TAMS 0x0000000743c00000, 0x0000000743c00000| Untracked 
|  53|0x0000000743d00000, 0x0000000743d00000, 0x0000000743e00000|  0%| F|  |TAMS 0x0000000743d00000, 0x0000000743d00000| Untracked 
|  54|0x0000000743e00000, 0x0000000743e00000, 0x0000000743f00000|  0%| F|  |TAMS 0x0000000743e00000, 0x0000000743e00000| Untracked 
|  55|0x0000000743f00000, 0x0000000743f00000, 0x0000000744000000|  0%| F|  |TAMS 0x0000000743f00000, 0x0000000743f00000| Untracked 
|  56|0x0000000744000000, 0x0000000744000000, 0x0000000744100000|  0%| F|  |TAMS 0x0000000744000000, 0x0000000744000000| Untracked 
|  57|0x0000000744100000, 0x0000000744100000, 0x0000000744200000|  0%| F|  |TAMS 0x0000000744100000, 0x0000000744100000| Untracked 
|  58|0x0000000744200000, 0x0000000744200000, 0x0000000744300000|  0%| F|  |TAMS 0x0000000744200000, 0x0000000744200000| Untracked 
|  59|0x0000000744300000, 0x0000000744300000, 0x0000000744400000|  0%| F|  |TAMS 0x0000000744300000, 0x0000000744300000| Untracked 
|  60|0x0000000744400000, 0x0000000744400000, 0x0000000744500000|  0%| F|  |TAMS 0x0000000744400000, 0x0000000744400000| Untracked 
|  61|0x0000000744500000, 0x0000000744500000, 0x0000000744600000|  0%| F|  |TAMS 0x0000000744500000, 0x0000000744500000| Untracked 
|  62|0x0000000744600000, 0x0000000744600000, 0x0000000744700000|  0%| F|  |TAMS 0x0000000744600000, 0x0000000744600000| Untracked 
|  63|0x0000000744700000, 0x0000000744700000, 0x0000000744800000|  0%| F|  |TAMS 0x0000000744700000, 0x0000000744700000| Untracked 
|  64|0x0000000744800000, 0x0000000744800000, 0x0000000744900000|  0%| F|  |TAMS 0x0000000744800000, 0x0000000744800000| Untracked 
|  65|0x0000000744900000, 0x0000000744900000, 0x0000000744a00000|  0%| F|  |TAMS 0x0000000744900000, 0x0000000744900000| Untracked 
|  66|0x0000000744a00000, 0x0000000744a00000, 0x0000000744b00000|  0%| F|  |TAMS 0x0000000744a00000, 0x0000000744a00000| Untracked 
|  67|0x0000000744b00000, 0x0000000744b00000, 0x0000000744c00000|  0%| F|  |TAMS 0x0000000744b00000, 0x0000000744b00000| Untracked 
|  68|0x0000000744c00000, 0x0000000744c00000, 0x0000000744d00000|  0%| F|  |TAMS 0x0000000744c00000, 0x0000000744c00000| Untracked 
|  69|0x0000000744d00000, 0x0000000744d00000, 0x0000000744e00000|  0%| F|  |TAMS 0x0000000744d00000, 0x0000000744d00000| Untracked 
|  70|0x0000000744e00000, 0x0000000744e00000, 0x0000000744f00000|  0%| F|  |TAMS 0x0000000744e00000, 0x0000000744e00000| Untracked 
|  71|0x0000000744f00000, 0x0000000744f00000, 0x0000000745000000|  0%| F|  |TAMS 0x0000000744f00000, 0x0000000744f00000| Untracked 
|  72|0x0000000745000000, 0x0000000745000000, 0x0000000745100000|  0%| F|  |TAMS 0x0000000745000000, 0x0000000745000000| Untracked 
|  73|0x0000000745100000, 0x0000000745100000, 0x0000000745200000|  0%| F|  |TAMS 0x0000000745100000, 0x0000000745100000| Untracked 
|  74|0x0000000745200000, 0x0000000745200000, 0x0000000745300000|  0%| F|  |TAMS 0x0000000745200000, 0x0000000745200000| Untracked 
|  75|0x0000000745300000, 0x0000000745300000, 0x0000000745400000|  0%| F|  |TAMS 0x0000000745300000, 0x0000000745300000| Untracked 
|  76|0x0000000745400000, 0x0000000745400000, 0x0000000745500000|  0%| F|  |TAMS 0x0000000745400000, 0x0000000745400000| Untracked 
|  77|0x0000000745500000, 0x0000000745500000, 0x0000000745600000|  0%| F|  |TAMS 0x0000000745500000, 0x0000000745500000| Untracked 
|  78|0x0000000745600000, 0x0000000745600000, 0x0000000745700000|  0%| F|  |TAMS 0x0000000745600000, 0x0000000745600000| Untracked 
|  79|0x0000000745700000, 0x0000000745700000, 0x0000000745800000|  0%| F|  |TAMS 0x0000000745700000, 0x0000000745700000| Untracked 
|  80|0x0000000745800000, 0x0000000745800000, 0x0000000745900000|  0%| F|  |TAMS 0x0000000745800000, 0x0000000745800000| Untracked 
|  81|0x0000000745900000, 0x0000000745900000, 0x0000000745a00000|  0%| F|  |TAMS 0x0000000745900000, 0x0000000745900000| Untracked 
|  82|0x0000000745a00000, 0x0000000745a00000, 0x0000000745b00000|  0%| F|  |TAMS 0x0000000745a00000, 0x0000000745a00000| Untracked 
|  83|0x0000000745b00000, 0x0000000745b00000, 0x0000000745c00000|  0%| F|  |TAMS 0x0000000745b00000, 0x0000000745b00000| Untracked 
|  84|0x0000000745c00000, 0x0000000745c00000, 0x0000000745d00000|  0%| F|  |TAMS 0x0000000745c00000, 0x0000000745c00000| Untracked 
|  85|0x0000000745d00000, 0x0000000745dce0c0, 0x0000000745e00000| 80%| S|CS|TAMS 0x0000000745d00000, 0x0000000745d00000| Complete 
|  86|0x0000000745e00000, 0x0000000745f00000, 0x0000000745f00000|100%| S|CS|TAMS 0x0000000745e00000, 0x0000000745e00000| Complete 
|  87|0x0000000745f00000, 0x0000000746000000, 0x0000000746000000|100%| S|CS|TAMS 0x0000000745f00000, 0x0000000745f00000| Complete 
|  88|0x0000000746000000, 0x0000000746100000, 0x0000000746100000|100%| S|CS|TAMS 0x0000000746000000, 0x0000000746000000| Complete 
|  89|0x0000000746100000, 0x0000000746200000, 0x0000000746200000|100%| S|CS|TAMS 0x0000000746100000, 0x0000000746100000| Complete 
|  90|0x0000000746200000, 0x0000000746300000, 0x0000000746300000|100%| S|CS|TAMS 0x0000000746200000, 0x0000000746200000| Complete 
|  91|0x0000000746300000, 0x0000000746400000, 0x0000000746400000|100%| S|CS|TAMS 0x0000000746300000, 0x0000000746300000| Complete 
|  92|0x0000000746400000, 0x0000000746500000, 0x0000000746500000|100%| S|CS|TAMS 0x0000000746400000, 0x0000000746400000| Complete 
|  93|0x0000000746500000, 0x0000000746500000, 0x0000000746600000|  0%| F|  |TAMS 0x0000000746500000, 0x0000000746500000| Untracked 
|  94|0x0000000746600000, 0x0000000746600000, 0x0000000746700000|  0%| F|  |TAMS 0x0000000746600000, 0x0000000746600000| Untracked 
|  95|0x0000000746700000, 0x0000000746700000, 0x0000000746800000|  0%| F|  |TAMS 0x0000000746700000, 0x0000000746700000| Untracked 
|  96|0x0000000746800000, 0x0000000746800000, 0x0000000746900000|  0%| F|  |TAMS 0x0000000746800000, 0x0000000746800000| Untracked 
|  97|0x0000000746900000, 0x0000000746900000, 0x0000000746a00000|  0%| F|  |TAMS 0x0000000746900000, 0x0000000746900000| Untracked 
|  98|0x0000000746a00000, 0x0000000746a00000, 0x0000000746b00000|  0%| F|  |TAMS 0x0000000746a00000, 0x0000000746a00000| Untracked 
|  99|0x0000000746b00000, 0x0000000746b00000, 0x0000000746c00000|  0%| F|  |TAMS 0x0000000746b00000, 0x0000000746b00000| Untracked 
| 100|0x0000000746c00000, 0x0000000746c00000, 0x0000000746d00000|  0%| F|  |TAMS 0x0000000746c00000, 0x0000000746c00000| Untracked 
| 101|0x0000000746d00000, 0x0000000746d00000, 0x0000000746e00000|  0%| F|  |TAMS 0x0000000746d00000, 0x0000000746d00000| Untracked 
| 102|0x0000000746e00000, 0x0000000746e00000, 0x0000000746f00000|  0%| F|  |TAMS 0x0000000746e00000, 0x0000000746e00000| Untracked 
| 103|0x0000000746f00000, 0x0000000747000000, 0x0000000747000000|100%| S|CS|TAMS 0x0000000746f00000, 0x0000000746f00000| Complete 
| 104|0x0000000747000000, 0x0000000747100000, 0x0000000747100000|100%| S|CS|TAMS 0x0000000747000000, 0x0000000747000000| Complete 
| 105|0x0000000747100000, 0x0000000747100000, 0x0000000747200000|  0%| F|  |TAMS 0x0000000747100000, 0x0000000747100000| Untracked 
| 106|0x0000000747200000, 0x0000000747200000, 0x0000000747300000|  0%| F|  |TAMS 0x0000000747200000, 0x0000000747200000| Untracked 
| 107|0x0000000747300000, 0x0000000747300000, 0x0000000747400000|  0%| F|  |TAMS 0x0000000747300000, 0x0000000747300000| Untracked 
| 108|0x0000000747400000, 0x0000000747400000, 0x0000000747500000|  0%| F|  |TAMS 0x0000000747400000, 0x0000000747400000| Untracked 
| 109|0x0000000747500000, 0x0000000747500000, 0x0000000747600000|  0%| F|  |TAMS 0x0000000747500000, 0x0000000747500000| Untracked 
| 110|0x0000000747600000, 0x0000000747600000, 0x0000000747700000|  0%| F|  |TAMS 0x0000000747600000, 0x0000000747600000| Untracked 
| 111|0x0000000747700000, 0x0000000747700000, 0x0000000747800000|  0%| F|  |TAMS 0x0000000747700000, 0x0000000747700000| Untracked 
| 112|0x0000000747800000, 0x0000000747800000, 0x0000000747900000|  0%| F|  |TAMS 0x0000000747800000, 0x0000000747800000| Untracked 
| 113|0x0000000747900000, 0x0000000747900000, 0x0000000747a00000|  0%| F|  |TAMS 0x0000000747900000, 0x0000000747900000| Untracked 
| 114|0x0000000747a00000, 0x0000000747a00000, 0x0000000747b00000|  0%| F|  |TAMS 0x0000000747a00000, 0x0000000747a00000| Untracked 
| 115|0x0000000747b00000, 0x0000000747b00000, 0x0000000747c00000|  0%| F|  |TAMS 0x0000000747b00000, 0x0000000747b00000| Untracked 
| 116|0x0000000747c00000, 0x0000000747c00000, 0x0000000747d00000|  0%| F|  |TAMS 0x0000000747c00000, 0x0000000747c00000| Untracked 
| 117|0x0000000747d00000, 0x0000000747d00000, 0x0000000747e00000|  0%| F|  |TAMS 0x0000000747d00000, 0x0000000747d00000| Untracked 
| 118|0x0000000747e00000, 0x0000000747e00000, 0x0000000747f00000|  0%| F|  |TAMS 0x0000000747e00000, 0x0000000747e00000| Untracked 
| 119|0x0000000747f00000, 0x0000000747f00000, 0x0000000748000000|  0%| F|  |TAMS 0x0000000747f00000, 0x0000000747f00000| Untracked 
| 120|0x0000000748000000, 0x0000000748000000, 0x0000000748100000|  0%| F|  |TAMS 0x0000000748000000, 0x0000000748000000| Untracked 
| 121|0x0000000748100000, 0x0000000748100000, 0x0000000748200000|  0%| F|  |TAMS 0x0000000748100000, 0x0000000748100000| Untracked 
| 122|0x0000000748200000, 0x0000000748200000, 0x0000000748300000|  0%| F|  |TAMS 0x0000000748200000, 0x0000000748200000| Untracked 
| 123|0x0000000748300000, 0x0000000748300000, 0x0000000748400000|  0%| F|  |TAMS 0x0000000748300000, 0x0000000748300000| Untracked 
| 124|0x0000000748400000, 0x0000000748400000, 0x0000000748500000|  0%| F|  |TAMS 0x0000000748400000, 0x0000000748400000| Untracked 
| 125|0x0000000748500000, 0x0000000748500000, 0x0000000748600000|  0%| F|  |TAMS 0x0000000748500000, 0x0000000748500000| Untracked 
| 126|0x0000000748600000, 0x0000000748600000, 0x0000000748700000|  0%| F|  |TAMS 0x0000000748600000, 0x0000000748600000| Untracked 
| 127|0x0000000748700000, 0x0000000748700000, 0x0000000748800000|  0%| F|  |TAMS 0x0000000748700000, 0x0000000748700000| Untracked 
| 128|0x0000000748800000, 0x0000000748800000, 0x0000000748900000|  0%| F|  |TAMS 0x0000000748800000, 0x0000000748800000| Untracked 
| 129|0x0000000748900000, 0x0000000748900000, 0x0000000748a00000|  0%| F|  |TAMS 0x0000000748900000, 0x0000000748900000| Untracked 
| 130|0x0000000748a00000, 0x0000000748a00000, 0x0000000748b00000|  0%| F|  |TAMS 0x0000000748a00000, 0x0000000748a00000| Untracked 
| 131|0x0000000748b00000, 0x0000000748b00000, 0x0000000748c00000|  0%| F|  |TAMS 0x0000000748b00000, 0x0000000748b00000| Untracked 
| 132|0x0000000748c00000, 0x0000000748c00000, 0x0000000748d00000|  0%| F|  |TAMS 0x0000000748c00000, 0x0000000748c00000| Untracked 
| 133|0x0000000748d00000, 0x0000000748d00000, 0x0000000748e00000|  0%| F|  |TAMS 0x0000000748d00000, 0x0000000748d00000| Untracked 
| 134|0x0000000748e00000, 0x0000000748e00000, 0x0000000748f00000|  0%| F|  |TAMS 0x0000000748e00000, 0x0000000748e00000| Untracked 
| 135|0x0000000748f00000, 0x0000000748f00000, 0x0000000749000000|  0%| F|  |TAMS 0x0000000748f00000, 0x0000000748f00000| Untracked 
| 136|0x0000000749000000, 0x0000000749000000, 0x0000000749100000|  0%| F|  |TAMS 0x0000000749000000, 0x0000000749000000| Untracked 
| 137|0x0000000749100000, 0x0000000749100000, 0x0000000749200000|  0%| F|  |TAMS 0x0000000749100000, 0x0000000749100000| Untracked 
| 138|0x0000000749200000, 0x0000000749200000, 0x0000000749300000|  0%| F|  |TAMS 0x0000000749200000, 0x0000000749200000| Untracked 
| 139|0x0000000749300000, 0x0000000749300000, 0x0000000749400000|  0%| F|  |TAMS 0x0000000749300000, 0x0000000749300000| Untracked 
| 140|0x0000000749400000, 0x0000000749400000, 0x0000000749500000|  0%| F|  |TAMS 0x0000000749400000, 0x0000000749400000| Untracked 
| 141|0x0000000749500000, 0x0000000749500000, 0x0000000749600000|  0%| F|  |TAMS 0x0000000749500000, 0x0000000749500000| Untracked 
| 142|0x0000000749600000, 0x0000000749600000, 0x0000000749700000|  0%| F|  |TAMS 0x0000000749600000, 0x0000000749600000| Untracked 
| 143|0x0000000749700000, 0x0000000749700000, 0x0000000749800000|  0%| F|  |TAMS 0x0000000749700000, 0x0000000749700000| Untracked 
| 144|0x0000000749800000, 0x0000000749800000, 0x0000000749900000|  0%| F|  |TAMS 0x0000000749800000, 0x0000000749800000| Untracked 
| 145|0x0000000749900000, 0x0000000749900000, 0x0000000749a00000|  0%| F|  |TAMS 0x0000000749900000, 0x0000000749900000| Untracked 
| 146|0x0000000749a00000, 0x0000000749a00000, 0x0000000749b00000|  0%| F|  |TAMS 0x0000000749a00000, 0x0000000749a00000| Untracked 
| 147|0x0000000749b00000, 0x0000000749b00000, 0x0000000749c00000|  0%| F|  |TAMS 0x0000000749b00000, 0x0000000749b00000| Untracked 
| 148|0x0000000749c00000, 0x0000000749c00000, 0x0000000749d00000|  0%| F|  |TAMS 0x0000000749c00000, 0x0000000749c00000| Untracked 
| 149|0x0000000749d00000, 0x0000000749d00000, 0x0000000749e00000|  0%| F|  |TAMS 0x0000000749d00000, 0x0000000749d00000| Untracked 
| 150|0x0000000749e00000, 0x0000000749e00000, 0x0000000749f00000|  0%| F|  |TAMS 0x0000000749e00000, 0x0000000749e00000| Untracked 
| 151|0x0000000749f00000, 0x0000000749f00000, 0x000000074a000000|  0%| F|  |TAMS 0x0000000749f00000, 0x0000000749f00000| Untracked 
| 152|0x000000074a000000, 0x000000074a000000, 0x000000074a100000|  0%| F|  |TAMS 0x000000074a000000, 0x000000074a000000| Untracked 
| 153|0x000000074a100000, 0x000000074a100000, 0x000000074a200000|  0%| F|  |TAMS 0x000000074a100000, 0x000000074a100000| Untracked 
| 154|0x000000074a200000, 0x000000074a200000, 0x000000074a300000|  0%| F|  |TAMS 0x000000074a200000, 0x000000074a200000| Untracked 
| 155|0x000000074a300000, 0x000000074a300000, 0x000000074a400000|  0%| F|  |TAMS 0x000000074a300000, 0x000000074a300000| Untracked 
| 156|0x000000074a400000, 0x000000074a400000, 0x000000074a500000|  0%| F|  |TAMS 0x000000074a400000, 0x000000074a400000| Untracked 
| 157|0x000000074a500000, 0x000000074a500000, 0x000000074a600000|  0%| F|  |TAMS 0x000000074a500000, 0x000000074a500000| Untracked 
| 158|0x000000074a600000, 0x000000074a600000, 0x000000074a700000|  0%| F|  |TAMS 0x000000074a600000, 0x000000074a600000| Untracked 
| 159|0x000000074a700000, 0x000000074a700000, 0x000000074a800000|  0%| F|  |TAMS 0x000000074a700000, 0x000000074a700000| Untracked 
| 160|0x000000074a800000, 0x000000074a800000, 0x000000074a900000|  0%| F|  |TAMS 0x000000074a800000, 0x000000074a800000| Untracked 
| 161|0x000000074a900000, 0x000000074a900000, 0x000000074aa00000|  0%| F|  |TAMS 0x000000074a900000, 0x000000074a900000| Untracked 
| 162|0x000000074aa00000, 0x000000074aa00000, 0x000000074ab00000|  0%| F|  |TAMS 0x000000074aa00000, 0x000000074aa00000| Untracked 
| 163|0x000000074ab00000, 0x000000074ab00000, 0x000000074ac00000|  0%| F|  |TAMS 0x000000074ab00000, 0x000000074ab00000| Untracked 
| 164|0x000000074ac00000, 0x000000074ac00000, 0x000000074ad00000|  0%| F|  |TAMS 0x000000074ac00000, 0x000000074ac00000| Untracked 
| 165|0x000000074ad00000, 0x000000074ad00000, 0x000000074ae00000|  0%| F|  |TAMS 0x000000074ad00000, 0x000000074ad00000| Untracked 
| 166|0x000000074ae00000, 0x000000074ae00000, 0x000000074af00000|  0%| F|  |TAMS 0x000000074ae00000, 0x000000074ae00000| Untracked 
| 167|0x000000074af00000, 0x000000074af00000, 0x000000074b000000|  0%| F|  |TAMS 0x000000074af00000, 0x000000074af00000| Untracked 
| 168|0x000000074b000000, 0x000000074b000000, 0x000000074b100000|  0%| F|  |TAMS 0x000000074b000000, 0x000000074b000000| Untracked 
| 169|0x000000074b100000, 0x000000074b100000, 0x000000074b200000|  0%| F|  |TAMS 0x000000074b100000, 0x000000074b100000| Untracked 
| 170|0x000000074b200000, 0x000000074b200000, 0x000000074b300000|  0%| F|  |TAMS 0x000000074b200000, 0x000000074b200000| Untracked 
| 171|0x000000074b300000, 0x000000074b300000, 0x000000074b400000|  0%| F|  |TAMS 0x000000074b300000, 0x000000074b300000| Untracked 
| 172|0x000000074b400000, 0x000000074b400000, 0x000000074b500000|  0%| F|  |TAMS 0x000000074b400000, 0x000000074b400000| Untracked 
| 173|0x000000074b500000, 0x000000074b500000, 0x000000074b600000|  0%| F|  |TAMS 0x000000074b500000, 0x000000074b500000| Untracked 
| 174|0x000000074b600000, 0x000000074b600000, 0x000000074b700000|  0%| F|  |TAMS 0x000000074b600000, 0x000000074b600000| Untracked 
| 175|0x000000074b700000, 0x000000074b700000, 0x000000074b800000|  0%| F|  |TAMS 0x000000074b700000, 0x000000074b700000| Untracked 
| 176|0x000000074b800000, 0x000000074b800000, 0x000000074b900000|  0%| F|  |TAMS 0x000000074b800000, 0x000000074b800000| Untracked 
| 177|0x000000074b900000, 0x000000074b900000, 0x000000074ba00000|  0%| F|  |TAMS 0x000000074b900000, 0x000000074b900000| Untracked 
| 178|0x000000074ba00000, 0x000000074ba00000, 0x000000074bb00000|  0%| F|  |TAMS 0x000000074ba00000, 0x000000074ba00000| Untracked 
| 179|0x000000074bb00000, 0x000000074bb00000, 0x000000074bc00000|  0%| F|  |TAMS 0x000000074bb00000, 0x000000074bb00000| Untracked 
| 180|0x000000074bc00000, 0x000000074bc00000, 0x000000074bd00000|  0%| F|  |TAMS 0x000000074bc00000, 0x000000074bc00000| Untracked 
| 181|0x000000074bd00000, 0x000000074bd00000, 0x000000074be00000|  0%| F|  |TAMS 0x000000074bd00000, 0x000000074bd00000| Untracked 
| 182|0x000000074be00000, 0x000000074be00000, 0x000000074bf00000|  0%| F|  |TAMS 0x000000074be00000, 0x000000074be00000| Untracked 
| 183|0x000000074bf00000, 0x000000074bf00000, 0x000000074c000000|  0%| F|  |TAMS 0x000000074bf00000, 0x000000074bf00000| Untracked 
| 184|0x000000074c000000, 0x000000074c000000, 0x000000074c100000|  0%| F|  |TAMS 0x000000074c000000, 0x000000074c000000| Untracked 
| 185|0x000000074c100000, 0x000000074c100000, 0x000000074c200000|  0%| F|  |TAMS 0x000000074c100000, 0x000000074c100000| Untracked 
| 186|0x000000074c200000, 0x000000074c200000, 0x000000074c300000|  0%| F|  |TAMS 0x000000074c200000, 0x000000074c200000| Untracked 
| 187|0x000000074c300000, 0x000000074c300000, 0x000000074c400000|  0%| F|  |TAMS 0x000000074c300000, 0x000000074c300000| Untracked 
| 188|0x000000074c400000, 0x000000074c400000, 0x000000074c500000|  0%| F|  |TAMS 0x000000074c400000, 0x000000074c400000| Untracked 
| 189|0x000000074c500000, 0x000000074c500000, 0x000000074c600000|  0%| F|  |TAMS 0x000000074c500000, 0x000000074c500000| Untracked 
| 190|0x000000074c600000, 0x000000074c600000, 0x000000074c700000|  0%| F|  |TAMS 0x000000074c600000, 0x000000074c600000| Untracked 
| 191|0x000000074c700000, 0x000000074c700000, 0x000000074c800000|  0%| F|  |TAMS 0x000000074c700000, 0x000000074c700000| Untracked 

Card table byte_map: [0x000001bf41a20000,0x000001bf42020000] _byte_map_base: 0x000001bf3e01c000

Marking Bits (Prev, Next): (CMBitMap*) 0x000001bf2a155538, (CMBitMap*) 0x000001bf2a155570
 Prev Bits: [0x000001bf42620000, 0x000001bf45600000)
 Next Bits: [0x000001bf45600000, 0x000001bf485e0000)

Polling page: 0x000001bf27f30000

Metaspace:

Usage:
  Non-class:     41.53 MB capacity,    40.85 MB ( 98%) used,   551.13 KB (  1%) free+waste,   139.94 KB ( <1%) overhead. 
      Class:      6.01 MB capacity,     5.54 MB ( 92%) used,   416.34 KB (  7%) free+waste,    65.19 KB (  1%) overhead. 
       Both:     47.54 MB capacity,    46.39 MB ( 98%) used,   967.48 KB (  2%) free+waste,   205.13 KB ( <1%) overhead. 

Virtual space:
  Non-class space:       42.00 MB reserved,      41.75 MB (>99%) committed 
      Class space:        1.00 GB reserved,       6.07 MB ( <1%) committed 
             Both:        1.04 GB reserved,      47.82 MB (  4%) committed 

Chunk freelists:
   Non-Class:  4.63 KB
       Class:  2.75 KB
        Both:  7.38 KB

CodeHeap 'non-profiled nmethods': size=120064Kb used=2644Kb max_used=2644Kb free=117419Kb
 bounds [0x000001bf39ee0000, 0x000001bf3a180000, 0x000001bf41420000]
CodeHeap 'profiled nmethods': size=120000Kb used=11485Kb max_used=11485Kb free=108515Kb
 bounds [0x000001bf329b0000, 0x000001bf334f0000, 0x000001bf39ee0000]
CodeHeap 'non-nmethods': size=5696Kb used=1172Kb max_used=1214Kb free=4524Kb
 bounds [0x000001bf32420000, 0x000001bf32690000, 0x000001bf329b0000]
 total_blobs=6102 nmethods=4393 adapters=419
 compilation: enabled
              stopped_count=0, restarted_count=0
 full_count=0

Compilation events (10 events):
Event: 6.765 Thread 0x000001bf4b39a000 4525       3       java.lang.String::lastIndexOf (18 bytes)
Event: 6.765 Thread 0x000001bf4b39a000 nmethod 4525 0x000001bf334e6e90 code [0x000001bf334e7060, 0x000001bf334e7390]
Event: 6.765 Thread 0x000001bf4b39a000 4526       3       java.lang.String::lastIndexOf (104 bytes)
Event: 6.766 Thread 0x000001bf4b39a000 nmethod 4526 0x000001bf334e7510 code [0x000001bf334e7720, 0x000001bf334e7c50]
Event: 6.766 Thread 0x000001bf4b39a000 4527       3       java.lang.Thread::interrupted (8 bytes)
Event: 6.766 Thread 0x000001bf4b39a000 nmethod 4527 0x000001bf334e7e10 code [0x000001bf334e7fc0, 0x000001bf334e8150]
Event: 6.766 Thread 0x000001bf4b39a000 4528       3       org.postgresql.PGProperty::get (13 bytes)
Event: 6.766 Thread 0x000001bf4b39a000 nmethod 4528 0x000001bf334e8210 code [0x000001bf334e83e0, 0x000001bf334e8630]
Event: 6.800 Thread 0x000001bf4c645000 nmethod 4513 0x000001bf3a170090 code [0x000001bf3a1703c0, 0x000001bf3a173d40]
Event: 6.800 Thread 0x000001bf4c645000 4521       4       java.util.HashMap::resize (356 bytes)

GC Heap History (10 events):
Event: 2.229 GC heap after
{Heap after GC invocations=4 (full 0):
 garbage-first heap   total 196608K, used 9547K [0x0000000740800000, 0x0000000800000000)
  region size 1024K, 1 young (1024K), 1 survivors (1024K)
 Metaspace       used 22351K, capacity 22843K, committed 23040K, reserved 1069056K
  class space    used 2546K, capacity 2728K, committed 2816K, reserved 1048576K
}
Event: 3.356 GC heap before
{Heap before GC invocations=4 (full 0):
 garbage-first heap   total 196608K, used 55627K [0x0000000740800000, 0x0000000800000000)
  region size 1024K, 46 young (47104K), 1 survivors (1024K)
 Metaspace       used 30131K, capacity 30878K, committed 30976K, reserved 1077248K
  class space    used 3462K, capacity 3749K, committed 3840K, reserved 1048576K
}
Event: 3.360 GC heap after
{Heap after GC invocations=5 (full 0):
 garbage-first heap   total 196608K, used 11840K [0x0000000740800000, 0x0000000800000000)
  region size 1024K, 3 young (3072K), 3 survivors (3072K)
 Metaspace       used 30131K, capacity 30878K, committed 30976K, reserved 1077248K
  class space    used 3462K, capacity 3749K, committed 3840K, reserved 1048576K
}
Event: 4.098 GC heap before
{Heap before GC invocations=5 (full 0):
 garbage-first heap   total 196608K, used 87616K [0x0000000740800000, 0x0000000800000000)
  region size 1024K, 78 young (79872K), 3 survivors (3072K)
 Metaspace       used 32380K, capacity 33179K, committed 33280K, reserved 1079296K
  class space    used 3754K, capacity 4058K, committed 4096K, reserved 1048576K
}
Event: 4.103 GC heap after
{Heap after GC invocations=6 (full 0):
 garbage-first heap   total 196608K, used 13884K [0x0000000740800000, 0x0000000800000000)
  region size 1024K, 5 young (5120K), 5 survivors (5120K)
 Metaspace       used 32380K, capacity 33179K, committed 33280K, reserved 1079296K
  class space    used 3754K, capacity 4058K, committed 4096K, reserved 1048576K
}
Event: 4.565 GC heap before
{Heap before GC invocations=6 (full 0):
 garbage-first heap   total 196608K, used 35388K [0x0000000740800000, 0x0000000800000000)
  region size 1024K, 27 young (27648K), 5 survivors (5120K)
 Metaspace       used 34960K, capacity 35793K, committed 35840K, reserved 1081344K
  class space    used 4109K, capacity 4479K, committed 4480K, reserved 1048576K
}
Event: 4.575 GC heap after
{Heap after GC invocations=7 (full 0):
 garbage-first heap   total 196608K, used 15465K [0x0000000740800000, 0x0000000800000000)
  region size 1024K, 7 young (7168K), 7 survivors (7168K)
 Metaspace       used 34960K, capacity 35793K, committed 35840K, reserved 1081344K
  class space    used 4109K, capacity 4479K, committed 4480K, reserved 1048576K
}
Event: 5.546 GC heap before
{Heap before GC invocations=8 (full 0):
 garbage-first heap   total 196608K, used 98409K [0x0000000740800000, 0x0000000800000000)
  region size 1024K, 89 young (91136K), 7 survivors (7168K)
 Metaspace       used 39980K, capacity 41093K, committed 41292K, reserved 1085440K
  class space    used 4722K, capacity 5165K, committed 5196K, reserved 1048576K
}
Event: 5.555 GC heap after
{Heap after GC invocations=9 (full 0):
 garbage-first heap   total 196608K, used 18667K [0x0000000740800000, 0x0000000800000000)
  region size 1024K, 10 young (10240K), 10 survivors (10240K)
 Metaspace       used 39980K, capacity 41093K, committed 41292K, reserved 1085440K
  class space    used 4722K, capacity 5165K, committed 5196K, reserved 1048576K
}
Event: 6.816 GC heap before
{Heap before GC invocations=9 (full 0):
 garbage-first heap   total 196608K, used 106731K [0x0000000740800000, 0x0000000800000000)
  region size 1024K, 97 young (99328K), 10 survivors (10240K)
 Metaspace       used 47504K, capacity 48677K, committed 48972K, reserved 1091584K
  class space    used 5672K, capacity 6154K, committed 6220K, reserved 1048576K
}

Deoptimization events (10 events):
Event: 6.106 Thread 0x000001bf4c4e8000 Uncommon trap: reason=unstable_if action=reinterpret pc=0x000001bf3a00dfa4 method=org.springframework.util.ObjectUtils.nullSafeEquals(Ljava/lang/Object;Ljava/lang/Object;)Z @ 8 c2
Event: 6.106 Thread 0x000001bf4c4e8000 Uncommon trap: reason=unstable_if action=reinterpret pc=0x000001bf3a0efb48 method=org.springframework.boot.context.properties.source.ConfigurationPropertyName.equals(Ljava/lang/Object;)Z @ 8 c2
Event: 6.237 Thread 0x000001bf4c4e8000 Uncommon trap: reason=unstable_if action=reinterpret pc=0x000001bf3a109eb4 method=sun.nio.cs.UTF_8$Decoder.decodeArrayLoop(Ljava/nio/ByteBuffer;Ljava/nio/CharBuffer;)Ljava/nio/charset/CoderResult; @ 110 c2
Event: 6.255 Thread 0x000001bf4e32a800 Uncommon trap: reason=unstable_if action=reinterpret pc=0x000001bf3a132e20 method=java.net.URLStreamHandler.parseURL(Ljava/net/URL;Ljava/lang/String;II)V @ 57 c2
Event: 6.256 Thread 0x000001bf4c4e8000 Uncommon trap: reason=unstable_if action=reinterpret pc=0x000001bf3a0c0ae0 method=java.lang.String.valueOf(Ljava/lang/Object;)Ljava/lang/String; @ 1 c2
Event: 6.289 Thread 0x000001bf4c4e8000 Uncommon trap: reason=unstable_if action=reinterpret pc=0x000001bf3a00a6f8 method=sun.net.www.ParseUtil.encodePath(Ljava/lang/String;Z)Ljava/lang/String; @ 1 c2
Event: 6.289 Thread 0x000001bf4c4e8000 Uncommon trap: reason=unstable_if action=reinterpret pc=0x000001bf3a13bd5c method=java.net.URI.match(CJJ)Z @ 45 c2
Event: 6.289 Thread 0x000001bf4c4e8000 Uncommon trap: reason=unstable_if action=reinterpret pc=0x000001bf39f26b68 method=java.net.URI.match(CJJ)Z @ 19 c2
Event: 6.368 Thread 0x000001bf4c4e8000 Uncommon trap: reason=unstable_if action=reinterpret pc=0x000001bf39ef4c20 method=java.lang.CharacterDataLatin1.isWhitespace(I)Z @ 14 c2
Event: 6.555 Thread 0x000001bf4c4e8000 Uncommon trap: reason=unstable_if action=reinterpret pc=0x000001bf3a14b954 method=java.net.URL.<init>(Ljava/net/URL;Ljava/lang/String;Ljava/net/URLStreamHandler;)V @ 57 c2

Classes redefined (0 events):
No events

Internal exceptions (10 events):
Event: 6.116 Thread 0x000001bf4c4e8000 Implicit null exception at 0x000001bf32fc96bd to 0x000001bf32fc9caf
Event: 6.116 Thread 0x000001bf4c4e8000 Exception <a 'java/lang/NullPointerException'{0x00000007490544f8}> (0x00000007490544f8) thrown at [t:/workspace/open/src/hotspot/share/runtime/sharedRuntime.cpp, line 584]
Event: 6.116 Thread 0x000001bf4c4e8000 Implicit null exception at 0x000001bf32fc96bd to 0x000001bf32fc9caf
Event: 6.117 Thread 0x000001bf4c4e8000 Exception <a 'java/lang/NullPointerException'{0x0000000749055a38}> (0x0000000749055a38) thrown at [t:/workspace/open/src/hotspot/share/runtime/sharedRuntime.cpp, line 584]
Event: 6.117 Thread 0x000001bf4c4e8000 Implicit null exception at 0x000001bf32fc96bd to 0x000001bf32fc9caf
Event: 6.117 Thread 0x000001bf4c4e8000 Exception <a 'java/lang/NullPointerException'{0x0000000749056f80}> (0x0000000749056f80) thrown at [t:/workspace/open/src/hotspot/share/runtime/sharedRuntime.cpp, line 584]
Event: 6.117 Thread 0x000001bf4c4e8000 Implicit null exception at 0x000001bf32fc96bd to 0x000001bf32fc9caf
Event: 6.117 Thread 0x000001bf4c4e8000 Exception <a 'java/lang/NullPointerException'{0x0000000749058460}> (0x0000000749058460) thrown at [t:/workspace/open/src/hotspot/share/runtime/sharedRuntime.cpp, line 584]
Event: 6.216 Thread 0x000001bf4c4e8000 Exception <a 'java/lang/NoSuchMethodError'{0x0000000748a34540}: java.lang.invoke.DirectMethodHandle$Holder.invokeVirtual(Ljava/lang/Object;Ljava/lang/Object;I)Ljava/lang/Object;> (0x0000000748a34540) thrown at [t:/workspace/open/src/hotspot/share/interpre
Event: 6.474 Thread 0x000001bf4c4e8000 Exception <a 'java/lang/NoSuchMethodError'{0x0000000747f33920}: java.lang.invoke.DirectMethodHandle$Holder.invokeStaticInit(Ljava/lang/Object;Ljava/lang/Object;Ljava/lang/Object;Ljava/lang/Object;)Ljava/lang/Object;> (0x0000000747f33920) thrown at [t:/wor

Events (10 events):
Event: 6.813 loading class net/bytebuddy/matcher/ElementMatcher$Junction$Conjunction done
Event: 6.813 loading class net/bytebuddy/description/type/TypeDescription$ForLoadedType
Event: 6.813 loading class net/bytebuddy/description/type/TypeDescription$ForLoadedType done
Event: 6.814 loading class net/bytebuddy/description/type/TypeDescription$AbstractBase
Event: 6.814 loading class net/bytebuddy/description/type/TypeDescription$AbstractBase done
Event: 6.815 loading class net/bytebuddy/description/TypeVariableSource$AbstractBase
Event: 6.815 loading class net/bytebuddy/description/TypeVariableSource$AbstractBase done
Event: 6.816 loading class net/bytebuddy/description/annotation/AnnotationList
Event: 6.816 loading class net/bytebuddy/description/annotation/AnnotationList done
Event: 6.816 Executing VM operation: G1CollectForAllocation


Dynamic libraries:
0x00007ff7ddd20000 - 0x00007ff7ddd67000 	C:\Program Files\Java\jdk-11.0.1\bin\java.exe
0x00007ffcce3b0000 - 0x00007ffcce591000 	C:\Windows\SYSTEM32\ntdll.dll
0x00007ffccde80000 - 0x00007ffccdf31000 	C:\Windows\System32\KERNEL32.DLL
0x00007ffccb5b0000 - 0x00007ffccb823000 	C:\Windows\System32\KERNELBASE.dll
0x00007ffccceb0000 - 0x00007ffcccf51000 	C:\Windows\System32\ADVAPI32.dll
0x00007ffccb830000 - 0x00007ffccb8ce000 	C:\Windows\System32\msvcrt.dll
0x00007ffccd7e0000 - 0x00007ffccd83b000 	C:\Windows\System32\sechost.dll
0x00007ffccdcc0000 - 0x00007ffccdde4000 	C:\Windows\System32\RPCRT4.dll
0x00007ffcccd20000 - 0x00007ffccceb0000 	C:\Windows\System32\USER32.dll
0x00007ffccafe0000 - 0x00007ffccb000000 	C:\Windows\System32\win32u.dll
0x00007ffccdb20000 - 0x00007ffccdb48000 	C:\Windows\System32\GDI32.dll
0x00007ffccb000000 - 0x00007ffccb191000 	C:\Windows\System32\gdi32full.dll
0x00007ffccb490000 - 0x00007ffccb52f000 	C:\Windows\System32\msvcp_win.dll
0x00007ffccb1a0000 - 0x00007ffccb298000 	C:\Windows\System32\ucrtbase.dll
0x00007ffcc5080000 - 0x00007ffcc52e9000 	C:\Windows\WinSxS\amd64_microsoft.windows.common-controls_6595b64144ccf1df_6.0.17134.1067_none_d401a3eb7c8ebdea\COMCTL32.dll
0x00007ffcce050000 - 0x00007ffcce371000 	C:\Windows\System32\combase.dll
0x00007ffccb530000 - 0x00007ffccb5a9000 	C:\Windows\System32\bcryptPrimitives.dll
0x00007ffcc6f40000 - 0x00007ffcc6f4a000 	C:\Windows\SYSTEM32\VERSION.dll
0x00007ffccddf0000 - 0x00007ffccde1d000 	C:\Windows\System32\IMM32.DLL
0x00007ffcc6e00000 - 0x00007ffcc6e16000 	C:\Program Files\Java\jdk-11.0.1\bin\vcruntime140.dll
0x00007ffcc4700000 - 0x00007ffcc47aa000 	C:\Program Files\Java\jdk-11.0.1\bin\msvcp140.dll
0x00007ffcb4220000 - 0x00007ffcb4d62000 	C:\Program Files\Java\jdk-11.0.1\bin\server\jvm.dll
0x00007ffccdfa0000 - 0x00007ffccdfa8000 	C:\Windows\System32\PSAPI.DLL
0x00007ffcb9460000 - 0x00007ffcb9469000 	C:\Windows\SYSTEM32\WSOCK32.dll
0x00007ffccd670000 - 0x00007ffccd6dc000 	C:\Windows\System32\WS2_32.dll
0x00007ffcc27f0000 - 0x00007ffcc2813000 	C:\Windows\SYSTEM32\WINMM.dll
0x00007ffcc27c0000 - 0x00007ffcc27ea000 	C:\Windows\SYSTEM32\WINMMBASE.dll
0x00007ffccaee0000 - 0x00007ffccaf29000 	C:\Windows\System32\cfgmgr32.dll
0x00007ffcca750000 - 0x00007ffcca761000 	C:\Windows\System32\kernel.appcore.dll
0x00007ffcc5350000 - 0x00007ffcc5361000 	C:\Program Files\Java\jdk-11.0.1\bin\verify.dll
0x00007ffcc6220000 - 0x00007ffcc63e9000 	C:\Windows\SYSTEM32\DBGHELP.DLL
0x00007ffcc6150000 - 0x00007ffcc6179000 	C:\Windows\SYSTEM32\dbgcore.DLL
0x00007ffcc5320000 - 0x00007ffcc5349000 	C:\Program Files\Java\jdk-11.0.1\bin\java.dll
0x00007ffcc49d0000 - 0x00007ffcc49ff000 	C:\Program Files\Java\jdk-11.0.1\bin\instrument.dll
0x00007ffcc4e90000 - 0x00007ffcc4ea6000 	C:\Program Files\Java\jdk-11.0.1\bin\zip.dll
0x00007ffcc73b0000 - 0x00007ffcc73ba000 	C:\Program Files\Java\jdk-11.0.1\bin\jimage.dll
0x00007ffccb8d0000 - 0x00007ffcccd14000 	C:\Windows\System32\SHELL32.dll
0x00007ffccd3c0000 - 0x00007ffccd469000 	C:\Windows\System32\shcore.dll
0x00007ffcca7d0000 - 0x00007ffccaee0000 	C:\Windows\System32\windows.storage.dll
0x00007ffccdf40000 - 0x00007ffccdf91000 	C:\Windows\System32\shlwapi.dll
0x00007ffcca710000 - 0x00007ffcca72f000 	C:\Windows\System32\profapi.dll
0x00007ffcca6c0000 - 0x00007ffcca70c000 	C:\Windows\System32\powrprof.dll
0x00007ffcca6b0000 - 0x00007ffcca6ba000 	C:\Windows\System32\FLTLIB.DLL
0x00007ffcc4960000 - 0x00007ffcc4979000 	C:\Program Files\Java\jdk-11.0.1\bin\net.dll
0x00007ffcc3a80000 - 0x00007ffcc3b5d000 	C:\Windows\SYSTEM32\WINHTTP.dll
0x00007ffcc9f30000 - 0x00007ffcc9f96000 	C:\Windows\system32\mswsock.dll
0x00007ffcc4940000 - 0x00007ffcc4953000 	C:\Program Files\Java\jdk-11.0.1\bin\nio.dll
0x00007ffcc4900000 - 0x00007ffcc491a000 	D:\Develop\IntelliJ IDEA 2019.2.2\bin\breakgen64.dll
0x00007ffcc6df0000 - 0x00007ffcc6df9000 	C:\Program Files\Java\jdk-11.0.1\bin\management.dll
0x00007ffcc6dd0000 - 0x00007ffcc6ddc000 	C:\Program Files\Java\jdk-11.0.1\bin\management_ext.dll
0x00007ffcb8be0000 - 0x00007ffcb8bf6000 	C:\Windows\system32\napinsp.dll
0x00007ffcb73e0000 - 0x00007ffcb73fa000 	C:\Windows\system32\pnrpnsp.dll
0x00007ffcc6c40000 - 0x00007ffcc6c59000 	C:\Windows\system32\NLAapi.dll
0x00007ffcc9cc0000 - 0x00007ffcc9d7e000 	C:\Windows\SYSTEM32\DNSAPI.dll
0x00007ffccd7d0000 - 0x00007ffccd7d8000 	C:\Windows\System32\NSI.dll
0x00007ffcc9c80000 - 0x00007ffcc9cb8000 	C:\Windows\SYSTEM32\IPHLPAPI.DLL
0x00007ffcb9490000 - 0x00007ffcb949e000 	C:\Windows\System32\winrnr.dll
0x00007ffcc4e80000 - 0x00007ffcc4e8a000 	C:\Windows\System32\rasadhlp.dll
0x00007ffcc6180000 - 0x00007ffcc61f2000 	C:\Windows\System32\fwpuclnt.dll
0x00007ffcca210000 - 0x00007ffcca235000 	C:\Windows\SYSTEM32\bcrypt.dll
0x00007ffcca0e0000 - 0x00007ffcca0f7000 	C:\Windows\SYSTEM32\CRYPTSP.dll
0x00007ffcc9ae0000 - 0x00007ffcc9b13000 	C:\Windows\system32\rsaenh.dll
0x00007ffcca5b0000 - 0x00007ffcca5d8000 	C:\Windows\SYSTEM32\USERENV.dll
0x00007ffcca100000 - 0x00007ffcca10b000 	C:\Windows\SYSTEM32\CRYPTBASE.dll
0x00007ffcc6a60000 - 0x00007ffcc6a76000 	C:\Windows\SYSTEM32\dhcpcsvc6.DLL
0x00007ffcc6980000 - 0x00007ffcc699a000 	C:\Windows\SYSTEM32\dhcpcsvc.DLL

dbghelp: loaded successfully - version: 4.0.5 - missing functions: none
symbol engine: initialized successfully - sym options: 0x614 - pdb path: .;C:\Program Files\Java\jdk-11.0.1\bin;C:\Windows\SYSTEM32;C:\Windows\WinSxS\amd64_microsoft.windows.common-controls_6595b64144ccf1df_6.0.17134.1067_none_d401a3eb7c8ebdea;C:\Program Files\Java\jdk-11.0.1\bin\server;D:\Develop\IntelliJ IDEA 2019.2.2\bin

VM Arguments:
jvm_args: -javaagent:D:\Develop\IntelliJ IDEA 2019.2.2\lib\idea_rt.jar=65080:D:\Develop\IntelliJ IDEA 2019.2.2\bin -Dfile.encoding=UTF-8 
java_command: com.voronov.springDemo.Application --spring.profiles.active=dev
java_class_path (initial): C:\Users\ArteM\Downloads\SpringDemo\SpringDemo\target\classes;C:\Users\ArteM\.m2\repository\org\springframework\session\spring-session-jdbc\2.1.7.RELEASE\spring-session-jdbc-2.1.7.RELEASE.jar;C:\Users\ArteM\.m2\repository\org\springframework\session\spring-session-core\2.1.7.RELEASE\spring-session-core-2.1.7.RELEASE.jar;C:\Users\ArteM\.m2\repository\org\springframework\spring-jcl\5.1.8.RELEASE\spring-jcl-5.1.8.RELEASE.jar;C:\Users\ArteM\.m2\repository\org\springframework\spring-context\5.1.8.RELEASE\spring-context-5.1.8.RELEASE.jar;C:\Users\ArteM\.m2\repository\org\springframework\spring-beans\5.1.8.RELEASE\spring-beans-5.1.8.RELEASE.jar;C:\Users\ArteM\.m2\repository\org\springframework\spring-core\5.1.8.RELEASE\spring-core-5.1.8.RELEASE.jar;C:\Users\ArteM\.m2\repository\org\springframework\spring-expression\5.1.8.RELEASE\spring-expression-5.1.8.RELEASE.jar;C:\Users\ArteM\.m2\repository\org\springframework\spring-jdbc\5.1.8.RELEASE\spring-jdbc-5.1.8.RELEASE.jar;C:\Users\ArteM\.m2\repository\org\springframework\spring-tx\5.1.8.RELEASE\spring-tx-5.1.8.RELEASE.jar;C:\Users\ArteM\.m2\repository\org\flywaydb\flyway-core\5.2.4\flyway-core-5.2.4.jar;C:\Users\ArteM\.m2\repository\org\springframework\boot\spring-boot-starter-mail\2.0.1.RELEASE\spring-boot-starter-mail-2.0.1.RELEASE.jar;C:\Users\ArteM\.m2\repository\org\springframework\boot\spring-boot-starter\2.1.6.RELEASE\spring-boot-starter-2.1.6.RELEASE.jar;C:\Users\ArteM\.m2\repository\org\springframework\boot\spring-boot-starter-logging\2.1.6.RELEASE\spring-boot-starter-logging-2.1.6.RELEASE.jar;C:\Users\ArteM\.m2\repository\ch\qos\logback\logback-classic\1.2.3\logback-classic-1.2.3.jar;C:\Users\ArteM\.m2\repository\ch\qos\logback\logback-core\1.2.3\logback-core-1.2.3.jar;C:\Users\ArteM\.m2\repository\org\apache\logging\log4j\log4j-to-slf4j\2.11.2\log4j-to-slf4j-2.11.2.jar;C:\Users\ArteM\.m2\repository\org\apache\logging\log4j\log4j-api\2.11.2\log4j-api-2.11.2.jar;C:\Users\ArteM\.m2\reposito
Launcher Type: SUN_STANDARD

[Global flags]
     intx CICompilerCount                          = 3                                         {product} {ergonomic}
     uint ConcGCThreads                            = 1                                         {product} {ergonomic}
     uint G1ConcRefinementThreads                  = 4                                         {product} {ergonomic}
   size_t G1HeapRegionSize                         = 1048576                                   {product} {ergonomic}
    uintx GCDrainStackTargetSize                   = 64                                        {product} {ergonomic}
   size_t InitialHeapSize                          = 201326592                                 {product} {ergonomic}
   size_t MarkStackSize                            = 4194304                                   {product} {ergonomic}
   size_t MaxHeapSize                              = 3212836864                                {product} {ergonomic}
   size_t MaxNewSize                               = 1927282688                                {product} {ergonomic}
   size_t MinHeapDeltaBytes                        = 1048576                                   {product} {ergonomic}
    uintx NonNMethodCodeHeapSize                   = 5830092                                {pd product} {ergonomic}
    uintx NonProfiledCodeHeapSize                  = 122914074                              {pd product} {ergonomic}
    uintx ProfiledCodeHeapSize                     = 122914074                              {pd product} {ergonomic}
    uintx ReservedCodeCacheSize                    = 251658240                              {pd product} {ergonomic}
     bool SegmentedCodeCache                       = true                                      {product} {ergonomic}
     bool UseCompressedClassPointers               = true                                 {lp64_product} {ergonomic}
     bool UseCompressedOops                        = true                                 {lp64_product} {ergonomic}
     bool UseG1GC                                  = true                                      {product} {ergonomic}
     bool UseLargePagesIndividualAllocation        = false                                  {pd product} {ergonomic}

Logging:
Log output configuration:
 #0: stdout all=warning uptime,level,tags
 #1: stderr all=off uptime,level,tags

Environment Variables:
PATH=C:\Program Files (x86)\Intel\Intel(R) Management Engine Components\iCLS\;C:\Program Files\Intel\Intel(R) Management Engine Components\iCLS\;C:\Windows\system32;C:\Windows;C:\Windows\System32\Wbem;C:\Windows\System32\WindowsPowerShell\v1.0\;C:\Windows\System32\OpenSSH\;C:\Program Files (x86)\NVIDIA Corporation\PhysX\Common;C:\Program Files (x86)\Intel\Intel(R) Management Engine Components\DAL;C:\Program Files\Intel\Intel(R) Management Engine Components\DAL;C:\Program Files (x86)\Intel\Intel(R) Management Engine Components\IPT;C:\Program Files\Intel\Intel(R) Management Engine Components\IPT;C:\Program Files\Java\jdk-11.0.1\bin;D:\Develop\Git\cmd;D:\Develop\Git\mingw64\bin;D:\Develop\Git\usr\bin;C:\Users\ArteM\AppData\Local\Microsoft\WindowsApps;C:\Program Files\heroku\bin
USERNAME=ArteM
OS=Windows_NT
PROCESSOR_IDENTIFIER=Intel64 Family 6 Model 158 Stepping 9, GenuineIntel



---------------  S Y S T E M  ---------------

OS: Windows 10 , 64 bit Build 17134 (10.0.17134.753)

CPU:total 4 (initial active 4) (2 cores per cpu, 2 threads per core) family 6 model 158 stepping 9, cmov, cx8, fxsr, mmx, sse, sse2, sse3, ssse3, sse4.1, sse4.2, popcnt, aes, clmul, erms, 3dnowpref, lzcnt, ht, tsc, tscinvbit

Memory: 4k page, system-wide physical 12252M (681M free)
TotalPageFile size 19330M (AvailPageFile size 25M)
current process WorkingSet (physical memory assigned to process): 270M, peak: 270M
current process commit charge ("private bytes"): 378M, peak: 417M

vm_info: Java HotSpot(TM) 64-Bit Server VM (11.0.1+13-LTS) for windows-amd64 JRE (11.0.1+13-LTS), built on Oct  6 2018 13:20:16 by "mach5one" with MS VC++ 15.5 (VS2017)

END.
