#
# There is insufficient memory for the Java Runtime Environment to continue.
# Native memory allocation (malloc) failed to allocate 535216 bytes for Chunk::new
# Possible reasons:
#   The system is out of physical RAM or swap space
#   The process is running with CompressedOops enabled, and the Java Heap may be blocking the growth of the native heap
# Possible solutions:
#   Reduce memory load on the system
#   Increase physical memory or swap space
#   Check if swap backing store is full
#   Decrease Java heap size (-Xmx/-Xms)
#   Decrease number of Java threads
#   Decrease Java thread stack sizes (-Xss)
#   Set larger code cache with -XX:ReservedCodeCacheSize=
#   JVM is running with Zero Based Compressed Oops mode in which the Java heap is
#     placed in the first 32GB address space. The Java Heap base address is the
#     maximum limit for the native heap growth. Please use -XX:HeapBaseMinAddress
#     to set the Java Heap base and to place the Java Heap above 32GB virtual address.
# This output file may be truncated or incomplete.
#
#  Out of Memory Error (t:/workspace/open/src/hotspot/share/memory/arena.cpp:197), pid=74252, tid=78080
#
# JRE version: Java(TM) SE Runtime Environment (11.0.1+13) (build 11.0.1+13-LTS)
# Java VM: Java HotSpot(TM) 64-Bit Server VM (11.0.1+13-LTS, mixed mode, tiered, compressed oops, g1 gc, windows-amd64)
# No core dump will be written. Minidumps are not enabled by default on client versions of Windows
#

---------------  S U M M A R Y ------------

Command Line: -javaagent:D:\Develop\IntelliJ IDEA 2019.2.2\lib\idea_rt.jar=50390:D:\Develop\IntelliJ IDEA 2019.2.2\bin -Dfile.encoding=UTF-8 com.voronov.springDemo.Application

Host: Intel(R) Pentium(R) CPU G4620 @ 3.70GHz, 4 cores, 11G,  Windows 10 , 64 bit Build 17134 (10.0.17134.753)
Time: Wed Oct  9 18:45:00 2019 Aaea?onu (ceia) elapsed time: 173616 seconds (2d 0h 13m 36s)

---------------  T H R E A D  ---------------

Current thread (0x0000020ee463c000):  JavaThread "C2 CompilerThread0" daemon [_thread_in_native, id=78080, stack(0x000000193cd00000,0x000000193ce00000)]


Current CompileTask:
C2:173616372 8014       4       jdk.internal.org.objectweb.asm.Frame::execute (2264 bytes)

Stack: [0x000000193cd00000,0x000000193ce00000]
Native frames: (J=compiled Java code, j=interpreted, Vv=VM code, C=native code)
V  [jvm.dll+0x63c21a]
V  [jvm.dll+0x7797df]
V  [jvm.dll+0x77adca]
V  [jvm.dll+0x77b483]
V  [jvm.dll+0x2627f8]
V  [jvm.dll+0xc5c71]
V  [jvm.dll+0xc61fc]
V  [jvm.dll+0x36f8a7]
V  [jvm.dll+0x1ad459]
V  [jvm.dll+0x21c8d2]
V  [jvm.dll+0x21b96a]
V  [jvm.dll+0x198390]
V  [jvm.dll+0x22a97f]
V  [jvm.dll+0x228f98]
V  [jvm.dll+0x73f03d]
V  [jvm.dll+0x63b2b2]
C  [ucrtbase.dll+0x1e3fe]
C  [KERNEL32.DLL+0x14034]
C  [ntdll.dll+0x73691]


---------------  P R O C E S S  ---------------

Threads class SMR info:
_java_thread_list=0x0000020ee91d1660, length=35, elements={
0x0000020ee45e5000, 0x0000020ee45da800, 0x0000020ee4636000, 0x0000020ee4637000,
0x0000020ee463c000, 0x0000020ee3da8000, 0x0000020ee3dae800, 0x0000020ee47a1800,
0x0000020ee4d93000, 0x0000020ee4d94800, 0x0000020ee7aff000, 0x0000020ee7c71800,
0x0000020eea24b800, 0x0000020ee7948800, 0x0000020eeaa4a800, 0x0000020ee580e800,
0x0000020ee580e000, 0x0000020ee580f800, 0x0000020ee5811000, 0x0000020ee5810000,
0x0000020ee580c000, 0x0000020ee580b800, 0x0000020ee5812000, 0x0000020ee94e4800,
0x0000020ee94e6800, 0x0000020ee94e3000, 0x0000020ee94e4000, 0x0000020ee94e7000,
0x0000020ee94e5800, 0x0000020ee94e2800, 0x0000020ee94ed800, 0x0000020ee94e9000,
0x0000020ee94ee800, 0x0000020ee94eb800, 0x0000020ee57f0000
}

Java Threads: ( => current thread )
  0x0000020ee45e5000 JavaThread "Reference Handler" daemon [_thread_blocked, id=74976, stack(0x000000193c800000,0x000000193c900000)]
  0x0000020ee45da800 JavaThread "Finalizer" daemon [_thread_blocked, id=72224, stack(0x000000193c900000,0x000000193ca00000)]
  0x0000020ee4636000 JavaThread "Signal Dispatcher" daemon [_thread_blocked, id=78392, stack(0x000000193cb00000,0x000000193cc00000)]
  0x0000020ee4637000 JavaThread "Attach Listener" daemon [_thread_blocked, id=76844, stack(0x000000193cc00000,0x000000193cd00000)]
=>0x0000020ee463c000 JavaThread "C2 CompilerThread0" daemon [_thread_in_native, id=78080, stack(0x000000193cd00000,0x000000193ce00000)]
  0x0000020ee3da8000 JavaThread "C1 CompilerThread0" daemon [_thread_blocked, id=78020, stack(0x000000193ce00000,0x000000193cf00000)]
  0x0000020ee3dae800 JavaThread "Sweeper thread" daemon [_thread_blocked, id=77296, stack(0x000000193cf00000,0x000000193d000000)]
  0x0000020ee47a1800 JavaThread "Common-Cleaner" daemon [_thread_blocked, id=78812, stack(0x000000193d000000,0x000000193d100000)]
  0x0000020ee4d93000 JavaThread "Monitor Ctrl-Break" daemon [_thread_in_native, id=77932, stack(0x000000193d100000,0x000000193d200000)]
  0x0000020ee4d94800 JavaThread "Service Thread" daemon [_thread_blocked, id=77916, stack(0x000000193d200000,0x000000193d300000)]
  0x0000020ee7aff000 JavaThread "mysql-cj-abandoned-connection-cleanup" daemon [_thread_blocked, id=76304, stack(0x000000193d900000,0x000000193da00000)]
  0x0000020ee7c71800 JavaThread "HikariPool-1 housekeeper" daemon [_thread_blocked, id=74024, stack(0x000000193dd00000,0x000000193de00000)]
  0x0000020eea24b800 JavaThread "Catalina-utility-1" [_thread_blocked, id=78480, stack(0x000000193df00000,0x000000193e000000)]
  0x0000020ee7948800 JavaThread "Catalina-utility-2" [_thread_blocked, id=78816, stack(0x000000193e000000,0x000000193e100000)]
  0x0000020eeaa4a800 JavaThread "container-0" [_thread_blocked, id=77544, stack(0x000000193e100000,0x000000193e200000)]
  0x0000020ee580e800 JavaThread "Live Reload Server" daemon [_thread_in_native, id=73508, stack(0x000000193e300000,0x000000193e400000)]
  0x0000020ee580e000 JavaThread "File Watcher" daemon [_thread_blocked, id=75488, stack(0x000000193e200000,0x000000193e300000)]
  0x0000020ee580f800 JavaThread "pool-1-thread-1" [_thread_in_vm, id=78316, stack(0x000000193e400000,0x000000193e500000)]
  0x0000020ee5811000 JavaThread "http-nio-8080-BlockPoller" daemon [_thread_in_native, id=74520, stack(0x000000193e500000,0x000000193e600000)]
  0x0000020ee5810000 JavaThread "http-nio-8080-exec-1" daemon [_thread_blocked, id=78452, stack(0x000000193e600000,0x000000193e700000)]
  0x0000020ee580c000 JavaThread "http-nio-8080-exec-2" daemon [_thread_blocked, id=77504, stack(0x000000193e700000,0x000000193e800000)]
  0x0000020ee580b800 JavaThread "http-nio-8080-exec-3" daemon [_thread_blocked, id=75208, stack(0x000000193e800000,0x000000193e900000)]
  0x0000020ee5812000 JavaThread "http-nio-8080-exec-4" daemon [_thread_blocked, id=38848, stack(0x000000193e900000,0x000000193ea00000)]
  0x0000020ee94e4800 JavaThread "http-nio-8080-exec-5" daemon [_thread_blocked, id=77520, stack(0x000000193ea00000,0x000000193eb00000)]
  0x0000020ee94e6800 JavaThread "http-nio-8080-exec-6" daemon [_thread_blocked, id=78844, stack(0x000000193eb00000,0x000000193ec00000)]
  0x0000020ee94e3000 JavaThread "http-nio-8080-exec-7" daemon [_thread_blocked, id=77852, stack(0x000000193ec00000,0x000000193ed00000)]
  0x0000020ee94e4000 JavaThread "http-nio-8080-exec-8" daemon [_thread_blocked, id=78824, stack(0x000000193ed00000,0x000000193ee00000)]
  0x0000020ee94e7000 JavaThread "http-nio-8080-exec-9" daemon [_thread_blocked, id=78820, stack(0x000000193ee00000,0x000000193ef00000)]
  0x0000020ee94e5800 JavaThread "http-nio-8080-exec-10" daemon [_thread_blocked, id=75136, stack(0x000000193ef00000,0x000000193f000000)]
  0x0000020ee94e2800 JavaThread "http-nio-8080-ClientPoller" daemon [_thread_in_native, id=78624, stack(0x000000193f000000,0x000000193f100000)]
  0x0000020ee94ed800 JavaThread "http-nio-8080-Acceptor" daemon [_thread_in_native, id=78660, stack(0x000000193f100000,0x000000193f200000)]
  0x0000020ee94e9000 JavaThread "DestroyJavaVM" [_thread_blocked, id=74868, stack(0x000000193c100000,0x000000193c200000)]
  0x0000020ee94ee800 JavaThread "HikariPool-1 connection closer" daemon [_thread_blocked, id=129532, stack(0x000000193c000000,0x000000193c100000)]
  0x0000020ee94eb800 JavaThread "HikariPool-1 connection adder" daemon [_thread_in_native, id=163016, stack(0x000000193d700000,0x000000193d800000)]
  0x0000020ee57f0000 JavaThread "C2 CompilerThread1" daemon [_thread_in_native, id=152040, stack(0x000000193bf00000,0x000000193c000000)]

Other Threads:
  0x0000020ee3da6000 VMThread "VM Thread" [stack: 0x000000193c700000,0x000000193c800000] [id=77828]
  0x0000020ee4d99800 WatcherThread [stack: 0x000000193d300000,0x000000193d400000] [id=68320]
  0x0000020ec33b8800 GCTaskThread "GC Thread#0" [stack: 0x000000193c200000,0x000000193c300000] [id=75672]
  0x0000020ee5053800 GCTaskThread "GC Thread#1" [stack: 0x000000193d400000,0x000000193d500000] [id=78104]
  0x0000020ee521c000 GCTaskThread "GC Thread#2" [stack: 0x000000193d500000,0x000000193d600000] [id=74152]
  0x0000020ee5225800 GCTaskThread "GC Thread#3" [stack: 0x000000193d600000,0x000000193d700000] [id=71584]
  0x0000020ec33ff800 ConcurrentGCThread "G1 Main Marker" [stack: 0x000000193c300000,0x000000193c400000] [id=69136]
  0x0000020ec3402000 ConcurrentGCThread "G1 Conc#0" [stack: 0x000000193c400000,0x000000193c500000] [id=75720]
  0x0000020ec346e000 ConcurrentGCThread "G1 Refine#0" [stack: 0x000000193c500000,0x000000193c600000] [id=72976]
  0x0000020ee3c0f800 ConcurrentGCThread "G1 Young RemSet Sampling" [stack: 0x000000193c600000,0x000000193c700000] [id=71204]

Threads with active compile tasks:
C2 CompilerThread08014       4       jdk.internal.org.objectweb.asm.Frame::execute (2264 bytes)
C2 CompilerThread18026       4       java.util.zip.ZipFile$ZipFileInputStream::<init> (96 bytes)

VM state:not at safepoint (normal execution)

VM Mutex/Monitor currently owned by a thread: None

Heap address: 0x0000000740800000, size: 3064 MB, Compressed Oops mode: Zero based, Oop shift amount: 3
Narrow klass base: 0x0000000800000000, Narrow klass shift: 0
Compressed class space size: 1073741824 Address: 0x0000000800000000

Heap:
 garbage-first heap   total 284672K, used 57352K [0x0000000740800000, 0x0000000800000000)
  region size 1024K, 35 young (35840K), 10 survivors (10240K)
 Metaspace       used 78323K, capacity 80109K, committed 80204K, reserved 1118208K
  class space    used 9895K, capacity 10583K, committed 10624K, reserved 1048576K
Heap Regions: E=young(eden), S=young(survivor), O=old, HS=humongous(starts), HC=humongous(continues), CS=collection set, F=free, A=archive, TAMS=top-at-mark-start (previous, next)
|   0|0x0000000740800000, 0x0000000740900000, 0x0000000740900000|100%|HS|  |TAMS 0x0000000740900000, 0x0000000740800000| Complete 
|   1|0x0000000740900000, 0x0000000740a00000, 0x0000000740a00000|100%| O|  |TAMS 0x0000000740a00000, 0x0000000740900000| Untracked 
|   2|0x0000000740a00000, 0x0000000740b00000, 0x0000000740b00000|100%| O|  |TAMS 0x0000000740b00000, 0x0000000740a00000| Untracked 
|   3|0x0000000740b00000, 0x0000000740c00000, 0x0000000740c00000|100%| O|  |TAMS 0x0000000740c00000, 0x0000000740b00000| Untracked 
|   4|0x0000000740c00000, 0x0000000740d00000, 0x0000000740d00000|100%| O|  |TAMS 0x0000000740d00000, 0x0000000740c00000| Untracked 
|   5|0x0000000740d00000, 0x0000000740e00000, 0x0000000740e00000|100%| O|  |TAMS 0x0000000740e00000, 0x0000000740d00000| Untracked 
|   6|0x0000000740e00000, 0x0000000740f00000, 0x0000000740f00000|100%| O|  |TAMS 0x0000000740f00000, 0x0000000740e00000| Untracked 
|   7|0x0000000740f00000, 0x0000000741000000, 0x0000000741000000|100%| O|  |TAMS 0x0000000741000000, 0x0000000740f00000| Untracked 
|   8|0x0000000741000000, 0x0000000741100000, 0x0000000741100000|100%| O|  |TAMS 0x0000000741100000, 0x0000000741000000| Untracked 
|   9|0x0000000741100000, 0x0000000741200000, 0x0000000741200000|100%| O|  |TAMS 0x0000000741200000, 0x0000000741100000| Untracked 
|  10|0x0000000741200000, 0x0000000741300000, 0x0000000741300000|100%| O|  |TAMS 0x0000000741300000, 0x0000000741200000| Untracked 
|  11|0x0000000741300000, 0x0000000741400000, 0x0000000741400000|100%| O|  |TAMS 0x0000000741400000, 0x0000000741300000| Untracked 
|  12|0x0000000741400000, 0x0000000741500000, 0x0000000741500000|100%| O|  |TAMS 0x0000000741500000, 0x0000000741400000| Untracked 
|  13|0x0000000741500000, 0x0000000741600000, 0x0000000741600000|100%| O|  |TAMS 0x0000000741600000, 0x0000000741500000| Untracked 
|  14|0x0000000741600000, 0x0000000741700000, 0x0000000741700000|100%| O|  |TAMS 0x0000000741661800, 0x0000000741600000| Untracked 
|  15|0x0000000741700000, 0x0000000741800000, 0x0000000741800000|100%| O|  |TAMS 0x0000000741700000, 0x0000000741700000| Untracked 
|  16|0x0000000741800000, 0x0000000741900000, 0x0000000741900000|100%| O|  |TAMS 0x0000000741800000, 0x0000000741800000| Untracked 
|  17|0x0000000741900000, 0x0000000741a00000, 0x0000000741a00000|100%| O|  |TAMS 0x0000000741900000, 0x0000000741900000| Untracked 
|  18|0x0000000741a00000, 0x0000000741b00000, 0x0000000741b00000|100%| O|  |TAMS 0x0000000741a00000, 0x0000000741a00000| Untracked 
|  19|0x0000000741b00000, 0x0000000741c00000, 0x0000000741c00000|100%| O|  |TAMS 0x0000000741b00000, 0x0000000741b00000| Untracked 
|  20|0x0000000741c00000, 0x0000000741d00000, 0x0000000741d00000|100%| O|  |TAMS 0x0000000741c00000, 0x0000000741c00000| Untracked 
|  21|0x0000000741d00000, 0x0000000741e00000, 0x0000000741e00000|100%| O|  |TAMS 0x0000000741d00000, 0x0000000741d00000| Untracked 
|  22|0x0000000741e00000, 0x0000000741e23400, 0x0000000741f00000| 13%| O|  |TAMS 0x0000000741e00000, 0x0000000741e00000| Untracked 
|  23|0x0000000741f00000, 0x0000000741f00000, 0x0000000742000000|  0%| F|  |TAMS 0x0000000741f00000, 0x0000000741f00000| Untracked 
|  24|0x0000000742000000, 0x0000000742000000, 0x0000000742100000|  0%| F|  |TAMS 0x0000000742000000, 0x0000000742000000| Untracked 
|  25|0x0000000742100000, 0x0000000742100000, 0x0000000742200000|  0%| F|  |TAMS 0x0000000742100000, 0x0000000742100000| Untracked 
|  26|0x0000000742200000, 0x0000000742200000, 0x0000000742300000|  0%| F|  |TAMS 0x0000000742200000, 0x0000000742200000| Untracked 
|  27|0x0000000742300000, 0x0000000742300000, 0x0000000742400000|  0%| F|  |TAMS 0x0000000742300000, 0x0000000742300000| Untracked 
|  28|0x0000000742400000, 0x0000000742400000, 0x0000000742500000|  0%| F|  |TAMS 0x0000000742400000, 0x0000000742400000| Untracked 
|  29|0x0000000742500000, 0x0000000742500000, 0x0000000742600000|  0%| F|  |TAMS 0x0000000742500000, 0x0000000742500000| Untracked 
|  30|0x0000000742600000, 0x0000000742600000, 0x0000000742700000|  0%| F|  |TAMS 0x0000000742600000, 0x0000000742600000| Untracked 
|  31|0x0000000742700000, 0x0000000742700000, 0x0000000742800000|  0%| F|  |TAMS 0x0000000742700000, 0x0000000742700000| Untracked 
|  32|0x0000000742800000, 0x0000000742800000, 0x0000000742900000|  0%| F|  |TAMS 0x0000000742800000, 0x0000000742800000| Untracked 
|  33|0x0000000742900000, 0x0000000742900000, 0x0000000742a00000|  0%| F|  |TAMS 0x0000000742900000, 0x0000000742900000| Untracked 
|  34|0x0000000742a00000, 0x0000000742a00000, 0x0000000742b00000|  0%| F|  |TAMS 0x0000000742a00000, 0x0000000742a00000| Untracked 
|  35|0x0000000742b00000, 0x0000000742b00000, 0x0000000742c00000|  0%| F|  |TAMS 0x0000000742b00000, 0x0000000742b00000| Untracked 
|  36|0x0000000742c00000, 0x0000000742c00000, 0x0000000742d00000|  0%| F|  |TAMS 0x0000000742c00000, 0x0000000742c00000| Untracked 
|  37|0x0000000742d00000, 0x0000000742d00000, 0x0000000742e00000|  0%| F|  |TAMS 0x0000000742d00000, 0x0000000742d00000| Untracked 
|  38|0x0000000742e00000, 0x0000000742e00000, 0x0000000742f00000|  0%| F|  |TAMS 0x0000000742e00000, 0x0000000742e00000| Untracked 
|  39|0x0000000742f00000, 0x0000000742f00000, 0x0000000743000000|  0%| F|  |TAMS 0x0000000742f00000, 0x0000000742f00000| Untracked 
|  40|0x0000000743000000, 0x0000000743000000, 0x0000000743100000|  0%| F|  |TAMS 0x0000000743000000, 0x0000000743000000| Untracked 
|  41|0x0000000743100000, 0x0000000743100000, 0x0000000743200000|  0%| F|  |TAMS 0x0000000743100000, 0x0000000743100000| Untracked 
|  42|0x0000000743200000, 0x0000000743200000, 0x0000000743300000|  0%| F|  |TAMS 0x0000000743200000, 0x0000000743200000| Untracked 
|  43|0x0000000743300000, 0x0000000743300000, 0x0000000743400000|  0%| F|  |TAMS 0x0000000743300000, 0x0000000743300000| Untracked 
|  44|0x0000000743400000, 0x0000000743400000, 0x0000000743500000|  0%| F|  |TAMS 0x0000000743400000, 0x0000000743400000| Untracked 
|  45|0x0000000743500000, 0x0000000743500000, 0x0000000743600000|  0%| F|  |TAMS 0x0000000743500000, 0x0000000743500000| Untracked 
|  46|0x0000000743600000, 0x0000000743600000, 0x0000000743700000|  0%| F|  |TAMS 0x0000000743600000, 0x0000000743600000| Untracked 
|  47|0x0000000743700000, 0x0000000743700000, 0x0000000743800000|  0%| F|  |TAMS 0x0000000743700000, 0x0000000743700000| Untracked 
|  48|0x0000000743800000, 0x0000000743800000, 0x0000000743900000|  0%| F|  |TAMS 0x0000000743800000, 0x0000000743800000| Untracked 
|  49|0x0000000743900000, 0x0000000743900000, 0x0000000743a00000|  0%| F|  |TAMS 0x0000000743900000, 0x0000000743900000| Untracked 
|  50|0x0000000743a00000, 0x0000000743a00000, 0x0000000743b00000|  0%| F|  |TAMS 0x0000000743a00000, 0x0000000743a00000| Untracked 
|  51|0x0000000743b00000, 0x0000000743b00000, 0x0000000743c00000|  0%| F|  |TAMS 0x0000000743b00000, 0x0000000743b00000| Untracked 
|  52|0x0000000743c00000, 0x0000000743c00000, 0x0000000743d00000|  0%| F|  |TAMS 0x0000000743c00000, 0x0000000743c00000| Untracked 
|  53|0x0000000743d00000, 0x0000000743d00000, 0x0000000743e00000|  0%| F|  |TAMS 0x0000000743d00000, 0x0000000743d00000| Untracked 
|  54|0x0000000743e00000, 0x0000000743e00000, 0x0000000743f00000|  0%| F|  |TAMS 0x0000000743e00000, 0x0000000743e00000| Untracked 
|  55|0x0000000743f00000, 0x0000000743f00000, 0x0000000744000000|  0%| F|  |TAMS 0x0000000743f00000, 0x0000000743f00000| Untracked 
|  56|0x0000000744000000, 0x0000000744000000, 0x0000000744100000|  0%| F|  |TAMS 0x0000000744000000, 0x0000000744000000| Untracked 
|  57|0x0000000744100000, 0x0000000744100000, 0x0000000744200000|  0%| F|  |TAMS 0x0000000744100000, 0x0000000744100000| Untracked 
|  58|0x0000000744200000, 0x0000000744200000, 0x0000000744300000|  0%| F|  |TAMS 0x0000000744200000, 0x0000000744200000| Untracked 
|  59|0x0000000744300000, 0x0000000744300000, 0x0000000744400000|  0%| F|  |TAMS 0x0000000744300000, 0x0000000744300000| Untracked 
|  60|0x0000000744400000, 0x0000000744400000, 0x0000000744500000|  0%| F|  |TAMS 0x0000000744400000, 0x0000000744400000| Untracked 
|  61|0x0000000744500000, 0x0000000744500000, 0x0000000744600000|  0%| F|  |TAMS 0x0000000744500000, 0x0000000744500000| Untracked 
|  62|0x0000000744600000, 0x0000000744600000, 0x0000000744700000|  0%| F|  |TAMS 0x0000000744600000, 0x0000000744600000| Untracked 
|  63|0x0000000744700000, 0x0000000744700000, 0x0000000744800000|  0%| F|  |TAMS 0x0000000744700000, 0x0000000744700000| Untracked 
|  64|0x0000000744800000, 0x0000000744800000, 0x0000000744900000|  0%| F|  |TAMS 0x0000000744800000, 0x0000000744800000| Untracked 
|  65|0x0000000744900000, 0x0000000744900000, 0x0000000744a00000|  0%| F|  |TAMS 0x0000000744900000, 0x0000000744900000| Untracked 
|  66|0x0000000744a00000, 0x0000000744a00000, 0x0000000744b00000|  0%| F|  |TAMS 0x0000000744a00000, 0x0000000744a00000| Untracked 
|  67|0x0000000744b00000, 0x0000000744b00000, 0x0000000744c00000|  0%| F|  |TAMS 0x0000000744b00000, 0x0000000744b00000| Untracked 
|  68|0x0000000744c00000, 0x0000000744c00000, 0x0000000744d00000|  0%| F|  |TAMS 0x0000000744c00000, 0x0000000744c00000| Untracked 
|  69|0x0000000744d00000, 0x0000000744d00000, 0x0000000744e00000|  0%| F|  |TAMS 0x0000000744d00000, 0x0000000744d00000| Untracked 
|  70|0x0000000744e00000, 0x0000000744e00000, 0x0000000744f00000|  0%| F|  |TAMS 0x0000000744e00000, 0x0000000744e00000| Untracked 
|  71|0x0000000744f00000, 0x0000000744f00000, 0x0000000745000000|  0%| F|  |TAMS 0x0000000744f00000, 0x0000000744f00000| Untracked 
|  72|0x0000000745000000, 0x0000000745000000, 0x0000000745100000|  0%| F|  |TAMS 0x0000000745000000, 0x0000000745000000| Untracked 
|  73|0x0000000745100000, 0x0000000745100000, 0x0000000745200000|  0%| F|  |TAMS 0x0000000745100000, 0x0000000745100000| Untracked 
|  74|0x0000000745200000, 0x0000000745200000, 0x0000000745300000|  0%| F|  |TAMS 0x0000000745200000, 0x0000000745200000| Untracked 
|  75|0x0000000745300000, 0x0000000745300000, 0x0000000745400000|  0%| F|  |TAMS 0x0000000745300000, 0x0000000745300000| Untracked 
|  76|0x0000000745400000, 0x0000000745400000, 0x0000000745500000|  0%| F|  |TAMS 0x0000000745400000, 0x0000000745400000| Untracked 
|  77|0x0000000745500000, 0x0000000745500000, 0x0000000745600000|  0%| F|  |TAMS 0x0000000745500000, 0x0000000745500000| Untracked 
|  78|0x0000000745600000, 0x0000000745600000, 0x0000000745700000|  0%| F|  |TAMS 0x0000000745600000, 0x0000000745600000| Untracked 
|  79|0x0000000745700000, 0x0000000745700000, 0x0000000745800000|  0%| F|  |TAMS 0x0000000745700000, 0x0000000745700000| Untracked 
|  80|0x0000000745800000, 0x0000000745800000, 0x0000000745900000|  0%| F|  |TAMS 0x0000000745800000, 0x0000000745800000| Untracked 
|  81|0x0000000745900000, 0x0000000745900000, 0x0000000745a00000|  0%| F|  |TAMS 0x0000000745900000, 0x0000000745900000| Untracked 
|  82|0x0000000745a00000, 0x0000000745a00000, 0x0000000745b00000|  0%| F|  |TAMS 0x0000000745a00000, 0x0000000745a00000| Untracked 
|  83|0x0000000745b00000, 0x0000000745b00000, 0x0000000745c00000|  0%| F|  |TAMS 0x0000000745b00000, 0x0000000745b00000| Untracked 
|  84|0x0000000745c00000, 0x0000000745c00000, 0x0000000745d00000|  0%| F|  |TAMS 0x0000000745c00000, 0x0000000745c00000| Untracked 
|  85|0x0000000745d00000, 0x0000000745d00000, 0x0000000745e00000|  0%| F|  |TAMS 0x0000000745d00000, 0x0000000745d00000| Untracked 
|  86|0x0000000745e00000, 0x0000000745e00000, 0x0000000745f00000|  0%| F|  |TAMS 0x0000000745e00000, 0x0000000745e00000| Untracked 
|  87|0x0000000745f00000, 0x0000000745f00000, 0x0000000746000000|  0%| F|  |TAMS 0x0000000745f00000, 0x0000000745f00000| Untracked 
|  88|0x0000000746000000, 0x0000000746000000, 0x0000000746100000|  0%| F|  |TAMS 0x0000000746000000, 0x0000000746000000| Untracked 
|  89|0x0000000746100000, 0x0000000746100000, 0x0000000746200000|  0%| F|  |TAMS 0x0000000746100000, 0x0000000746100000| Untracked 
|  90|0x0000000746200000, 0x0000000746200000, 0x0000000746300000|  0%| F|  |TAMS 0x0000000746200000, 0x0000000746200000| Untracked 
|  91|0x0000000746300000, 0x0000000746300000, 0x0000000746400000|  0%| F|  |TAMS 0x0000000746300000, 0x0000000746300000| Untracked 
|  92|0x0000000746400000, 0x0000000746400000, 0x0000000746500000|  0%| F|  |TAMS 0x0000000746400000, 0x0000000746400000| Untracked 
|  93|0x0000000746500000, 0x0000000746500000, 0x0000000746600000|  0%| F|  |TAMS 0x0000000746500000, 0x0000000746500000| Untracked 
|  94|0x0000000746600000, 0x0000000746600000, 0x0000000746700000|  0%| F|  |TAMS 0x0000000746600000, 0x0000000746600000| Untracked 
|  95|0x0000000746700000, 0x0000000746700000, 0x0000000746800000|  0%| F|  |TAMS 0x0000000746700000, 0x0000000746700000| Untracked 
|  96|0x0000000746800000, 0x0000000746800000, 0x0000000746900000|  0%| F|  |TAMS 0x0000000746800000, 0x0000000746800000| Untracked 
|  97|0x0000000746900000, 0x0000000746900000, 0x0000000746a00000|  0%| F|  |TAMS 0x0000000746900000, 0x0000000746900000| Untracked 
|  98|0x0000000746a00000, 0x0000000746a00000, 0x0000000746b00000|  0%| F|  |TAMS 0x0000000746a00000, 0x0000000746a00000| Untracked 
|  99|0x0000000746b00000, 0x0000000746b00000, 0x0000000746c00000|  0%| F|  |TAMS 0x0000000746b00000, 0x0000000746b00000| Untracked 
| 100|0x0000000746c00000, 0x0000000746c00000, 0x0000000746d00000|  0%| F|  |TAMS 0x0000000746c00000, 0x0000000746c00000| Untracked 
| 101|0x0000000746d00000, 0x0000000746d00000, 0x0000000746e00000|  0%| F|  |TAMS 0x0000000746d00000, 0x0000000746d00000| Untracked 
| 102|0x0000000746e00000, 0x0000000746e00000, 0x0000000746f00000|  0%| F|  |TAMS 0x0000000746e00000, 0x0000000746e00000| Untracked 
| 103|0x0000000746f00000, 0x0000000746f00000, 0x0000000747000000|  0%| F|  |TAMS 0x0000000746f00000, 0x0000000746f00000| Untracked 
| 104|0x0000000747000000, 0x0000000747000000, 0x0000000747100000|  0%| F|  |TAMS 0x0000000747000000, 0x0000000747000000| Untracked 
| 105|0x0000000747100000, 0x0000000747100000, 0x0000000747200000|  0%| F|  |TAMS 0x0000000747100000, 0x0000000747100000| Untracked 
| 106|0x0000000747200000, 0x0000000747200000, 0x0000000747300000|  0%| F|  |TAMS 0x0000000747200000, 0x0000000747200000| Untracked 
| 107|0x0000000747300000, 0x0000000747300000, 0x0000000747400000|  0%| F|  |TAMS 0x0000000747300000, 0x0000000747300000| Untracked 
| 108|0x0000000747400000, 0x0000000747400000, 0x0000000747500000|  0%| F|  |TAMS 0x0000000747400000, 0x0000000747400000| Untracked 
| 109|0x0000000747500000, 0x0000000747500000, 0x0000000747600000|  0%| F|  |TAMS 0x0000000747500000, 0x0000000747500000| Untracked 
| 110|0x0000000747600000, 0x0000000747600000, 0x0000000747700000|  0%| F|  |TAMS 0x0000000747600000, 0x0000000747600000| Untracked 
| 111|0x0000000747700000, 0x0000000747700000, 0x0000000747800000|  0%| F|  |TAMS 0x0000000747700000, 0x0000000747700000| Untracked 
| 112|0x0000000747800000, 0x00000007478deda0, 0x0000000747900000| 87%| S|CS|TAMS 0x0000000747800000, 0x0000000747800000| Complete 
| 113|0x0000000747900000, 0x0000000747a00000, 0x0000000747a00000|100%| S|CS|TAMS 0x0000000747900000, 0x0000000747900000| Complete 
| 114|0x0000000747a00000, 0x0000000747b00000, 0x0000000747b00000|100%| S|CS|TAMS 0x0000000747a00000, 0x0000000747a00000| Complete 
| 115|0x0000000747b00000, 0x0000000747c00000, 0x0000000747c00000|100%| S|CS|TAMS 0x0000000747b00000, 0x0000000747b00000| Complete 
| 116|0x0000000747c00000, 0x0000000747d00000, 0x0000000747d00000|100%| S|CS|TAMS 0x0000000747c00000, 0x0000000747c00000| Complete 
| 117|0x0000000747d00000, 0x0000000747e00000, 0x0000000747e00000|100%| S|CS|TAMS 0x0000000747d00000, 0x0000000747d00000| Complete 
| 118|0x0000000747e00000, 0x0000000747f00000, 0x0000000747f00000|100%| S|CS|TAMS 0x0000000747e00000, 0x0000000747e00000| Complete 
| 119|0x0000000747f00000, 0x0000000748000000, 0x0000000748000000|100%| S|CS|TAMS 0x0000000747f00000, 0x0000000747f00000| Complete 
| 120|0x0000000748000000, 0x0000000748100000, 0x0000000748100000|100%| S|CS|TAMS 0x0000000748000000, 0x0000000748000000| Complete 
| 121|0x0000000748100000, 0x0000000748200000, 0x0000000748200000|100%| S|CS|TAMS 0x0000000748100000, 0x0000000748100000| Complete 
| 122|0x0000000748200000, 0x0000000748200000, 0x0000000748300000|  0%| F|  |TAMS 0x0000000748200000, 0x0000000748200000| Untracked 
| 123|0x0000000748300000, 0x0000000748300000, 0x0000000748400000|  0%| F|  |TAMS 0x0000000748300000, 0x0000000748300000| Untracked 
| 124|0x0000000748400000, 0x0000000748400000, 0x0000000748500000|  0%| F|  |TAMS 0x0000000748400000, 0x0000000748400000| Untracked 
| 125|0x0000000748500000, 0x0000000748500000, 0x0000000748600000|  0%| F|  |TAMS 0x0000000748500000, 0x0000000748500000| Untracked 
| 126|0x0000000748600000, 0x0000000748600000, 0x0000000748700000|  0%| F|  |TAMS 0x0000000748600000, 0x0000000748600000| Untracked 
| 127|0x0000000748700000, 0x0000000748700000, 0x0000000748800000|  0%| F|  |TAMS 0x0000000748700000, 0x0000000748700000| Untracked 
| 128|0x0000000748800000, 0x0000000748800000, 0x0000000748900000|  0%| F|  |TAMS 0x0000000748800000, 0x0000000748800000| Untracked 
| 129|0x0000000748900000, 0x0000000748900000, 0x0000000748a00000|  0%| F|  |TAMS 0x0000000748900000, 0x0000000748900000| Untracked 
| 130|0x0000000748a00000, 0x0000000748a00000, 0x0000000748b00000|  0%| F|  |TAMS 0x0000000748a00000, 0x0000000748a00000| Untracked 
| 131|0x0000000748b00000, 0x0000000748b00000, 0x0000000748c00000|  0%| F|  |TAMS 0x0000000748b00000, 0x0000000748b00000| Untracked 
| 132|0x0000000748c00000, 0x0000000748c00000, 0x0000000748d00000|  0%| F|  |TAMS 0x0000000748c00000, 0x0000000748c00000| Untracked 
| 133|0x0000000748d00000, 0x0000000748d00000, 0x0000000748e00000|  0%| F|  |TAMS 0x0000000748d00000, 0x0000000748d00000| Untracked 
| 134|0x0000000748e00000, 0x0000000748e00000, 0x0000000748f00000|  0%| F|  |TAMS 0x0000000748e00000, 0x0000000748e00000| Untracked 
| 135|0x0000000748f00000, 0x0000000748f00000, 0x0000000749000000|  0%| F|  |TAMS 0x0000000748f00000, 0x0000000748f00000| Untracked 
| 136|0x0000000749000000, 0x0000000749000000, 0x0000000749100000|  0%| F|  |TAMS 0x0000000749000000, 0x0000000749000000| Untracked 
| 137|0x0000000749100000, 0x0000000749100000, 0x0000000749200000|  0%| F|  |TAMS 0x0000000749100000, 0x0000000749100000| Untracked 
| 138|0x0000000749200000, 0x0000000749200000, 0x0000000749300000|  0%| F|  |TAMS 0x0000000749200000, 0x0000000749200000| Untracked 
| 139|0x0000000749300000, 0x0000000749300000, 0x0000000749400000|  0%| F|  |TAMS 0x0000000749300000, 0x0000000749300000| Untracked 
| 140|0x0000000749400000, 0x0000000749400000, 0x0000000749500000|  0%| F|  |TAMS 0x0000000749400000, 0x0000000749400000| Untracked 
| 141|0x0000000749500000, 0x0000000749500000, 0x0000000749600000|  0%| F|  |TAMS 0x0000000749500000, 0x0000000749500000| Untracked 
| 142|0x0000000749600000, 0x0000000749600000, 0x0000000749700000|  0%| F|  |TAMS 0x0000000749600000, 0x0000000749600000| Untracked 
| 143|0x0000000749700000, 0x0000000749700000, 0x0000000749800000|  0%| F|  |TAMS 0x0000000749700000, 0x0000000749700000| Untracked 
| 144|0x0000000749800000, 0x0000000749800000, 0x0000000749900000|  0%| F|  |TAMS 0x0000000749800000, 0x0000000749800000| Untracked 
| 145|0x0000000749900000, 0x0000000749900000, 0x0000000749a00000|  0%| F|  |TAMS 0x0000000749900000, 0x0000000749900000| Untracked 
| 146|0x0000000749a00000, 0x0000000749a00000, 0x0000000749b00000|  0%| F|  |TAMS 0x0000000749a00000, 0x0000000749a00000| Untracked 
| 147|0x0000000749b00000, 0x0000000749b00000, 0x0000000749c00000|  0%| F|  |TAMS 0x0000000749b00000, 0x0000000749b00000| Untracked 
| 148|0x0000000749c00000, 0x0000000749c00000, 0x0000000749d00000|  0%| F|  |TAMS 0x0000000749c00000, 0x0000000749c00000| Untracked 
| 149|0x0000000749d00000, 0x0000000749d00000, 0x0000000749e00000|  0%| F|  |TAMS 0x0000000749d00000, 0x0000000749d00000| Untracked 
| 150|0x0000000749e00000, 0x0000000749e00000, 0x0000000749f00000|  0%| F|  |TAMS 0x0000000749e00000, 0x0000000749e00000| Untracked 
| 151|0x0000000749f00000, 0x0000000749f00000, 0x000000074a000000|  0%| F|  |TAMS 0x0000000749f00000, 0x0000000749f00000| Untracked 
| 152|0x000000074a000000, 0x000000074a000000, 0x000000074a100000|  0%| F|  |TAMS 0x000000074a000000, 0x000000074a000000| Untracked 
| 153|0x000000074a100000, 0x000000074a100000, 0x000000074a200000|  0%| F|  |TAMS 0x000000074a100000, 0x000000074a100000| Untracked 
| 154|0x000000074a200000, 0x000000074a200000, 0x000000074a300000|  0%| F|  |TAMS 0x000000074a200000, 0x000000074a200000| Untracked 
| 155|0x000000074a300000, 0x000000074a300000, 0x000000074a400000|  0%| F|  |TAMS 0x000000074a300000, 0x000000074a300000| Untracked 
| 156|0x000000074a400000, 0x000000074a400000, 0x000000074a500000|  0%| F|  |TAMS 0x000000074a400000, 0x000000074a400000| Untracked 
| 157|0x000000074a500000, 0x000000074a500000, 0x000000074a600000|  0%| F|  |TAMS 0x000000074a500000, 0x000000074a500000| Untracked 
| 158|0x000000074a600000, 0x000000074a600000, 0x000000074a700000|  0%| F|  |TAMS 0x000000074a600000, 0x000000074a600000| Untracked 
| 159|0x000000074a700000, 0x000000074a700000, 0x000000074a800000|  0%| F|  |TAMS 0x000000074a700000, 0x000000074a700000| Untracked 
| 160|0x000000074a800000, 0x000000074a800000, 0x000000074a900000|  0%| F|  |TAMS 0x000000074a800000, 0x000000074a800000| Untracked 
| 161|0x000000074a900000, 0x000000074a900000, 0x000000074aa00000|  0%| F|  |TAMS 0x000000074a900000, 0x000000074a900000| Untracked 
| 162|0x000000074aa00000, 0x000000074aa00000, 0x000000074ab00000|  0%| F|  |TAMS 0x000000074aa00000, 0x000000074aa00000| Untracked 
| 163|0x000000074ab00000, 0x000000074ab00000, 0x000000074ac00000|  0%| F|  |TAMS 0x000000074ab00000, 0x000000074ab00000| Untracked 
| 164|0x000000074ac00000, 0x000000074ac00000, 0x000000074ad00000|  0%| F|  |TAMS 0x000000074ac00000, 0x000000074ac00000| Untracked 
| 165|0x000000074ad00000, 0x000000074ad00000, 0x000000074ae00000|  0%| F|  |TAMS 0x000000074ad00000, 0x000000074ad00000| Untracked 
| 166|0x000000074ae00000, 0x000000074ae00000, 0x000000074af00000|  0%| F|  |TAMS 0x000000074ae00000, 0x000000074ae00000| Untracked 
| 167|0x000000074af00000, 0x000000074af00000, 0x000000074b000000|  0%| F|  |TAMS 0x000000074af00000, 0x000000074af00000| Untracked 
| 168|0x000000074b000000, 0x000000074b000000, 0x000000074b100000|  0%| F|  |TAMS 0x000000074b000000, 0x000000074b000000| Untracked 
| 169|0x000000074b100000, 0x000000074b100000, 0x000000074b200000|  0%| F|  |TAMS 0x000000074b100000, 0x000000074b100000| Untracked 
| 170|0x000000074b200000, 0x000000074b200000, 0x000000074b300000|  0%| F|  |TAMS 0x000000074b200000, 0x000000074b200000| Untracked 
| 171|0x000000074b300000, 0x000000074b300000, 0x000000074b400000|  0%| F|  |TAMS 0x000000074b300000, 0x000000074b300000| Untracked 
| 172|0x000000074b400000, 0x000000074b400000, 0x000000074b500000|  0%| F|  |TAMS 0x000000074b400000, 0x000000074b400000| Untracked 
| 173|0x000000074b500000, 0x000000074b500000, 0x000000074b600000|  0%| F|  |TAMS 0x000000074b500000, 0x000000074b500000| Untracked 
| 174|0x000000074b600000, 0x000000074b600000, 0x000000074b700000|  0%| F|  |TAMS 0x000000074b600000, 0x000000074b600000| Untracked 
| 175|0x000000074b700000, 0x000000074b700000, 0x000000074b800000|  0%| F|  |TAMS 0x000000074b700000, 0x000000074b700000| Untracked 
| 176|0x000000074b800000, 0x000000074b800000, 0x000000074b900000|  0%| F|  |TAMS 0x000000074b800000, 0x000000074b800000| Untracked 
| 177|0x000000074b900000, 0x000000074b900000, 0x000000074ba00000|  0%| F|  |TAMS 0x000000074b900000, 0x000000074b900000| Untracked 
| 178|0x000000074ba00000, 0x000000074ba00000, 0x000000074bb00000|  0%| F|  |TAMS 0x000000074ba00000, 0x000000074ba00000| Untracked 
| 179|0x000000074bb00000, 0x000000074bb00000, 0x000000074bc00000|  0%| F|  |TAMS 0x000000074bb00000, 0x000000074bb00000| Untracked 
| 180|0x000000074bc00000, 0x000000074bc00000, 0x000000074bd00000|  0%| F|  |TAMS 0x000000074bc00000, 0x000000074bc00000| Untracked 
| 181|0x000000074bd00000, 0x000000074bd00000, 0x000000074be00000|  0%| F|  |TAMS 0x000000074bd00000, 0x000000074bd00000| Untracked 
| 182|0x000000074be00000, 0x000000074be00000, 0x000000074bf00000|  0%| F|  |TAMS 0x000000074be00000, 0x000000074be00000| Untracked 
| 183|0x000000074bf00000, 0x000000074bf00000, 0x000000074c000000|  0%| F|  |TAMS 0x000000074bf00000, 0x000000074bf00000| Untracked 
| 184|0x000000074c000000, 0x000000074c000000, 0x000000074c100000|  0%| F|  |TAMS 0x000000074c000000, 0x000000074c000000| Untracked 
| 185|0x000000074c100000, 0x000000074c100000, 0x000000074c200000|  0%| F|  |TAMS 0x000000074c100000, 0x000000074c100000| Untracked 
| 186|0x000000074c200000, 0x000000074c200000, 0x000000074c300000|  0%| F|  |TAMS 0x000000074c200000, 0x000000074c200000| Untracked 
| 187|0x000000074c300000, 0x000000074c300000, 0x000000074c400000|  0%| F|  |TAMS 0x000000074c300000, 0x000000074c300000| Untracked 
| 188|0x000000074c400000, 0x000000074c400000, 0x000000074c500000|  0%| F|  |TAMS 0x000000074c400000, 0x000000074c400000| Untracked 
| 189|0x000000074c500000, 0x000000074c500000, 0x000000074c600000|  0%| F|  |TAMS 0x000000074c500000, 0x000000074c500000| Untracked 
| 190|0x000000074c600000, 0x000000074c600000, 0x000000074c700000|  0%| F|  |TAMS 0x000000074c600000, 0x000000074c600000| Untracked 
| 191|0x000000074c700000, 0x000000074c700000, 0x000000074c800000|  0%| F|  |TAMS 0x000000074c700000, 0x000000074c700000| Untracked 
| 192|0x000000074c800000, 0x000000074c800000, 0x000000074c900000|  0%| F|  |TAMS 0x000000074c800000, 0x000000074c800000| Untracked 
| 193|0x000000074c900000, 0x000000074c900000, 0x000000074ca00000|  0%| F|  |TAMS 0x000000074c900000, 0x000000074c900000| Untracked 
| 194|0x000000074ca00000, 0x000000074ca00000, 0x000000074cb00000|  0%| F|  |TAMS 0x000000074ca00000, 0x000000074ca00000| Untracked 
| 195|0x000000074cb00000, 0x000000074cb00000, 0x000000074cc00000|  0%| F|  |TAMS 0x000000074cb00000, 0x000000074cb00000| Untracked 
| 196|0x000000074cc00000, 0x000000074cc00000, 0x000000074cd00000|  0%| F|  |TAMS 0x000000074cc00000, 0x000000074cc00000| Untracked 
| 197|0x000000074cd00000, 0x000000074cd00000, 0x000000074ce00000|  0%| F|  |TAMS 0x000000074cd00000, 0x000000074cd00000| Untracked 
| 198|0x000000074ce00000, 0x000000074ce00000, 0x000000074cf00000|  0%| F|  |TAMS 0x000000074ce00000, 0x000000074ce00000| Untracked 
| 199|0x000000074cf00000, 0x000000074cf00000, 0x000000074d000000|  0%| F|  |TAMS 0x000000074cf00000, 0x000000074cf00000| Untracked 
| 200|0x000000074d000000, 0x000000074d000000, 0x000000074d100000|  0%| F|  |TAMS 0x000000074d000000, 0x000000074d000000| Untracked 
| 201|0x000000074d100000, 0x000000074d100000, 0x000000074d200000|  0%| F|  |TAMS 0x000000074d100000, 0x000000074d100000| Untracked 
| 202|0x000000074d200000, 0x000000074d200000, 0x000000074d300000|  0%| F|  |TAMS 0x000000074d200000, 0x000000074d200000| Untracked 
| 203|0x000000074d300000, 0x000000074d300000, 0x000000074d400000|  0%| F|  |TAMS 0x000000074d300000, 0x000000074d300000| Untracked 
| 204|0x000000074d400000, 0x000000074d400000, 0x000000074d500000|  0%| F|  |TAMS 0x000000074d400000, 0x000000074d400000| Untracked 
| 205|0x000000074d500000, 0x000000074d500000, 0x000000074d600000|  0%| F|  |TAMS 0x000000074d500000, 0x000000074d500000| Untracked 
| 206|0x000000074d600000, 0x000000074d600000, 0x000000074d700000|  0%| F|  |TAMS 0x000000074d600000, 0x000000074d600000| Untracked 
| 207|0x000000074d700000, 0x000000074d700000, 0x000000074d800000|  0%| F|  |TAMS 0x000000074d700000, 0x000000074d700000| Untracked 
| 208|0x000000074d800000, 0x000000074d800000, 0x000000074d900000|  0%| F|  |TAMS 0x000000074d800000, 0x000000074d800000| Untracked 
| 209|0x000000074d900000, 0x000000074d900000, 0x000000074da00000|  0%| F|  |TAMS 0x000000074d900000, 0x000000074d900000| Untracked 
| 210|0x000000074da00000, 0x000000074da00000, 0x000000074db00000|  0%| F|  |TAMS 0x000000074da00000, 0x000000074da00000| Untracked 
| 211|0x000000074db00000, 0x000000074db00000, 0x000000074dc00000|  0%| F|  |TAMS 0x000000074db00000, 0x000000074db00000| Untracked 
| 212|0x000000074dc00000, 0x000000074dc00000, 0x000000074dd00000|  0%| F|  |TAMS 0x000000074dc00000, 0x000000074dc00000| Untracked 
| 213|0x000000074dd00000, 0x000000074dd00000, 0x000000074de00000|  0%| F|  |TAMS 0x000000074dd00000, 0x000000074dd00000| Untracked 
| 214|0x000000074de00000, 0x000000074de00000, 0x000000074df00000|  0%| F|  |TAMS 0x000000074de00000, 0x000000074de00000| Untracked 
| 215|0x000000074df00000, 0x000000074df00000, 0x000000074e000000|  0%| F|  |TAMS 0x000000074df00000, 0x000000074df00000| Untracked 
| 216|0x000000074e000000, 0x000000074e000000, 0x000000074e100000|  0%| F|  |TAMS 0x000000074e000000, 0x000000074e000000| Untracked 
| 217|0x000000074e100000, 0x000000074e100000, 0x000000074e200000|  0%| F|  |TAMS 0x000000074e100000, 0x000000074e100000| Untracked 
| 218|0x000000074e200000, 0x000000074e200000, 0x000000074e300000|  0%| F|  |TAMS 0x000000074e200000, 0x000000074e200000| Untracked 
| 219|0x000000074e300000, 0x000000074e300000, 0x000000074e400000|  0%| F|  |TAMS 0x000000074e300000, 0x000000074e300000| Untracked 
| 220|0x000000074e400000, 0x000000074e400000, 0x000000074e500000|  0%| F|  |TAMS 0x000000074e400000, 0x000000074e400000| Untracked 
| 221|0x000000074e500000, 0x000000074e500000, 0x000000074e600000|  0%| F|  |TAMS 0x000000074e500000, 0x000000074e500000| Untracked 
| 222|0x000000074e600000, 0x000000074e600000, 0x000000074e700000|  0%| F|  |TAMS 0x000000074e600000, 0x000000074e600000| Untracked 
| 223|0x000000074e700000, 0x000000074e700000, 0x000000074e800000|  0%| F|  |TAMS 0x000000074e700000, 0x000000074e700000| Untracked 
| 224|0x000000074e800000, 0x000000074e800000, 0x000000074e900000|  0%| F|  |TAMS 0x000000074e800000, 0x000000074e800000| Untracked 
| 225|0x000000074e900000, 0x000000074e900000, 0x000000074ea00000|  0%| F|  |TAMS 0x000000074e900000, 0x000000074e900000| Untracked 
| 226|0x000000074ea00000, 0x000000074ea00000, 0x000000074eb00000|  0%| F|  |TAMS 0x000000074ea00000, 0x000000074ea00000| Untracked 
| 227|0x000000074eb00000, 0x000000074eb00000, 0x000000074ec00000|  0%| F|  |TAMS 0x000000074eb00000, 0x000000074eb00000| Untracked 
| 228|0x000000074ec00000, 0x000000074ec00000, 0x000000074ed00000|  0%| F|  |TAMS 0x000000074ec00000, 0x000000074ec00000| Untracked 
| 229|0x000000074ed00000, 0x000000074ed00000, 0x000000074ee00000|  0%| F|  |TAMS 0x000000074ed00000, 0x000000074ed00000| Untracked 
| 230|0x000000074ee00000, 0x000000074ee00000, 0x000000074ef00000|  0%| F|  |TAMS 0x000000074ee00000, 0x000000074ee00000| Untracked 
| 231|0x000000074ef00000, 0x000000074ef00000, 0x000000074f000000|  0%| F|  |TAMS 0x000000074ef00000, 0x000000074ef00000| Untracked 
| 232|0x000000074f000000, 0x000000074f000000, 0x000000074f100000|  0%| F|  |TAMS 0x000000074f000000, 0x000000074f000000| Untracked 
| 233|0x000000074f100000, 0x000000074f100000, 0x000000074f200000|  0%| F|  |TAMS 0x000000074f100000, 0x000000074f100000| Untracked 
| 234|0x000000074f200000, 0x000000074f200000, 0x000000074f300000|  0%| F|  |TAMS 0x000000074f200000, 0x000000074f200000| Untracked 
| 235|0x000000074f300000, 0x000000074f300000, 0x000000074f400000|  0%| F|  |TAMS 0x000000074f300000, 0x000000074f300000| Untracked 
| 236|0x000000074f400000, 0x000000074f400000, 0x000000074f500000|  0%| F|  |TAMS 0x000000074f400000, 0x000000074f400000| Untracked 
| 237|0x000000074f500000, 0x000000074f500000, 0x000000074f600000|  0%| F|  |TAMS 0x000000074f500000, 0x000000074f500000| Untracked 
| 238|0x000000074f600000, 0x000000074f600000, 0x000000074f700000|  0%| F|  |TAMS 0x000000074f600000, 0x000000074f600000| Untracked 
| 239|0x000000074f700000, 0x000000074f700000, 0x000000074f800000|  0%| F|  |TAMS 0x000000074f700000, 0x000000074f700000| Untracked 
| 240|0x000000074f800000, 0x000000074f800000, 0x000000074f900000|  0%| F|  |TAMS 0x000000074f800000, 0x000000074f800000| Untracked 
| 241|0x000000074f900000, 0x000000074f900000, 0x000000074fa00000|  0%| F|  |TAMS 0x000000074f900000, 0x000000074f900000| Untracked 
| 242|0x000000074fa00000, 0x000000074fa00000, 0x000000074fb00000|  0%| F|  |TAMS 0x000000074fa00000, 0x000000074fa00000| Untracked 
| 243|0x000000074fb00000, 0x000000074fb00000, 0x000000074fc00000|  0%| F|  |TAMS 0x000000074fb00000, 0x000000074fb00000| Untracked 
| 244|0x000000074fc00000, 0x000000074fc00000, 0x000000074fd00000|  0%| F|  |TAMS 0x000000074fc00000, 0x000000074fc00000| Untracked 
| 245|0x000000074fd00000, 0x000000074fd00000, 0x000000074fe00000|  0%| F|  |TAMS 0x000000074fd00000, 0x000000074fd00000| Untracked 
| 246|0x000000074fe00000, 0x000000074fe00000, 0x000000074ff00000|  0%| F|  |TAMS 0x000000074fe00000, 0x000000074fe00000| Untracked 
| 247|0x000000074ff00000, 0x000000074ff00000, 0x0000000750000000|  0%| F|  |TAMS 0x000000074ff00000, 0x000000074ff00000| Untracked 
| 248|0x0000000750000000, 0x0000000750000000, 0x0000000750100000|  0%| F|  |TAMS 0x0000000750000000, 0x0000000750000000| Untracked 
| 249|0x0000000750100000, 0x0000000750100000, 0x0000000750200000|  0%| F|  |TAMS 0x0000000750100000, 0x0000000750100000| Untracked 
| 250|0x0000000750200000, 0x0000000750200000, 0x0000000750300000|  0%| F|  |TAMS 0x0000000750200000, 0x0000000750200000| Untracked 
| 251|0x0000000750300000, 0x0000000750300000, 0x0000000750400000|  0%| F|  |TAMS 0x0000000750300000, 0x0000000750300000| Untracked 
| 252|0x0000000750400000, 0x0000000750400000, 0x0000000750500000|  0%| F|  |TAMS 0x0000000750400000, 0x0000000750400000| Untracked 
| 253|0x0000000750500000, 0x000000075058a970, 0x0000000750600000| 54%| E|  |TAMS 0x0000000750500000, 0x0000000750500000| Complete 
| 254|0x0000000750600000, 0x0000000750700000, 0x0000000750700000|100%| E|CS|TAMS 0x0000000750600000, 0x0000000750600000| Complete 
| 255|0x0000000750700000, 0x0000000750800000, 0x0000000750800000|100%| E|CS|TAMS 0x0000000750700000, 0x0000000750700000| Complete 
| 256|0x0000000750800000, 0x0000000750900000, 0x0000000750900000|100%| E|CS|TAMS 0x0000000750800000, 0x0000000750800000| Complete 
| 257|0x0000000750900000, 0x0000000750a00000, 0x0000000750a00000|100%| E|CS|TAMS 0x0000000750900000, 0x0000000750900000| Complete 
| 258|0x0000000750a00000, 0x0000000750b00000, 0x0000000750b00000|100%| E|CS|TAMS 0x0000000750a00000, 0x0000000750a00000| Complete 
| 259|0x0000000750b00000, 0x0000000750c00000, 0x0000000750c00000|100%| E|CS|TAMS 0x0000000750b00000, 0x0000000750b00000| Complete 
| 260|0x0000000750c00000, 0x0000000750d00000, 0x0000000750d00000|100%| E|CS|TAMS 0x0000000750c00000, 0x0000000750c00000| Complete 
| 261|0x0000000750d00000, 0x0000000750e00000, 0x0000000750e00000|100%| E|CS|TAMS 0x0000000750d00000, 0x0000000750d00000| Complete 
| 262|0x0000000750e00000, 0x0000000750f00000, 0x0000000750f00000|100%| E|CS|TAMS 0x0000000750e00000, 0x0000000750e00000| Complete 
| 263|0x0000000750f00000, 0x0000000751000000, 0x0000000751000000|100%| E|CS|TAMS 0x0000000750f00000, 0x0000000750f00000| Complete 
| 264|0x0000000751000000, 0x0000000751100000, 0x0000000751100000|100%| E|CS|TAMS 0x0000000751000000, 0x0000000751000000| Complete 
| 265|0x0000000751100000, 0x0000000751200000, 0x0000000751200000|100%| E|CS|TAMS 0x0000000751100000, 0x0000000751100000| Complete 
| 266|0x0000000751200000, 0x0000000751300000, 0x0000000751300000|100%| E|CS|TAMS 0x0000000751200000, 0x0000000751200000| Complete 
| 267|0x0000000751300000, 0x0000000751400000, 0x0000000751400000|100%| E|CS|TAMS 0x0000000751300000, 0x0000000751300000| Complete 
| 268|0x0000000751400000, 0x0000000751500000, 0x0000000751500000|100%| E|CS|TAMS 0x0000000751400000, 0x0000000751400000| Complete 
| 269|0x0000000751500000, 0x0000000751600000, 0x0000000751600000|100%| E|CS|TAMS 0x0000000751500000, 0x0000000751500000| Complete 
| 270|0x0000000751600000, 0x0000000751700000, 0x0000000751700000|100%| E|CS|TAMS 0x0000000751600000, 0x0000000751600000| Complete 
| 271|0x0000000751700000, 0x0000000751800000, 0x0000000751800000|100%| E|CS|TAMS 0x0000000751700000, 0x0000000751700000| Complete 
| 272|0x0000000751800000, 0x0000000751900000, 0x0000000751900000|100%| E|CS|TAMS 0x0000000751800000, 0x0000000751800000| Complete 
| 273|0x0000000751900000, 0x0000000751a00000, 0x0000000751a00000|100%| E|CS|TAMS 0x0000000751900000, 0x0000000751900000| Complete 
| 274|0x0000000751a00000, 0x0000000751b00000, 0x0000000751b00000|100%| E|CS|TAMS 0x0000000751a00000, 0x0000000751a00000| Complete 
| 275|0x0000000751b00000, 0x0000000751c00000, 0x0000000751c00000|100%| E|CS|TAMS 0x0000000751b00000, 0x0000000751b00000| Complete 
| 276|0x0000000751c00000, 0x0000000751d00000, 0x0000000751d00000|100%| E|CS|TAMS 0x0000000751c00000, 0x0000000751c00000| Complete 
| 277|0x0000000751d00000, 0x0000000751e00000, 0x0000000751e00000|100%| E|CS|TAMS 0x0000000751d00000, 0x0000000751d00000| Complete 

Card table byte_map: [0x0000020edacc0000,0x0000020edb2c0000] _byte_map_base: 0x0000020ed72bc000

Marking Bits (Prev, Next): (CMBitMap*) 0x0000020ec33f2030, (CMBitMap*) 0x0000020ec33f1ff8
 Prev Bits: [0x0000020ede8a0000, 0x0000020ee1880000)
 Next Bits: [0x0000020edb8c0000, 0x0000020ede8a0000)

Polling page: 0x0000020ec1300000

Metaspace:

Usage:
  Non-class:     67.90 MB capacity,    66.84 MB ( 98%) used,   855.76 KB (  1%) free+waste,   227.13 KB ( <1%) overhead. 
      Class:     10.33 MB capacity,     9.67 MB ( 94%) used,   582.13 KB (  6%) free+waste,   103.69 KB ( <1%) overhead. 
       Both:     78.23 MB capacity,    76.50 MB ( 98%) used,     1.40 MB (  2%) free+waste,   330.81 KB ( <1%) overhead. 

Virtual space:
  Non-class space:       68.00 MB reserved,      67.95 MB (>99%) committed 
      Class space:        1.00 GB reserved,      10.38 MB (  1%) committed 
             Both:        1.07 GB reserved,      78.32 MB (  7%) committed 

Chunk freelists:
   Non-Class:  6.75 KB
       Class:  1.13 KB
        Both:  7.88 KB

CodeHeap 'non-profiled nmethods': size=120064Kb used=4320Kb max_used=4947Kb free=115743Kb
 bounds [0x0000020ed3180000, 0x0000020ed3670000, 0x0000020eda6c0000]
CodeHeap 'profiled nmethods': size=120000Kb used=15850Kb max_used=16823Kb free=104149Kb
 bounds [0x0000020ecbc50000, 0x0000020ecccc0000, 0x0000020ed3180000]
CodeHeap 'non-nmethods': size=5696Kb used=1257Kb max_used=1345Kb free=4439Kb
 bounds [0x0000020ecb6c0000, 0x0000020ecb930000, 0x0000020ecbc50000]
 total_blobs=10652 nmethods=6727 adapters=541
 compilation: enabled
              stopped_count=0, restarted_count=0
 full_count=0

Compilation events (10 events):
Event: 173616.235 Thread 0x0000020ee3da8000 8029       3       java.lang.AbstractStringBuilder::inflate (42 bytes)
Event: 173616.235 Thread 0x0000020ee3da8000 nmethod 8029 0x0000020ecc721110 code [0x0000020ecc721300, 0x0000020ecc721700]
Event: 173616.320 Thread 0x0000020ee3da8000 8032       1       com.sun.org.apache.xerces.internal.utils.XMLSecurityManager$Limit::systemProperty (5 bytes)
Event: 173616.320 Thread 0x0000020ee3da8000 nmethod 8032 0x0000020ed335a610 code [0x0000020ed335a7c0, 0x0000020ed335a8d8]
Event: 173616.322 Thread 0x0000020ee3da8000 8033       3       com.sun.org.apache.xerces.internal.xni.QName::clear (21 bytes)
Event: 173616.322 Thread 0x0000020ee3da8000 nmethod 8033 0x0000020ecc39f890 code [0x0000020ecc39fa40, 0x0000020ecc39fc78]
Event: 173616.322 Thread 0x0000020ee3da8000 8034       3       com.sun.org.apache.xerces.internal.parsers.XML11Configuration::checkProperty (192 bytes)
Event: 173616.325 Thread 0x0000020ee3da8000 nmethod 8034 0x0000020ecc783b90 code [0x0000020ecc784000, 0x0000020ecc785e10]
Event: 173616.361 Thread 0x0000020ee3da8000 8035       3       com.sun.org.apache.xerces.internal.xni.QName::<init> (9 bytes)
Event: 173616.361 Thread 0x0000020ee3da8000 nmethod 8035 0x0000020ecc5ae710 code [0x0000020ecc5ae8e0, 0x0000020ecc5aebd8]

GC Heap History (10 events):
Event: 98992.700 GC heap before
{Heap before GC invocations=22 (full 0):
 garbage-first heap   total 284672K, used 192455K [0x0000000740800000, 0x0000000800000000)
  region size 1024K, 166 young (169984K), 10 survivors (10240K)
 Metaspace       used 77339K, capacity 79085K, committed 79308K, reserved 1118208K
  class space    used 9788K, capacity 10434K, committed 10496K, reserved 1048576K
}
Event: 98992.754 GC heap after
{Heap after GC invocations=23 (full 0):
 garbage-first heap   total 284672K, used 32243K [0x0000000740800000, 0x0000000800000000)
  region size 1024K, 10 young (10240K), 10 survivors (10240K)
 Metaspace       used 77339K, capacity 79085K, committed 79308K, reserved 1118208K
  class space    used 9788K, capacity 10434K, committed 10496K, reserved 1048576K
}
Event: 102849.234 GC heap before
{Heap before GC invocations=23 (full 0):
 garbage-first heap   total 284672K, used 191987K [0x0000000740800000, 0x0000000800000000)
  region size 1024K, 166 young (169984K), 10 survivors (10240K)
 Metaspace       used 77363K, capacity 79085K, committed 79308K, reserved 1118208K
  class space    used 9788K, capacity 10434K, committed 10496K, reserved 1048576K
}
Event: 102849.280 GC heap after
{Heap after GC invocations=24 (full 0):
 garbage-first heap   total 284672K, used 32668K [0x0000000740800000, 0x0000000800000000)
  region size 1024K, 10 young (10240K), 10 survivors (10240K)
 Metaspace       used 77363K, capacity 79085K, committed 79308K, reserved 1118208K
  class space    used 9788K, capacity 10434K, committed 10496K, reserved 1048576K
}
Event: 106583.814 GC heap before
{Heap before GC invocations=24 (full 0):
 garbage-first heap   total 284672K, used 192412K [0x0000000740800000, 0x0000000800000000)
  region size 1024K, 166 young (169984K), 10 survivors (10240K)
 Metaspace       used 77420K, capacity 79150K, committed 79308K, reserved 1118208K
  class space    used 9788K, capacity 10434K, committed 10496K, reserved 1048576K
}
Event: 106583.832 GC heap after
{Heap after GC invocations=25 (full 0):
 garbage-first heap   total 284672K, used 32659K [0x0000000740800000, 0x0000000800000000)
  region size 1024K, 10 young (10240K), 10 survivors (10240K)
 Metaspace       used 77420K, capacity 79150K, committed 79308K, reserved 1118208K
  class space    used 9788K, capacity 10434K, committed 10496K, reserved 1048576K
}
Event: 110388.493 GC heap before
{Heap before GC invocations=25 (full 0):
 garbage-first heap   total 284672K, used 192403K [0x0000000740800000, 0x0000000800000000)
  region size 1024K, 166 young (169984K), 10 survivors (10240K)
 Metaspace       used 77421K, capacity 79150K, committed 79308K, reserved 1118208K
  class space    used 9788K, capacity 10434K, committed 10496K, reserved 1048576K
}
Event: 110388.511 GC heap after
{Heap after GC invocations=26 (full 0):
 garbage-first heap   total 284672K, used 32234K [0x0000000740800000, 0x0000000800000000)
  region size 1024K, 10 young (10240K), 10 survivors (10240K)
 Metaspace       used 77421K, capacity 79150K, committed 79308K, reserved 1118208K
  class space    used 9788K, capacity 10434K, committed 10496K, reserved 1048576K
}
Event: 173064.483 GC heap before
{Heap before GC invocations=26 (full 0):
 garbage-first heap   total 284672K, used 191978K [0x0000000740800000, 0x0000000800000000)
  region size 1024K, 166 young (169984K), 10 survivors (10240K)
 Metaspace       used 77437K, capacity 79150K, committed 79308K, reserved 1118208K
  class space    used 9788K, capacity 10434K, committed 10496K, reserved 1048576K
}
Event: 173064.497 GC heap after
{Heap after GC invocations=27 (full 0):
 garbage-first heap   total 284672K, used 32776K [0x0000000740800000, 0x0000000800000000)
  region size 1024K, 10 young (10240K), 10 survivors (10240K)
 Metaspace       used 77437K, capacity 79150K, committed 79308K, reserved 1118208K
  class space    used 9788K, capacity 10434K, committed 10496K, reserved 1048576K
}

Deoptimization events (10 events):
Event: 85531.331 Thread 0x0000020ee580b800 Uncommon trap: reason=class_check action=maybe_recompile pc=0x0000020ed3219698 method=java.util.concurrent.ThreadPoolExecutor.getTask()Ljava/lang/Runnable; @ 147 c2
Event: 85581.355 Thread 0x0000020ee5812000 Uncommon trap: reason=class_check action=maybe_recompile pc=0x0000020ed3219698 method=java.util.concurrent.ThreadPoolExecutor.getTask()Ljava/lang/Runnable; @ 147 c2
Event: 173616.033 Thread 0x0000020ee580f800 Uncommon trap: reason=unstable_if action=reinterpret pc=0x0000020ed32aa76c method=java.lang.AbstractStringBuilder.appendChars(Ljava/lang/CharSequence;II)V @ 43 c2
Event: 173616.034 Thread 0x0000020ee580f800 Uncommon trap: reason=unstable_if action=reinterpret pc=0x0000020ed31ebf94 method=java.lang.StringBuffer.toString()Ljava/lang/String; @ 12 c2
Event: 173616.035 Thread 0x0000020ee580f800 Uncommon trap: reason=unstable_if action=reinterpret pc=0x0000020ed31e7d7c method=java.lang.AbstractStringBuilder.appendChars(Ljava/lang/CharSequence;II)V @ 43 c2
Event: 173616.036 Thread 0x0000020ee94ee800 Uncommon trap: reason=unstable_if action=reinterpret pc=0x0000020ed32eb354 method=com.zaxxer.hikari.util.ConcurrentBag.getCount(I)I @ 38 c2
Event: 173616.167 Thread 0x0000020ee94eb800 Uncommon trap: reason=unloaded action=reinterpret pc=0x0000020ed326154c method=java.net.SocketInputStream.read([BIII)I @ 148 c2
Event: 173616.182 Thread 0x0000020ee580f800 Uncommon trap: reason=unstable_if action=reinterpret pc=0x0000020ed3659ed4 method=org.postgresql.core.v3.QueryExecutorImpl.processResults(Lorg/postgresql/core/ResultHandler;I)V @ 51 c2
Event: 173616.235 Thread 0x0000020ee580f800 Uncommon trap: reason=unstable_if action=reinterpret pc=0x0000020ed353be68 method=java.lang.AbstractStringBuilder.append(I)Ljava/lang/AbstractStringBuilder; @ 21 c2
Event: 173616.350 Thread 0x0000020ee580f800 Uncommon trap: reason=unstable_if action=reinterpret pc=0x0000020ed3273740 method=com.sun.org.apache.xerces.internal.impl.XMLEntityScanner.skipSpaces()Z @ 72 c2

Classes redefined (0 events):
No events

Internal exceptions (10 events):
Event: 173616.041 Thread 0x0000020ee580f800 Exception <a 'java/net/SocketException'{0x000000075076ce58}: Connection reset by peer: socket write error> (0x000000075076ce58) thrown at [t:/workspace/open/src/hotspot/share/prims/jni.cpp, line 636]
Event: 173616.043 Thread 0x0000020ee580f800 Exception <a 'java/net/SocketException'{0x0000000750771ad0}: Connection reset by peer: socket write error> (0x0000000750771ad0) thrown at [t:/workspace/open/src/hotspot/share/prims/jni.cpp, line 636]
Event: 173616.045 Thread 0x0000020ee580f800 Exception <a 'java/net/SocketException'{0x00000007507764a0}: Connection reset by peer: socket write error> (0x00000007507764a0) thrown at [t:/workspace/open/src/hotspot/share/prims/jni.cpp, line 636]
Event: 173616.050 Thread 0x0000020ee580f800 Exception <a 'java/net/SocketException'{0x000000075077b160}: Connection reset by peer: socket write error> (0x000000075077b160) thrown at [t:/workspace/open/src/hotspot/share/prims/jni.cpp, line 636]
Event: 173616.053 Thread 0x0000020ee580f800 Exception <a 'java/net/SocketException'{0x000000075077faf8}: Connection reset by peer: socket write error> (0x000000075077faf8) thrown at [t:/workspace/open/src/hotspot/share/prims/jni.cpp, line 636]
Event: 173616.056 Thread 0x0000020ee580f800 Exception <a 'java/net/SocketException'{0x0000000750784830}: Connection reset by peer: socket write error> (0x0000000750784830) thrown at [t:/workspace/open/src/hotspot/share/prims/jni.cpp, line 636]
Event: 173616.058 Thread 0x0000020ee580f800 Exception <a 'java/net/SocketException'{0x00000007507891e0}: Connection reset by peer: socket write error> (0x00000007507891e0) thrown at [t:/workspace/open/src/hotspot/share/prims/jni.cpp, line 636]
Event: 173616.167 Thread 0x0000020ee94eb800 Exception <a 'sun/net/ConnectionResetException'{0x00000007507197e0}: > (0x00000007507197e0) thrown at [t:/workspace/open/src/hotspot/share/prims/jni.cpp, line 636]
Event: 173616.211 Thread 0x0000020ee580f800 Exception <a 'sun/net/ConnectionResetException'{0x0000000750621430}: > (0x0000000750621430) thrown at [t:/workspace/open/src/hotspot/share/prims/jni.cpp, line 636]
Event: 173616.224 Thread 0x0000020ee580f800 Exception <a 'java/lang/NoClassDefFoundError'{0x000000075063f288}: sun/reflect/Reflection> (0x000000075063f288) thrown at [t:/workspace/open/src/hotspot/share/classfile/systemDictionary.cpp, line 220]

Events (10 events):
Event: 173616.355 loading class com/sun/org/apache/xerces/internal/xni/grammars/Grammar
Event: 173616.357 loading class com/sun/org/apache/xerces/internal/xni/grammars/Grammar done
Event: 173616.357 loading class com/sun/org/apache/xerces/internal/impl/dtd/DTDGrammar done
Event: 173616.357 loading class com/sun/org/apache/xerces/internal/impl/dtd/models/ContentModelValidator
Event: 173616.360 loading class com/sun/org/apache/xerces/internal/impl/dtd/models/ContentModelValidator done
Event: 173616.360 Thread 0x0000020ee57f0000 Thread added: 0x0000020ee57f0000
Event: 173616.361 loading class com/sun/org/apache/xerces/internal/impl/dtd/XMLContentSpec
Event: 173616.361 loading class com/sun/org/apache/xerces/internal/impl/dtd/XMLContentSpec done
Event: 173616.361 loading class com/sun/org/apache/xerces/internal/impl/XMLDocumentScannerImpl$DTDDriver
Event: 173616.364 loading class com/sun/org/apache/xerces/internal/impl/XMLDocumentScannerImpl$DTDDriver done


Dynamic libraries:
0x00007ff65cdf0000 - 0x00007ff65ce37000 	C:\Program Files\Java\jdk-11.0.1\bin\java.exe
0x00007fffec7e0000 - 0x00007fffec9c1000 	C:\Windows\SYSTEM32\ntdll.dll
0x00007fffea550000 - 0x00007fffea601000 	C:\Windows\System32\KERNEL32.DLL
0x00007fffe96e0000 - 0x00007fffe9953000 	C:\Windows\System32\KERNELBASE.dll
0x00007fffec700000 - 0x00007fffec7a1000 	C:\Windows\System32\ADVAPI32.dll
0x00007fffea730000 - 0x00007fffea7ce000 	C:\Windows\System32\msvcrt.dll
0x00007fffec250000 - 0x00007fffec2ab000 	C:\Windows\System32\sechost.dll
0x00007fffebc20000 - 0x00007fffebd44000 	C:\Windows\System32\RPCRT4.dll
0x00007fffea210000 - 0x00007fffea3a0000 	C:\Windows\System32\USER32.dll
0x00007fffe9620000 - 0x00007fffe9640000 	C:\Windows\System32\win32u.dll
0x00007fffe9e80000 - 0x00007fffe9ea8000 	C:\Windows\System32\GDI32.dll
0x00007fffe9960000 - 0x00007fffe9af1000 	C:\Windows\System32\gdi32full.dll
0x00007fffe9640000 - 0x00007fffe96df000 	C:\Windows\System32\msvcp_win.dll
0x00007fffe9b00000 - 0x00007fffe9bf8000 	C:\Windows\System32\ucrtbase.dll
0x00007fffd9c70000 - 0x00007fffd9ed9000 	C:\Windows\WinSxS\amd64_microsoft.windows.common-controls_6595b64144ccf1df_6.0.17134.1038_none_d3fe8c457c918b86\COMCTL32.dll
0x00007fffebd50000 - 0x00007fffec071000 	C:\Windows\System32\combase.dll
0x00007fffe8ba0000 - 0x00007fffe8c19000 	C:\Windows\System32\bcryptPrimitives.dll
0x00007fffe4870000 - 0x00007fffe487a000 	C:\Windows\SYSTEM32\VERSION.dll
0x00007fffea520000 - 0x00007fffea54d000 	C:\Windows\System32\IMM32.DLL
0x00007fffe59f0000 - 0x00007fffe5a06000 	C:\Program Files\Java\jdk-11.0.1\bin\vcruntime140.dll
0x00007fffd64f0000 - 0x00007fffd659a000 	C:\Program Files\Java\jdk-11.0.1\bin\msvcp140.dll
0x00007fffa90a0000 - 0x00007fffa9be2000 	C:\Program Files\Java\jdk-11.0.1\bin\server\jvm.dll
0x00007fffea720000 - 0x00007fffea728000 	C:\Windows\System32\PSAPI.DLL
0x00007fffdaad0000 - 0x00007fffdaad9000 	C:\Windows\SYSTEM32\WSOCK32.dll
0x00007fffec080000 - 0x00007fffec0ec000 	C:\Windows\System32\WS2_32.dll
0x00007fffe00e0000 - 0x00007fffe0103000 	C:\Windows\SYSTEM32\WINMM.dll
0x00007fffdffd0000 - 0x00007fffdfffa000 	C:\Windows\SYSTEM32\WINMMBASE.dll
0x00007fffe95d0000 - 0x00007fffe9619000 	C:\Windows\System32\cfgmgr32.dll
0x00007fffe8af0000 - 0x00007fffe8b01000 	C:\Windows\System32\kernel.appcore.dll
0x00007fffe2500000 - 0x00007fffe2511000 	C:\Program Files\Java\jdk-11.0.1\bin\verify.dll
0x00007fffdbdc0000 - 0x00007fffdbf89000 	C:\Windows\SYSTEM32\DBGHELP.DLL
0x00007fffdb530000 - 0x00007fffdb559000 	C:\Windows\SYSTEM32\dbgcore.DLL
0x00007fffe0730000 - 0x00007fffe0759000 	C:\Program Files\Java\jdk-11.0.1\bin\java.dll
0x00007fffd7040000 - 0x00007fffd706f000 	C:\Program Files\Java\jdk-11.0.1\bin\instrument.dll
0x00007fffe24e0000 - 0x00007fffe24f6000 	C:\Program Files\Java\jdk-11.0.1\bin\zip.dll
0x00007fffe59e0000 - 0x00007fffe59ea000 	C:\Program Files\Java\jdk-11.0.1\bin\jimage.dll
0x00007fffea7d0000 - 0x00007fffebc14000 	C:\Windows\System32\SHELL32.dll
0x00007fffe9ce0000 - 0x00007fffe9d89000 	C:\Windows\System32\shcore.dll
0x00007fffe8ec0000 - 0x00007fffe95d0000 	C:\Windows\System32\windows.storage.dll
0x00007fffea620000 - 0x00007fffea671000 	C:\Windows\System32\shlwapi.dll
0x00007fffe8b10000 - 0x00007fffe8b2f000 	C:\Windows\System32\profapi.dll
0x00007fffe8b50000 - 0x00007fffe8b9c000 	C:\Windows\System32\powrprof.dll
0x00007fffe8ae0000 - 0x00007fffe8aea000 	C:\Windows\System32\FLTLIB.DLL
0x00007fffe0710000 - 0x00007fffe0729000 	C:\Program Files\Java\jdk-11.0.1\bin\net.dll
0x00007fffe3600000 - 0x00007fffe36dd000 	C:\Windows\SYSTEM32\WINHTTP.dll
0x00007fffe8360000 - 0x00007fffe83c6000 	C:\Windows\system32\mswsock.dll
0x00007fffdf900000 - 0x00007fffdf913000 	C:\Program Files\Java\jdk-11.0.1\bin\nio.dll
0x00007fffd7020000 - 0x00007fffd703a000 	D:\Develop\IntelliJ IDEA 2019.2.2\bin\breakgen64.dll
0x00007fffe0ca0000 - 0x00007fffe0ca9000 	C:\Program Files\Java\jdk-11.0.1\bin\management.dll
0x00007fffe0bd0000 - 0x00007fffe0bdc000 	C:\Program Files\Java\jdk-11.0.1\bin\management_ext.dll
0x00007fffd6c80000 - 0x00007fffd6c96000 	C:\Windows\system32\napinsp.dll
0x00007fffd6c60000 - 0x00007fffd6c7a000 	C:\Windows\system32\pnrpnsp.dll
0x00007fffe5820000 - 0x00007fffe5839000 	C:\Windows\system32\NLAapi.dll
0x00007fffe80f0000 - 0x00007fffe81ae000 	C:\Windows\SYSTEM32\DNSAPI.dll
0x00007fffea610000 - 0x00007fffea618000 	C:\Windows\System32\NSI.dll
0x00007fffe80b0000 - 0x00007fffe80e8000 	C:\Windows\SYSTEM32\IPHLPAPI.DLL
0x00007fffdaba0000 - 0x00007fffdabae000 	C:\Windows\System32\winrnr.dll
0x00007fffe35b0000 - 0x00007fffe35ba000 	C:\Windows\System32\rasadhlp.dll
0x00007fffe37b0000 - 0x00007fffe3822000 	C:\Windows\System32\fwpuclnt.dll
0x00007fffe8640000 - 0x00007fffe8665000 	C:\Windows\SYSTEM32\bcrypt.dll
0x00007fffe8520000 - 0x00007fffe8537000 	C:\Windows\SYSTEM32\CRYPTSP.dll
0x00007fffe7f10000 - 0x00007fffe7f43000 	C:\Windows\system32\rsaenh.dll
0x00007fffe89e0000 - 0x00007fffe8a08000 	C:\Windows\SYSTEM32\USERENV.dll
0x00007fffe8510000 - 0x00007fffe851b000 	C:\Windows\SYSTEM32\CRYPTBASE.dll
0x00007fffe47e0000 - 0x00007fffe47f6000 	C:\Windows\SYSTEM32\dhcpcsvc6.DLL
0x00007fffe47c0000 - 0x00007fffe47da000 	C:\Windows\SYSTEM32\dhcpcsvc.DLL

dbghelp: loaded successfully - version: 4.0.5 - missing functions: none
symbol engine: initialized successfully - sym options: 0x614 - pdb path: .;C:\Program Files\Java\jdk-11.0.1\bin;C:\Windows\SYSTEM32;C:\Windows\WinSxS\amd64_microsoft.windows.common-controls_6595b64144ccf1df_6.0.17134.1038_none_d3fe8c457c918b86;C:\Program Files\Java\jdk-11.0.1\bin\server;D:\Develop\IntelliJ IDEA 2019.2.2\bin

VM Arguments:
jvm_args: -javaagent:D:\Develop\IntelliJ IDEA 2019.2.2\lib\idea_rt.jar=50390:D:\Develop\IntelliJ IDEA 2019.2.2\bin -Dfile.encoding=UTF-8 
java_command: com.voronov.springDemo.Application
java_class_path (initial): C:\Users\ArteM\Downloads\SpringDemo\SpringDemo\target\classes;C:\Users\ArteM\.m2\repository\org\springframework\session\spring-session-jdbc\2.1.7.RELEASE\spring-session-jdbc-2.1.7.RELEASE.jar;C:\Users\ArteM\.m2\repository\org\springframework\session\spring-session-core\2.1.7.RELEASE\spring-session-core-2.1.7.RELEASE.jar;C:\Users\ArteM\.m2\repository\org\springframework\spring-jcl\5.1.8.RELEASE\spring-jcl-5.1.8.RELEASE.jar;C:\Users\ArteM\.m2\repository\org\springframework\spring-context\5.1.8.RELEASE\spring-context-5.1.8.RELEASE.jar;C:\Users\ArteM\.m2\repository\org\springframework\spring-beans\5.1.8.RELEASE\spring-beans-5.1.8.RELEASE.jar;C:\Users\ArteM\.m2\repository\org\springframework\spring-core\5.1.8.RELEASE\spring-core-5.1.8.RELEASE.jar;C:\Users\ArteM\.m2\repository\org\springframework\spring-expression\5.1.8.RELEASE\spring-expression-5.1.8.RELEASE.jar;C:\Users\ArteM\.m2\repository\org\springframework\spring-jdbc\5.1.8.RELEASE\spring-jdbc-5.1.8.RELEASE.jar;C:\Users\ArteM\.m2\repository\org\springframework\spring-tx\5.1.8.RELEASE\spring-tx-5.1.8.RELEASE.jar;C:\Users\ArteM\.m2\repository\org\flywaydb\flyway-core\5.2.4\flyway-core-5.2.4.jar;C:\Users\ArteM\.m2\repository\org\springframework\boot\spring-boot-starter-mail\2.0.1.RELEASE\spring-boot-starter-mail-2.0.1.RELEASE.jar;C:\Users\ArteM\.m2\repository\org\springframework\boot\spring-boot-starter\2.1.6.RELEASE\spring-boot-starter-2.1.6.RELEASE.jar;C:\Users\ArteM\.m2\repository\org\springframework\boot\spring-boot-starter-logging\2.1.6.RELEASE\spring-boot-starter-logging-2.1.6.RELEASE.jar;C:\Users\ArteM\.m2\repository\ch\qos\logback\logback-classic\1.2.3\logback-classic-1.2.3.jar;C:\Users\ArteM\.m2\repository\ch\qos\logback\logback-core\1.2.3\logback-core-1.2.3.jar;C:\Users\ArteM\.m2\repository\org\apache\logging\log4j\log4j-to-slf4j\2.11.2\log4j-to-slf4j-2.11.2.jar;C:\Users\ArteM\.m2\repository\org\apache\logging\log4j\log4j-api\2.11.2\log4j-api-2.11.2.jar;C:\Users\ArteM\.m2\reposito
Launcher Type: SUN_STANDARD

[Global flags]
     intx CICompilerCount                          = 3                                         {product} {ergonomic}
     uint ConcGCThreads                            = 1                                         {product} {ergonomic}
     uint G1ConcRefinementThreads                  = 4                                         {product} {ergonomic}
   size_t G1HeapRegionSize                         = 1048576                                   {product} {ergonomic}
    uintx GCDrainStackTargetSize                   = 64                                        {product} {ergonomic}
   size_t InitialHeapSize                          = 201326592                                 {product} {ergonomic}
   size_t MarkStackSize                            = 4194304                                   {product} {ergonomic}
   size_t MaxHeapSize                              = 3212836864                                {product} {ergonomic}
   size_t MaxNewSize                               = 1927282688                                {product} {ergonomic}
   size_t MinHeapDeltaBytes                        = 1048576                                   {product} {ergonomic}
    uintx NonNMethodCodeHeapSize                   = 5830092                                {pd product} {ergonomic}
    uintx NonProfiledCodeHeapSize                  = 122914074                              {pd product} {ergonomic}
    uintx ProfiledCodeHeapSize                     = 122914074                              {pd product} {ergonomic}
    uintx ReservedCodeCacheSize                    = 251658240                              {pd product} {ergonomic}
     bool SegmentedCodeCache                       = true                                      {product} {ergonomic}
     bool UseCompressedClassPointers               = true                                 {lp64_product} {ergonomic}
     bool UseCompressedOops                        = true                                 {lp64_product} {ergonomic}
     bool UseG1GC                                  = true                                      {product} {ergonomic}
     bool UseLargePagesIndividualAllocation        = false                                  {pd product} {ergonomic}

Logging:
Log output configuration:
 #0: stdout all=warning uptime,level,tags
 #1: stderr all=off uptime,level,tags

Environment Variables:
PATH=C:\Program Files (x86)\Intel\Intel(R) Management Engine Components\iCLS\;C:\Program Files\Intel\Intel(R) Management Engine Components\iCLS\;C:\Windows\system32;C:\Windows;C:\Windows\System32\Wbem;C:\Windows\System32\WindowsPowerShell\v1.0\;C:\Windows\System32\OpenSSH\;C:\Program Files (x86)\NVIDIA Corporation\PhysX\Common;C:\Program Files (x86)\Intel\Intel(R) Management Engine Components\DAL;C:\Program Files\Intel\Intel(R) Management Engine Components\DAL;C:\Program Files (x86)\Intel\Intel(R) Management Engine Components\IPT;C:\Program Files\Intel\Intel(R) Management Engine Components\IPT;C:\Program Files\Java\jdk-11.0.1\bin;D:\Develop\Git\cmd;D:\Develop\Git\mingw64\bin;D:\Develop\Git\usr\bin;C:\Users\ArteM\AppData\Local\Microsoft\WindowsApps;C:\Program Files\heroku\bin
USERNAME=ArteM
OS=Windows_NT
PROCESSOR_IDENTIFIER=Intel64 Family 6 Model 158 Stepping 9, GenuineIntel



---------------  S Y S T E M  ---------------

OS: Windows 10 , 64 bit Build 17134 (10.0.17134.753)

CPU:total 4 (initial active 4) (2 cores per cpu, 2 threads per core) family 6 model 158 stepping 9, cmov, cx8, fxsr, mmx, sse, sse2, sse3, ssse3, sse4.1, sse4.2, popcnt, aes, clmul, erms, 3dnowpref, lzcnt, ht, tsc, tscinvbit

Memory: 4k page, system-wide physical 12252M (2197M free)
TotalPageFile size 19330M (AvailPageFile size 0M)
current process WorkingSet (physical memory assigned to process): 190M, peak: 397M
current process commit charge ("private bytes"): 510M, peak: 520M

vm_info: Java HotSpot(TM) 64-Bit Server VM (11.0.1+13-LTS) for windows-amd64 JRE (11.0.1+13-LTS), built on Oct  6 2018 13:20:16 by "mach5one" with MS VC++ 15.5 (VS2017)

END.
