#
# There is insufficient memory for the Java Runtime Environment to continue.
# Native memory allocation (malloc) failed to allocate 111216 bytes for Chunk::new
# Possible reasons:
#   The system is out of physical RAM or swap space
#   The process is running with CompressedOops enabled, and the Java Heap may be blocking the growth of the native heap
# Possible solutions:
#   Reduce memory load on the system
#   Increase physical memory or swap space
#   Check if swap backing store is full
#   Decrease Java heap size (-Xmx/-Xms)
#   Decrease number of Java threads
#   Decrease Java thread stack sizes (-Xss)
#   Set larger code cache with -XX:ReservedCodeCacheSize=
#   JVM is running with Zero Based Compressed Oops mode in which the Java heap is
#     placed in the first 32GB address space. The Java Heap base address is the
#     maximum limit for the native heap growth. Please use -XX:HeapBaseMinAddress
#     to set the Java Heap base and to place the Java Heap above 32GB virtual address.
# This output file may be truncated or incomplete.
#
#  Out of Memory Error (t:/workspace/open/src/hotspot/share/memory/arena.cpp:197), pid=445852, tid=447288
#
# JRE version: Java(TM) SE Runtime Environment (11.0.1+13) (build 11.0.1+13-LTS)
# Java VM: Java HotSpot(TM) 64-Bit Server VM (11.0.1+13-LTS, mixed mode, tiered, compressed oops, g1 gc, windows-amd64)
# No core dump will be written. Minidumps are not enabled by default on client versions of Windows
#

---------------  S U M M A R Y ------------

Command Line: -agentlib:jdwp=transport=dt_socket,address=127.0.0.1:64648,suspend=y,server=n -javaagent:C:\Users\ArteM\.IntelliJIdea2019.2\system\captureAgent\debugger-agent.jar -Dfile.encoding=UTF-8 com.voronov.springDemo.Application --spring.profiles.active=dev

Host: Intel(R) Pentium(R) CPU G4620 @ 3.70GHz, 4 cores, 11G,  Windows 10 , 64 bit Build 17134 (10.0.17134.753)
Time: Tue Oct 15 22:16:29 2019 Aaea?onu (ceia) elapsed time: 7 seconds (0d 0h 0m 7s)

---------------  T H R E A D  ---------------

Current thread (0x000001f909c01000):  JavaThread "C2 CompilerThread1" daemon [_thread_in_native, id=447288, stack(0x000000dae3d00000,0x000000dae3e00000)]


Current CompileTask:
C2:   7508 4554   !   4       java.net.URL::<init> (543 bytes)

Stack: [0x000000dae3d00000,0x000000dae3e00000]
Native frames: (J=compiled Java code, j=interpreted, Vv=VM code, C=native code)
V  [jvm.dll+0x63c21a]
V  [jvm.dll+0x7797df]
V  [jvm.dll+0x77adca]
V  [jvm.dll+0x77b483]
V  [jvm.dll+0x2627f8]
V  [jvm.dll+0xc5c71]
V  [jvm.dll+0xc61fc]
V  [jvm.dll+0x538f27]
V  [jvm.dll+0x33c702]
V  [jvm.dll+0x33baaa]
V  [jvm.dll+0x21c7c5]
V  [jvm.dll+0x21b96a]
V  [jvm.dll+0x198390]
V  [jvm.dll+0x22a97f]
V  [jvm.dll+0x228f98]
V  [jvm.dll+0x73f03d]
V  [jvm.dll+0x63b2b2]
C  [ucrtbase.dll+0x1e3fe]
C  [KERNEL32.DLL+0x14034]
C  [ntdll.dll+0x73691]


---------------  P R O C E S S  ---------------

Threads class SMR info:
_java_thread_list=0x000001f90c24afe0, length=20, elements={
0x000001f9678e2800, 0x000001f9083db000, 0x000001f9083dc000, 0x000001f908c5e000,
0x000001f908c5f000, 0x000001f908c64000, 0x000001f908c65800, 0x000001f908cd0800,
0x000001f908dec800, 0x000001f908ef6000, 0x000001f908e94000, 0x000001f908f7a800,
0x000001f9090f9800, 0x000001f909c01000, 0x000001f909726800, 0x000001f909bba000,
0x000001f9102fb000, 0x000001f90b77b000, 0x000001f90f481000, 0x000001f90d05d800
}

Java Threads: ( => current thread )
  0x000001f9678e2800 JavaThread "main" [_thread_blocked, id=446820, stack(0x000000dae2600000,0x000000dae2700000)]
  0x000001f9083db000 JavaThread "Reference Handler" daemon [_thread_blocked, id=447132, stack(0x000000dae2d00000,0x000000dae2e00000)]
  0x000001f9083dc000 JavaThread "Finalizer" daemon [_thread_blocked, id=447172, stack(0x000000dae2e00000,0x000000dae2f00000)]
  0x000001f908c5e000 JavaThread "Signal Dispatcher" daemon [_thread_blocked, id=446476, stack(0x000000dae2f00000,0x000000dae3000000)]
  0x000001f908c5f000 JavaThread "Attach Listener" daemon [_thread_blocked, id=447484, stack(0x000000dae3000000,0x000000dae3100000)]
  0x000001f908c64000 JavaThread "C2 CompilerThread0" daemon [_thread_in_native, id=446484, stack(0x000000dae3100000,0x000000dae3200000)]
  0x000001f908c65800 JavaThread "C1 CompilerThread0" daemon [_thread_blocked, id=446472, stack(0x000000dae3200000,0x000000dae3300000)]
  0x000001f908cd0800 JavaThread "Sweeper thread" daemon [_thread_blocked, id=446488, stack(0x000000dae3300000,0x000000dae3400000)]
  0x000001f908dec800 JavaThread "Common-Cleaner" daemon [_thread_blocked, id=446348, stack(0x000000dae3400000,0x000000dae3500000)]
  0x000001f908ef6000 JavaThread "JDWP Transport Listener: dt_socket" daemon [_thread_blocked, id=445764, stack(0x000000dae3500000,0x000000dae3600000)]
  0x000001f908e94000 JavaThread "JDWP Event Helper Thread" daemon [_thread_blocked, id=446092, stack(0x000000dae3600000,0x000000dae3700000)]
  0x000001f908f7a800 JavaThread "JDWP Command Reader" daemon [_thread_in_native, id=444488, stack(0x000000dae3700000,0x000000dae3800000)]
  0x000001f9090f9800 JavaThread "Service Thread" daemon [_thread_blocked, id=445836, stack(0x000000dae3800000,0x000000dae3900000)]
=>0x000001f909c01000 JavaThread "C2 CompilerThread1" daemon [_thread_in_native, id=447288, stack(0x000000dae3d00000,0x000000dae3e00000)]
  0x000001f909726800 JavaThread "Thread-0" [_thread_blocked, id=446764, stack(0x000000dae3e00000,0x000000dae3f00000)]
  0x000001f909bba000 JavaThread "restartedMain" [_thread_in_vm, id=446364, stack(0x000000dae3f00000,0x000000dae4000000)]
  0x000001f9102fb000 JavaThread "mysql-cj-abandoned-connection-cleanup" daemon [_thread_blocked, id=446960, stack(0x000000dae4000000,0x000000dae4100000)]
  0x000001f90b77b000 JavaThread "PostgreSQL-JDBC-SharedTimer-1" daemon [_thread_blocked, id=446956, stack(0x000000dae4300000,0x000000dae4400000)]
  0x000001f90f481000 JavaThread "HikariPool-1 housekeeper" daemon [_thread_blocked, id=447240, stack(0x000000dae4400000,0x000000dae4500000)]
  0x000001f90d05d800 JavaThread "HikariPool-1 connection adder" daemon [_thread_blocked, id=444748, stack(0x000000dae4500000,0x000000dae4600000)]

Other Threads:
  0x000001f9083d3000 VMThread "VM Thread" [stack: 0x000000dae2c00000,0x000000dae2d00000] [id=369536]
  0x000001f908f41800 WatcherThread [stack: 0x000000dae3900000,0x000000dae3a00000] [id=445472]
  0x000001f9678fc000 GCTaskThread "GC Thread#0" [stack: 0x000000dae2700000,0x000000dae2800000] [id=446988]
  0x000001f909725800 GCTaskThread "GC Thread#1" [stack: 0x000000dae3a00000,0x000000dae3b00000] [id=447300]
  0x000001f909728800 GCTaskThread "GC Thread#2" [stack: 0x000000dae3b00000,0x000000dae3c00000] [id=446492]
  0x000001f909753800 GCTaskThread "GC Thread#3" [stack: 0x000000dae3c00000,0x000000dae3d00000] [id=446712]
  0x000001f967941000 ConcurrentGCThread "G1 Main Marker" [stack: 0x000000dae2800000,0x000000dae2900000] [id=447052]
  0x000001f967945000 ConcurrentGCThread "G1 Conc#0" [stack: 0x000000dae2900000,0x000000dae2a00000] [id=447060]
  0x000001f90823e000 ConcurrentGCThread "G1 Refine#0" [stack: 0x000000dae2a00000,0x000000dae2b00000] [id=444772]
  0x000001f90823f000 ConcurrentGCThread "G1 Young RemSet Sampling" [stack: 0x000000dae2b00000,0x000000dae2c00000] [id=446632]

Threads with active compile tasks:
C2 CompilerThread04549   !   4       org.springframework.core.annotation.AnnotationUtils::getAnnotatedMethodsInBaseType (163 bytes)
C2 CompilerThread14554   !   4       java.net.URL::<init> (543 bytes)

VM state:not at safepoint (normal execution)

VM Mutex/Monitor currently owned by a thread: None

Heap address: 0x0000000740800000, size: 3064 MB, Compressed Oops mode: Zero based, Oop shift amount: 3
Narrow klass base: 0x0000000800000000, Narrow klass shift: 0
Compressed class space size: 1073741824 Address: 0x0000000800000000

Heap:
 garbage-first heap   total 196608K, used 88784K [0x0000000740800000, 0x0000000800000000)
  region size 1024K, 81 young (82944K), 11 survivors (11264K)
 Metaspace       used 46338K, capacity 47542K, committed 47616K, reserved 1091584K
  class space    used 5364K, capacity 5834K, committed 5888K, reserved 1048576K
Heap Regions: E=young(eden), S=young(survivor), O=old, HS=humongous(starts), HC=humongous(continues), CS=collection set, F=free, A=archive, TAMS=top-at-mark-start (previous, next)
|   0|0x0000000740800000, 0x0000000740900000, 0x0000000740900000|100%|HS|  |TAMS 0x0000000740900000, 0x0000000740800000| Complete 
|   1|0x0000000740900000, 0x0000000740a00000, 0x0000000740a00000|100%| O|  |TAMS 0x0000000740a00000, 0x0000000740900000| Untracked 
|   2|0x0000000740a00000, 0x0000000740b00000, 0x0000000740b00000|100%| O|  |TAMS 0x0000000740b00000, 0x0000000740a00000| Untracked 
|   3|0x0000000740b00000, 0x0000000740c00000, 0x0000000740c00000|100%| O|  |TAMS 0x0000000740c00000, 0x0000000740b00000| Untracked 
|   4|0x0000000740c00000, 0x0000000740d00000, 0x0000000740d00000|100%| O|  |TAMS 0x0000000740d00000, 0x0000000740c00000| Untracked 
|   5|0x0000000740d00000, 0x0000000740e00000, 0x0000000740e00000|100%| O|  |TAMS 0x0000000740e00000, 0x0000000740d00000| Untracked 
|   6|0x0000000740e00000, 0x0000000740f00000, 0x0000000740f00000|100%| O|  |TAMS 0x0000000740f00000, 0x0000000740e00000| Untracked 
|   7|0x0000000740f00000, 0x0000000741000000, 0x0000000741000000|100%| O|  |TAMS 0x0000000741000000, 0x0000000740f00000| Untracked 
|   8|0x0000000741000000, 0x0000000741075800, 0x0000000741100000| 45%| O|  |TAMS 0x0000000741075800, 0x0000000741000000| Untracked 
|   9|0x0000000741100000, 0x0000000741100000, 0x0000000741200000|  0%| F|  |TAMS 0x0000000741100000, 0x0000000741100000| Untracked 
|  10|0x0000000741200000, 0x0000000741200000, 0x0000000741300000|  0%| F|  |TAMS 0x0000000741200000, 0x0000000741200000| Untracked 
|  11|0x0000000741300000, 0x0000000741300000, 0x0000000741400000|  0%| F|  |TAMS 0x0000000741300000, 0x0000000741300000| Untracked 
|  12|0x0000000741400000, 0x0000000741400000, 0x0000000741500000|  0%| F|  |TAMS 0x0000000741400000, 0x0000000741400000| Untracked 
|  13|0x0000000741500000, 0x0000000741500000, 0x0000000741600000|  0%| F|  |TAMS 0x0000000741500000, 0x0000000741500000| Untracked 
|  14|0x0000000741600000, 0x0000000741600000, 0x0000000741700000|  0%| F|  |TAMS 0x0000000741600000, 0x0000000741600000| Untracked 
|  15|0x0000000741700000, 0x0000000741700000, 0x0000000741800000|  0%| F|  |TAMS 0x0000000741700000, 0x0000000741700000| Untracked 
|  16|0x0000000741800000, 0x0000000741800000, 0x0000000741900000|  0%| F|  |TAMS 0x0000000741800000, 0x0000000741800000| Untracked 
|  17|0x0000000741900000, 0x0000000741900000, 0x0000000741a00000|  0%| F|  |TAMS 0x0000000741900000, 0x0000000741900000| Untracked 
|  18|0x0000000741a00000, 0x0000000741a00000, 0x0000000741b00000|  0%| F|  |TAMS 0x0000000741a00000, 0x0000000741a00000| Untracked 
|  19|0x0000000741b00000, 0x0000000741b00000, 0x0000000741c00000|  0%| F|  |TAMS 0x0000000741b00000, 0x0000000741b00000| Untracked 
|  20|0x0000000741c00000, 0x0000000741c00000, 0x0000000741d00000|  0%| F|  |TAMS 0x0000000741c00000, 0x0000000741c00000| Untracked 
|  21|0x0000000741d00000, 0x0000000741d00000, 0x0000000741e00000|  0%| F|  |TAMS 0x0000000741d00000, 0x0000000741d00000| Untracked 
|  22|0x0000000741e00000, 0x0000000741e00000, 0x0000000741f00000|  0%| F|  |TAMS 0x0000000741e00000, 0x0000000741e00000| Untracked 
|  23|0x0000000741f00000, 0x0000000741f00000, 0x0000000742000000|  0%| F|  |TAMS 0x0000000741f00000, 0x0000000741f00000| Untracked 
|  24|0x0000000742000000, 0x0000000742000000, 0x0000000742100000|  0%| F|  |TAMS 0x0000000742000000, 0x0000000742000000| Untracked 
|  25|0x0000000742100000, 0x0000000742100000, 0x0000000742200000|  0%| F|  |TAMS 0x0000000742100000, 0x0000000742100000| Untracked 
|  26|0x0000000742200000, 0x0000000742200000, 0x0000000742300000|  0%| F|  |TAMS 0x0000000742200000, 0x0000000742200000| Untracked 
|  27|0x0000000742300000, 0x0000000742300000, 0x0000000742400000|  0%| F|  |TAMS 0x0000000742300000, 0x0000000742300000| Untracked 
|  28|0x0000000742400000, 0x0000000742400000, 0x0000000742500000|  0%| F|  |TAMS 0x0000000742400000, 0x0000000742400000| Untracked 
|  29|0x0000000742500000, 0x0000000742500000, 0x0000000742600000|  0%| F|  |TAMS 0x0000000742500000, 0x0000000742500000| Untracked 
|  30|0x0000000742600000, 0x0000000742600000, 0x0000000742700000|  0%| F|  |TAMS 0x0000000742600000, 0x0000000742600000| Untracked 
|  31|0x0000000742700000, 0x0000000742700000, 0x0000000742800000|  0%| F|  |TAMS 0x0000000742700000, 0x0000000742700000| Untracked 
|  32|0x0000000742800000, 0x0000000742800000, 0x0000000742900000|  0%| F|  |TAMS 0x0000000742800000, 0x0000000742800000| Untracked 
|  33|0x0000000742900000, 0x0000000742900000, 0x0000000742a00000|  0%| F|  |TAMS 0x0000000742900000, 0x0000000742900000| Untracked 
|  34|0x0000000742a00000, 0x0000000742a00000, 0x0000000742b00000|  0%| F|  |TAMS 0x0000000742a00000, 0x0000000742a00000| Untracked 
|  35|0x0000000742b00000, 0x0000000742b00000, 0x0000000742c00000|  0%| F|  |TAMS 0x0000000742b00000, 0x0000000742b00000| Untracked 
|  36|0x0000000742c00000, 0x0000000742c00000, 0x0000000742d00000|  0%| F|  |TAMS 0x0000000742c00000, 0x0000000742c00000| Untracked 
|  37|0x0000000742d00000, 0x0000000742d00000, 0x0000000742e00000|  0%| F|  |TAMS 0x0000000742d00000, 0x0000000742d00000| Untracked 
|  38|0x0000000742e00000, 0x0000000742e00000, 0x0000000742f00000|  0%| F|  |TAMS 0x0000000742e00000, 0x0000000742e00000| Untracked 
|  39|0x0000000742f00000, 0x0000000742f00000, 0x0000000743000000|  0%| F|  |TAMS 0x0000000742f00000, 0x0000000742f00000| Untracked 
|  40|0x0000000743000000, 0x0000000743000000, 0x0000000743100000|  0%| F|  |TAMS 0x0000000743000000, 0x0000000743000000| Untracked 
|  41|0x0000000743100000, 0x0000000743100000, 0x0000000743200000|  0%| F|  |TAMS 0x0000000743100000, 0x0000000743100000| Untracked 
|  42|0x0000000743200000, 0x0000000743200000, 0x0000000743300000|  0%| F|  |TAMS 0x0000000743200000, 0x0000000743200000| Untracked 
|  43|0x0000000743300000, 0x0000000743300000, 0x0000000743400000|  0%| F|  |TAMS 0x0000000743300000, 0x0000000743300000| Untracked 
|  44|0x0000000743400000, 0x0000000743400000, 0x0000000743500000|  0%| F|  |TAMS 0x0000000743400000, 0x0000000743400000| Untracked 
|  45|0x0000000743500000, 0x0000000743500000, 0x0000000743600000|  0%| F|  |TAMS 0x0000000743500000, 0x0000000743500000| Untracked 
|  46|0x0000000743600000, 0x0000000743600000, 0x0000000743700000|  0%| F|  |TAMS 0x0000000743600000, 0x0000000743600000| Untracked 
|  47|0x0000000743700000, 0x0000000743700000, 0x0000000743800000|  0%| F|  |TAMS 0x0000000743700000, 0x0000000743700000| Untracked 
|  48|0x0000000743800000, 0x0000000743800000, 0x0000000743900000|  0%| F|  |TAMS 0x0000000743800000, 0x0000000743800000| Untracked 
|  49|0x0000000743900000, 0x0000000743900000, 0x0000000743a00000|  0%| F|  |TAMS 0x0000000743900000, 0x0000000743900000| Untracked 
|  50|0x0000000743a00000, 0x0000000743a00000, 0x0000000743b00000|  0%| F|  |TAMS 0x0000000743a00000, 0x0000000743a00000| Untracked 
|  51|0x0000000743b00000, 0x0000000743b00000, 0x0000000743c00000|  0%| F|  |TAMS 0x0000000743b00000, 0x0000000743b00000| Untracked 
|  52|0x0000000743c00000, 0x0000000743c00000, 0x0000000743d00000|  0%| F|  |TAMS 0x0000000743c00000, 0x0000000743c00000| Untracked 
|  53|0x0000000743d00000, 0x0000000743d00000, 0x0000000743e00000|  0%| F|  |TAMS 0x0000000743d00000, 0x0000000743d00000| Untracked 
|  54|0x0000000743e00000, 0x0000000743e00000, 0x0000000743f00000|  0%| F|  |TAMS 0x0000000743e00000, 0x0000000743e00000| Untracked 
|  55|0x0000000743f00000, 0x0000000743f00000, 0x0000000744000000|  0%| F|  |TAMS 0x0000000743f00000, 0x0000000743f00000| Untracked 
|  56|0x0000000744000000, 0x0000000744000000, 0x0000000744100000|  0%| F|  |TAMS 0x0000000744000000, 0x0000000744000000| Untracked 
|  57|0x0000000744100000, 0x0000000744100000, 0x0000000744200000|  0%| F|  |TAMS 0x0000000744100000, 0x0000000744100000| Untracked 
|  58|0x0000000744200000, 0x0000000744200000, 0x0000000744300000|  0%| F|  |TAMS 0x0000000744200000, 0x0000000744200000| Untracked 
|  59|0x0000000744300000, 0x0000000744300000, 0x0000000744400000|  0%| F|  |TAMS 0x0000000744300000, 0x0000000744300000| Untracked 
|  60|0x0000000744400000, 0x0000000744400000, 0x0000000744500000|  0%| F|  |TAMS 0x0000000744400000, 0x0000000744400000| Untracked 
|  61|0x0000000744500000, 0x0000000744500000, 0x0000000744600000|  0%| F|  |TAMS 0x0000000744500000, 0x0000000744500000| Untracked 
|  62|0x0000000744600000, 0x0000000744600000, 0x0000000744700000|  0%| F|  |TAMS 0x0000000744600000, 0x0000000744600000| Untracked 
|  63|0x0000000744700000, 0x0000000744700000, 0x0000000744800000|  0%| F|  |TAMS 0x0000000744700000, 0x0000000744700000| Untracked 
|  64|0x0000000744800000, 0x0000000744800000, 0x0000000744900000|  0%| F|  |TAMS 0x0000000744800000, 0x0000000744800000| Untracked 
|  65|0x0000000744900000, 0x0000000744900000, 0x0000000744a00000|  0%| F|  |TAMS 0x0000000744900000, 0x0000000744900000| Untracked 
|  66|0x0000000744a00000, 0x0000000744a00000, 0x0000000744b00000|  0%| F|  |TAMS 0x0000000744a00000, 0x0000000744a00000| Untracked 
|  67|0x0000000744b00000, 0x0000000744b00000, 0x0000000744c00000|  0%| F|  |TAMS 0x0000000744b00000, 0x0000000744b00000| Untracked 
|  68|0x0000000744c00000, 0x0000000744c00000, 0x0000000744d00000|  0%| F|  |TAMS 0x0000000744c00000, 0x0000000744c00000| Untracked 
|  69|0x0000000744d00000, 0x0000000744d00000, 0x0000000744e00000|  0%| F|  |TAMS 0x0000000744d00000, 0x0000000744d00000| Untracked 
|  70|0x0000000744e00000, 0x0000000744e00000, 0x0000000744f00000|  0%| F|  |TAMS 0x0000000744e00000, 0x0000000744e00000| Untracked 
|  71|0x0000000744f00000, 0x0000000744f00000, 0x0000000745000000|  0%| F|  |TAMS 0x0000000744f00000, 0x0000000744f00000| Untracked 
|  72|0x0000000745000000, 0x0000000745000000, 0x0000000745100000|  0%| F|  |TAMS 0x0000000745000000, 0x0000000745000000| Untracked 
|  73|0x0000000745100000, 0x0000000745100000, 0x0000000745200000|  0%| F|  |TAMS 0x0000000745100000, 0x0000000745100000| Untracked 
|  74|0x0000000745200000, 0x000000074523e9d8, 0x0000000745300000| 24%| S|CS|TAMS 0x0000000745200000, 0x0000000745200000| Complete 
|  75|0x0000000745300000, 0x0000000745400000, 0x0000000745400000|100%| S|CS|TAMS 0x0000000745300000, 0x0000000745300000| Complete 
|  76|0x0000000745400000, 0x0000000745500000, 0x0000000745500000|100%| S|CS|TAMS 0x0000000745400000, 0x0000000745400000| Complete 
|  77|0x0000000745500000, 0x0000000745600000, 0x0000000745600000|100%| S|CS|TAMS 0x0000000745500000, 0x0000000745500000| Complete 
|  78|0x0000000745600000, 0x0000000745700000, 0x0000000745700000|100%| S|CS|TAMS 0x0000000745600000, 0x0000000745600000| Complete 
|  79|0x0000000745700000, 0x0000000745800000, 0x0000000745800000|100%| S|CS|TAMS 0x0000000745700000, 0x0000000745700000| Complete 
|  80|0x0000000745800000, 0x0000000745900000, 0x0000000745900000|100%| S|CS|TAMS 0x0000000745800000, 0x0000000745800000| Complete 
|  81|0x0000000745900000, 0x0000000745a00000, 0x0000000745a00000|100%| S|CS|TAMS 0x0000000745900000, 0x0000000745900000| Complete 
|  82|0x0000000745a00000, 0x0000000745b00000, 0x0000000745b00000|100%| S|CS|TAMS 0x0000000745a00000, 0x0000000745a00000| Complete 
|  83|0x0000000745b00000, 0x0000000745c00000, 0x0000000745c00000|100%| S|CS|TAMS 0x0000000745b00000, 0x0000000745b00000| Complete 
|  84|0x0000000745c00000, 0x0000000745d00000, 0x0000000745d00000|100%| S|CS|TAMS 0x0000000745c00000, 0x0000000745c00000| Complete 
|  85|0x0000000745d00000, 0x0000000745d00000, 0x0000000745e00000|  0%| F|  |TAMS 0x0000000745d00000, 0x0000000745d00000| Untracked 
|  86|0x0000000745e00000, 0x0000000745e00000, 0x0000000745f00000|  0%| F|  |TAMS 0x0000000745e00000, 0x0000000745e00000| Untracked 
|  87|0x0000000745f00000, 0x0000000745f00000, 0x0000000746000000|  0%| F|  |TAMS 0x0000000745f00000, 0x0000000745f00000| Untracked 
|  88|0x0000000746000000, 0x0000000746000000, 0x0000000746100000|  0%| F|  |TAMS 0x0000000746000000, 0x0000000746000000| Untracked 
|  89|0x0000000746100000, 0x0000000746100000, 0x0000000746200000|  0%| F|  |TAMS 0x0000000746100000, 0x0000000746100000| Untracked 
|  90|0x0000000746200000, 0x0000000746200000, 0x0000000746300000|  0%| F|  |TAMS 0x0000000746200000, 0x0000000746200000| Untracked 
|  91|0x0000000746300000, 0x0000000746300000, 0x0000000746400000|  0%| F|  |TAMS 0x0000000746300000, 0x0000000746300000| Untracked 
|  92|0x0000000746400000, 0x0000000746400000, 0x0000000746500000|  0%| F|  |TAMS 0x0000000746400000, 0x0000000746400000| Untracked 
|  93|0x0000000746500000, 0x0000000746500000, 0x0000000746600000|  0%| F|  |TAMS 0x0000000746500000, 0x0000000746500000| Untracked 
|  94|0x0000000746600000, 0x0000000746600000, 0x0000000746700000|  0%| F|  |TAMS 0x0000000746600000, 0x0000000746600000| Untracked 
|  95|0x0000000746700000, 0x0000000746700000, 0x0000000746800000|  0%| F|  |TAMS 0x0000000746700000, 0x0000000746700000| Untracked 
|  96|0x0000000746800000, 0x0000000746800000, 0x0000000746900000|  0%| F|  |TAMS 0x0000000746800000, 0x0000000746800000| Untracked 
|  97|0x0000000746900000, 0x0000000746900000, 0x0000000746a00000|  0%| F|  |TAMS 0x0000000746900000, 0x0000000746900000| Untracked 
|  98|0x0000000746a00000, 0x0000000746a00000, 0x0000000746b00000|  0%| F|  |TAMS 0x0000000746a00000, 0x0000000746a00000| Untracked 
|  99|0x0000000746b00000, 0x0000000746b00000, 0x0000000746c00000|  0%| F|  |TAMS 0x0000000746b00000, 0x0000000746b00000| Untracked 
| 100|0x0000000746c00000, 0x0000000746c00000, 0x0000000746d00000|  0%| F|  |TAMS 0x0000000746c00000, 0x0000000746c00000| Untracked 
| 101|0x0000000746d00000, 0x0000000746d00000, 0x0000000746e00000|  0%| F|  |TAMS 0x0000000746d00000, 0x0000000746d00000| Untracked 
| 102|0x0000000746e00000, 0x0000000746e00000, 0x0000000746f00000|  0%| F|  |TAMS 0x0000000746e00000, 0x0000000746e00000| Untracked 
| 103|0x0000000746f00000, 0x0000000746f00000, 0x0000000747000000|  0%| F|  |TAMS 0x0000000746f00000, 0x0000000746f00000| Untracked 
| 104|0x0000000747000000, 0x0000000747000000, 0x0000000747100000|  0%| F|  |TAMS 0x0000000747000000, 0x0000000747000000| Untracked 
| 105|0x0000000747100000, 0x0000000747100000, 0x0000000747200000|  0%| F|  |TAMS 0x0000000747100000, 0x0000000747100000| Untracked 
| 106|0x0000000747200000, 0x0000000747200000, 0x0000000747300000|  0%| F|  |TAMS 0x0000000747200000, 0x0000000747200000| Untracked 
| 107|0x0000000747300000, 0x0000000747300000, 0x0000000747400000|  0%| F|  |TAMS 0x0000000747300000, 0x0000000747300000| Untracked 
| 108|0x0000000747400000, 0x0000000747400000, 0x0000000747500000|  0%| F|  |TAMS 0x0000000747400000, 0x0000000747400000| Untracked 
| 109|0x0000000747500000, 0x0000000747500000, 0x0000000747600000|  0%| F|  |TAMS 0x0000000747500000, 0x0000000747500000| Untracked 
| 110|0x0000000747600000, 0x0000000747600000, 0x0000000747700000|  0%| F|  |TAMS 0x0000000747600000, 0x0000000747600000| Untracked 
| 111|0x0000000747700000, 0x0000000747700000, 0x0000000747800000|  0%| F|  |TAMS 0x0000000747700000, 0x0000000747700000| Untracked 
| 112|0x0000000747800000, 0x0000000747800000, 0x0000000747900000|  0%| F|  |TAMS 0x0000000747800000, 0x0000000747800000| Untracked 
| 113|0x0000000747900000, 0x0000000747900000, 0x0000000747a00000|  0%| F|  |TAMS 0x0000000747900000, 0x0000000747900000| Untracked 
| 114|0x0000000747a00000, 0x0000000747a00000, 0x0000000747b00000|  0%| F|  |TAMS 0x0000000747a00000, 0x0000000747a00000| Untracked 
| 115|0x0000000747b00000, 0x0000000747b00000, 0x0000000747c00000|  0%| F|  |TAMS 0x0000000747b00000, 0x0000000747b00000| Untracked 
| 116|0x0000000747c00000, 0x0000000747c00000, 0x0000000747d00000|  0%| F|  |TAMS 0x0000000747c00000, 0x0000000747c00000| Untracked 
| 117|0x0000000747d00000, 0x0000000747d00000, 0x0000000747e00000|  0%| F|  |TAMS 0x0000000747d00000, 0x0000000747d00000| Untracked 
| 118|0x0000000747e00000, 0x0000000747e00000, 0x0000000747f00000|  0%| F|  |TAMS 0x0000000747e00000, 0x0000000747e00000| Untracked 
| 119|0x0000000747f00000, 0x0000000747f00000, 0x0000000748000000|  0%| F|  |TAMS 0x0000000747f00000, 0x0000000747f00000| Untracked 
| 120|0x0000000748000000, 0x0000000748000000, 0x0000000748100000|  0%| F|  |TAMS 0x0000000748000000, 0x0000000748000000| Untracked 
| 121|0x0000000748100000, 0x0000000748100000, 0x0000000748200000|  0%| F|  |TAMS 0x0000000748100000, 0x0000000748100000| Untracked 
| 122|0x0000000748200000, 0x00000007482a1c68, 0x0000000748300000| 63%| E|  |TAMS 0x0000000748200000, 0x0000000748200000| Complete 
| 123|0x0000000748300000, 0x0000000748400000, 0x0000000748400000|100%| E|CS|TAMS 0x0000000748300000, 0x0000000748300000| Complete 
| 124|0x0000000748400000, 0x0000000748500000, 0x0000000748500000|100%| E|CS|TAMS 0x0000000748400000, 0x0000000748400000| Complete 
| 125|0x0000000748500000, 0x0000000748600000, 0x0000000748600000|100%| E|CS|TAMS 0x0000000748500000, 0x0000000748500000| Complete 
| 126|0x0000000748600000, 0x0000000748700000, 0x0000000748700000|100%| E|CS|TAMS 0x0000000748600000, 0x0000000748600000| Complete 
| 127|0x0000000748700000, 0x0000000748800000, 0x0000000748800000|100%| E|CS|TAMS 0x0000000748700000, 0x0000000748700000| Complete 
| 128|0x0000000748800000, 0x0000000748900000, 0x0000000748900000|100%| E|CS|TAMS 0x0000000748800000, 0x0000000748800000| Complete 
| 129|0x0000000748900000, 0x0000000748a00000, 0x0000000748a00000|100%| E|CS|TAMS 0x0000000748900000, 0x0000000748900000| Complete 
| 130|0x0000000748a00000, 0x0000000748b00000, 0x0000000748b00000|100%| E|CS|TAMS 0x0000000748a00000, 0x0000000748a00000| Complete 
| 131|0x0000000748b00000, 0x0000000748c00000, 0x0000000748c00000|100%| E|CS|TAMS 0x0000000748b00000, 0x0000000748b00000| Complete 
| 132|0x0000000748c00000, 0x0000000748d00000, 0x0000000748d00000|100%| E|CS|TAMS 0x0000000748c00000, 0x0000000748c00000| Complete 
| 133|0x0000000748d00000, 0x0000000748e00000, 0x0000000748e00000|100%| E|CS|TAMS 0x0000000748d00000, 0x0000000748d00000| Complete 
| 134|0x0000000748e00000, 0x0000000748f00000, 0x0000000748f00000|100%| E|CS|TAMS 0x0000000748e00000, 0x0000000748e00000| Complete 
| 135|0x0000000748f00000, 0x0000000749000000, 0x0000000749000000|100%| E|CS|TAMS 0x0000000748f00000, 0x0000000748f00000| Complete 
| 136|0x0000000749000000, 0x0000000749100000, 0x0000000749100000|100%| E|CS|TAMS 0x0000000749000000, 0x0000000749000000| Complete 
| 137|0x0000000749100000, 0x0000000749200000, 0x0000000749200000|100%| E|CS|TAMS 0x0000000749100000, 0x0000000749100000| Complete 
| 138|0x0000000749200000, 0x0000000749300000, 0x0000000749300000|100%| E|CS|TAMS 0x0000000749200000, 0x0000000749200000| Complete 
| 139|0x0000000749300000, 0x0000000749400000, 0x0000000749400000|100%| E|CS|TAMS 0x0000000749300000, 0x0000000749300000| Complete 
| 140|0x0000000749400000, 0x0000000749500000, 0x0000000749500000|100%| E|CS|TAMS 0x0000000749400000, 0x0000000749400000| Complete 
| 141|0x0000000749500000, 0x0000000749600000, 0x0000000749600000|100%| E|CS|TAMS 0x0000000749500000, 0x0000000749500000| Complete 
| 142|0x0000000749600000, 0x0000000749700000, 0x0000000749700000|100%| E|CS|TAMS 0x0000000749600000, 0x0000000749600000| Complete 
| 143|0x0000000749700000, 0x0000000749800000, 0x0000000749800000|100%| E|CS|TAMS 0x0000000749700000, 0x0000000749700000| Complete 
| 144|0x0000000749800000, 0x0000000749900000, 0x0000000749900000|100%| E|CS|TAMS 0x0000000749800000, 0x0000000749800000| Complete 
| 145|0x0000000749900000, 0x0000000749a00000, 0x0000000749a00000|100%| E|CS|TAMS 0x0000000749900000, 0x0000000749900000| Complete 
| 146|0x0000000749a00000, 0x0000000749b00000, 0x0000000749b00000|100%| E|CS|TAMS 0x0000000749a00000, 0x0000000749a00000| Complete 
| 147|0x0000000749b00000, 0x0000000749c00000, 0x0000000749c00000|100%| E|CS|TAMS 0x0000000749b00000, 0x0000000749b00000| Complete 
| 148|0x0000000749c00000, 0x0000000749d00000, 0x0000000749d00000|100%| E|CS|TAMS 0x0000000749c00000, 0x0000000749c00000| Complete 
| 149|0x0000000749d00000, 0x0000000749e00000, 0x0000000749e00000|100%| E|CS|TAMS 0x0000000749d00000, 0x0000000749d00000| Complete 
| 150|0x0000000749e00000, 0x0000000749f00000, 0x0000000749f00000|100%| E|CS|TAMS 0x0000000749e00000, 0x0000000749e00000| Complete 
| 151|0x0000000749f00000, 0x000000074a000000, 0x000000074a000000|100%| E|CS|TAMS 0x0000000749f00000, 0x0000000749f00000| Complete 
| 152|0x000000074a000000, 0x000000074a100000, 0x000000074a100000|100%| E|CS|TAMS 0x000000074a000000, 0x000000074a000000| Complete 
| 153|0x000000074a100000, 0x000000074a200000, 0x000000074a200000|100%| E|CS|TAMS 0x000000074a100000, 0x000000074a100000| Complete 
| 154|0x000000074a200000, 0x000000074a300000, 0x000000074a300000|100%| E|CS|TAMS 0x000000074a200000, 0x000000074a200000| Complete 
| 155|0x000000074a300000, 0x000000074a400000, 0x000000074a400000|100%| E|CS|TAMS 0x000000074a300000, 0x000000074a300000| Complete 
| 156|0x000000074a400000, 0x000000074a500000, 0x000000074a500000|100%| E|CS|TAMS 0x000000074a400000, 0x000000074a400000| Complete 
| 157|0x000000074a500000, 0x000000074a600000, 0x000000074a600000|100%| E|CS|TAMS 0x000000074a500000, 0x000000074a500000| Complete 
| 158|0x000000074a600000, 0x000000074a700000, 0x000000074a700000|100%| E|CS|TAMS 0x000000074a600000, 0x000000074a600000| Complete 
| 159|0x000000074a700000, 0x000000074a800000, 0x000000074a800000|100%| E|CS|TAMS 0x000000074a700000, 0x000000074a700000| Complete 
| 160|0x000000074a800000, 0x000000074a900000, 0x000000074a900000|100%| E|CS|TAMS 0x000000074a800000, 0x000000074a800000| Complete 
| 161|0x000000074a900000, 0x000000074aa00000, 0x000000074aa00000|100%| E|CS|TAMS 0x000000074a900000, 0x000000074a900000| Complete 
| 162|0x000000074aa00000, 0x000000074ab00000, 0x000000074ab00000|100%| E|CS|TAMS 0x000000074aa00000, 0x000000074aa00000| Complete 
| 163|0x000000074ab00000, 0x000000074ac00000, 0x000000074ac00000|100%| E|  |TAMS 0x000000074ab00000, 0x000000074ab00000| Complete 
| 164|0x000000074ac00000, 0x000000074ad00000, 0x000000074ad00000|100%| E|CS|TAMS 0x000000074ac00000, 0x000000074ac00000| Complete 
| 165|0x000000074ad00000, 0x000000074ae00000, 0x000000074ae00000|100%| E|CS|TAMS 0x000000074ad00000, 0x000000074ad00000| Complete 
| 166|0x000000074ae00000, 0x000000074af00000, 0x000000074af00000|100%| E|CS|TAMS 0x000000074ae00000, 0x000000074ae00000| Complete 
| 167|0x000000074af00000, 0x000000074b000000, 0x000000074b000000|100%| E|CS|TAMS 0x000000074af00000, 0x000000074af00000| Complete 
| 168|0x000000074b000000, 0x000000074b100000, 0x000000074b100000|100%| E|CS|TAMS 0x000000074b000000, 0x000000074b000000| Complete 
| 169|0x000000074b100000, 0x000000074b200000, 0x000000074b200000|100%| E|CS|TAMS 0x000000074b100000, 0x000000074b100000| Complete 
| 170|0x000000074b200000, 0x000000074b300000, 0x000000074b300000|100%| E|CS|TAMS 0x000000074b200000, 0x000000074b200000| Complete 
| 171|0x000000074b300000, 0x000000074b400000, 0x000000074b400000|100%| E|CS|TAMS 0x000000074b300000, 0x000000074b300000| Complete 
| 172|0x000000074b400000, 0x000000074b500000, 0x000000074b500000|100%| E|CS|TAMS 0x000000074b400000, 0x000000074b400000| Complete 
| 173|0x000000074b500000, 0x000000074b600000, 0x000000074b600000|100%| E|CS|TAMS 0x000000074b500000, 0x000000074b500000| Complete 
| 174|0x000000074b600000, 0x000000074b700000, 0x000000074b700000|100%| E|CS|TAMS 0x000000074b600000, 0x000000074b600000| Complete 
| 175|0x000000074b700000, 0x000000074b800000, 0x000000074b800000|100%| E|CS|TAMS 0x000000074b700000, 0x000000074b700000| Complete 
| 176|0x000000074b800000, 0x000000074b900000, 0x000000074b900000|100%| E|CS|TAMS 0x000000074b800000, 0x000000074b800000| Complete 
| 177|0x000000074b900000, 0x000000074ba00000, 0x000000074ba00000|100%| E|CS|TAMS 0x000000074b900000, 0x000000074b900000| Complete 
| 178|0x000000074ba00000, 0x000000074bb00000, 0x000000074bb00000|100%| E|CS|TAMS 0x000000074ba00000, 0x000000074ba00000| Complete 
| 179|0x000000074bb00000, 0x000000074bc00000, 0x000000074bc00000|100%| E|CS|TAMS 0x000000074bb00000, 0x000000074bb00000| Complete 
| 180|0x000000074bc00000, 0x000000074bd00000, 0x000000074bd00000|100%| E|CS|TAMS 0x000000074bc00000, 0x000000074bc00000| Complete 
| 181|0x000000074bd00000, 0x000000074be00000, 0x000000074be00000|100%| E|CS|TAMS 0x000000074bd00000, 0x000000074bd00000| Complete 
| 182|0x000000074be00000, 0x000000074bf00000, 0x000000074bf00000|100%| E|CS|TAMS 0x000000074be00000, 0x000000074be00000| Complete 
| 183|0x000000074bf00000, 0x000000074c000000, 0x000000074c000000|100%| E|CS|TAMS 0x000000074bf00000, 0x000000074bf00000| Complete 
| 184|0x000000074c000000, 0x000000074c100000, 0x000000074c100000|100%| E|CS|TAMS 0x000000074c000000, 0x000000074c000000| Complete 
| 185|0x000000074c100000, 0x000000074c200000, 0x000000074c200000|100%| E|CS|TAMS 0x000000074c100000, 0x000000074c100000| Complete 
| 186|0x000000074c200000, 0x000000074c300000, 0x000000074c300000|100%| E|CS|TAMS 0x000000074c200000, 0x000000074c200000| Complete 
| 187|0x000000074c300000, 0x000000074c400000, 0x000000074c400000|100%| E|CS|TAMS 0x000000074c300000, 0x000000074c300000| Complete 
| 188|0x000000074c400000, 0x000000074c500000, 0x000000074c500000|100%| E|CS|TAMS 0x000000074c400000, 0x000000074c400000| Complete 
| 189|0x000000074c500000, 0x000000074c600000, 0x000000074c600000|100%| E|CS|TAMS 0x000000074c500000, 0x000000074c500000| Complete 
| 190|0x000000074c600000, 0x000000074c700000, 0x000000074c700000|100%| E|CS|TAMS 0x000000074c600000, 0x000000074c600000| Complete 
| 191|0x000000074c700000, 0x000000074c800000, 0x000000074c800000|100%| E|CS|TAMS 0x000000074c700000, 0x000000074c700000| Complete 

Card table byte_map: [0x000001f97f200000,0x000001f97f800000] _byte_map_base: 0x000001f97b7fc000

Marking Bits (Prev, Next): (CMBitMap*) 0x000001f9679343c8, (CMBitMap*) 0x000001f967934400
 Prev Bits: [0x000001f900000000, 0x000001f902fe0000)
 Next Bits: [0x000001f902fe0000, 0x000001f905fc0000)

Polling page: 0x000001f965750000

Metaspace:

Usage:
  Non-class:     40.79 MB capacity,    40.08 MB ( 98%) used,   585.38 KB (  1%) free+waste,   140.81 KB ( <1%) overhead. 
      Class:      5.70 MB capacity,     5.25 MB ( 92%) used,   393.63 KB (  7%) free+waste,    64.56 KB (  1%) overhead. 
       Both:     46.49 MB capacity,    45.33 MB ( 98%) used,   979.01 KB (  2%) free+waste,   205.38 KB ( <1%) overhead. 

Virtual space:
  Non-class space:       42.00 MB reserved,      41.00 MB ( 98%) committed 
      Class space:        1.00 GB reserved,       5.75 MB ( <1%) committed 
             Both:        1.04 GB reserved,      46.75 MB (  4%) committed 

Chunk freelists:
   Non-Class:  2.50 KB
       Class:  2.75 KB
        Both:  5.25 KB

CodeHeap 'non-profiled nmethods': size=120064Kb used=2849Kb max_used=2849Kb free=117214Kb
 bounds [0x000001f9776c0000, 0x000001f977990000, 0x000001f97ec00000]
CodeHeap 'profiled nmethods': size=120000Kb used=11549Kb max_used=11549Kb free=108450Kb
 bounds [0x000001f970190000, 0x000001f970ce0000, 0x000001f9776c0000]
CodeHeap 'non-nmethods': size=5696Kb used=1249Kb max_used=1305Kb free=4446Kb
 bounds [0x000001f96fc00000, 0x000001f96fe70000, 0x000001f970190000]
 total_blobs=6121 nmethods=4418 adapters=422
 compilation: enabled
              stopped_count=0, restarted_count=0
 full_count=0

Compilation events (10 events):
Event: 7.444 Thread 0x000001f908c64000 nmethod 4548 0x000001f977986190 code [0x000001f977986320, 0x000001f977986498]
Event: 7.444 Thread 0x000001f908c64000 4549   !   4       org.springframework.core.annotation.AnnotationUtils::getAnnotatedMethodsInBaseType (163 bytes)
Event: 7.446 Thread 0x000001f909c01000 nmethod 4547 0x000001f977986590 code [0x000001f977986760, 0x000001f977986c70]
Event: 7.446 Thread 0x000001f909c01000 4550       4       org.springframework.core.annotation.AnnotationUtils$AnnotationCacheKey::hashCode (19 bytes)
Event: 7.449 Thread 0x000001f908c65800 4553       1       org.springframework.aop.support.annotation.AnnotationMatchingPointcut::getClassFilter (5 bytes)
Event: 7.449 Thread 0x000001f908c65800 nmethod 4553 0x000001f977986f10 code [0x000001f9779870c0, 0x000001f9779871d8]
Event: 7.458 Thread 0x000001f909c01000 nmethod 4550 0x000001f977987290 code [0x000001f977987480, 0x000001f977987be8]
Event: 7.458 Thread 0x000001f909c01000 4554   !   4       java.net.URL::<init> (543 bytes)
Event: 7.496 Thread 0x000001f908c65800 4555       3       java.net.URI::match (56 bytes)
Event: 7.496 Thread 0x000001f908c65800 nmethod 4555 0x000001f970cd6f10 code [0x000001f970cd70e0, 0x000001f970cd73f8]

GC Heap History (10 events):
Event: 2.467 GC heap before
{Heap before GC invocations=1 (full 0):
 garbage-first heap   total 196608K, used 104497K [0x0000000740800000, 0x0000000800000000)
  region size 1024K, 100 young (102400K), 2 survivors (2048K)
 Metaspace       used 20735K, capacity 21158K, committed 21248K, reserved 1069056K
  class space    used 2367K, capacity 2526K, committed 2560K, reserved 1048576K
}
Event: 2.473 GC heap after
{Heap after GC invocations=2 (full 0):
 garbage-first heap   total 196608K, used 8857K [0x0000000740800000, 0x0000000800000000)
  region size 1024K, 5 young (5120K), 5 survivors (5120K)
 Metaspace       used 20735K, capacity 21158K, committed 21248K, reserved 1069056K
  class space    used 2367K, capacity 2526K, committed 2560K, reserved 1048576K
}
Event: 2.818 GC heap before
{Heap before GC invocations=3 (full 0):
 garbage-first heap   total 196608K, used 36505K [0x0000000740800000, 0x0000000800000000)
  region size 1024K, 33 young (33792K), 5 survivors (5120K)
 Metaspace       used 25369K, capacity 25877K, committed 25984K, reserved 1073152K
  class space    used 2902K, capacity 3096K, committed 3200K, reserved 1048576K
}
Event: 2.825 GC heap after
{Heap after GC invocations=4 (full 0):
 garbage-first heap   total 196608K, used 9634K [0x0000000740800000, 0x0000000800000000)
  region size 1024K, 1 young (1024K), 1 survivors (1024K)
 Metaspace       used 25369K, capacity 25877K, committed 25984K, reserved 1073152K
  class space    used 2902K, capacity 3096K, committed 3200K, reserved 1048576K
}
Event: 3.628 GC heap before
{Heap before GC invocations=4 (full 0):
 garbage-first heap   total 196608K, used 85410K [0x0000000740800000, 0x0000000800000000)
  region size 1024K, 76 young (77824K), 1 survivors (1024K)
 Metaspace       used 30411K, capacity 31130K, committed 31488K, reserved 1077248K
  class space    used 3466K, capacity 3720K, committed 3840K, reserved 1048576K
}
Event: 3.633 GC heap after
{Heap after GC invocations=5 (full 0):
 garbage-first heap   total 196608K, used 12009K [0x0000000740800000, 0x0000000800000000)
  region size 1024K, 4 young (4096K), 4 survivors (4096K)
 Metaspace       used 30411K, capacity 31130K, committed 31488K, reserved 1077248K
  class space    used 3466K, capacity 3720K, committed 3840K, reserved 1048576K
}
Event: 4.711 GC heap before
{Heap before GC invocations=5 (full 0):
 garbage-first heap   total 196608K, used 71401K [0x0000000740800000, 0x0000000800000000)
  region size 1024K, 63 young (64512K), 4 survivors (4096K)
 Metaspace       used 34888K, capacity 35767K, committed 35840K, reserved 1081344K
  class space    used 4072K, capacity 4444K, committed 4480K, reserved 1048576K
}
Event: 4.717 GC heap after
{Heap after GC invocations=6 (full 0):
 garbage-first heap   total 196608K, used 14742K [0x0000000740800000, 0x0000000800000000)
  region size 1024K, 6 young (6144K), 6 survivors (6144K)
 Metaspace       used 34888K, capacity 35767K, committed 35840K, reserved 1081344K
  class space    used 4072K, capacity 4444K, committed 4480K, reserved 1048576K
}
Event: 6.391 GC heap before
{Heap before GC invocations=7 (full 0):
 garbage-first heap   total 196608K, used 117142K [0x0000000740800000, 0x0000000800000000)
  region size 1024K, 107 young (109568K), 6 survivors (6144K)
 Metaspace       used 41419K, capacity 42517K, committed 42752K, reserved 1087488K
  class space    used 4825K, capacity 5269K, committed 5376K, reserved 1048576K
}
Event: 6.405 GC heap after
{Heap after GC invocations=8 (full 0):
 garbage-first heap   total 196608K, used 19152K [0x0000000740800000, 0x0000000800000000)
  region size 1024K, 11 young (11264K), 11 survivors (11264K)
 Metaspace       used 41419K, capacity 42517K, committed 42752K, reserved 1087488K
  class space    used 4825K, capacity 5269K, committed 5376K, reserved 1048576K
}

Deoptimization events (10 events):
Event: 6.909 Thread 0x000001f909bba000 Uncommon trap: reason=array_check action=maybe_recompile pc=0x000001f9779555f8 method=java.util.AbstractCollection.toArray([Ljava/lang/Object;)[Ljava/lang/Object; @ 116 c2
Event: 6.916 Thread 0x000001f909bba000 Uncommon trap: reason=array_check action=maybe_recompile pc=0x000001f9779555f8 method=java.util.AbstractCollection.toArray([Ljava/lang/Object;)[Ljava/lang/Object; @ 116 c2
Event: 6.917 Thread 0x000001f909bba000 Uncommon trap: reason=array_check action=maybe_recompile pc=0x000001f9779555f8 method=java.util.AbstractCollection.toArray([Ljava/lang/Object;)[Ljava/lang/Object; @ 116 c2
Event: 7.072 Thread 0x000001f909bba000 Uncommon trap: reason=unstable_if action=reinterpret pc=0x000001f9777e5538 method=jdk.internal.jimage.ImageLocation.verify(Ljava/lang/String;Ljava/lang/String;[JLjdk/internal/jimage/ImageStrings;)Z @ 18 c2
Event: 7.124 Thread 0x000001f909bba000 Uncommon trap: reason=unstable_if action=reinterpret pc=0x000001f97791ff7c method=java.util.Properties$LineReader.readLine()I @ 174 c2
Event: 7.128 Thread 0x000001f909bba000 Uncommon trap: reason=unstable_if action=reinterpret pc=0x000001f977822968 method=sun.net.www.ParseUtil.encodePath(Ljava/lang/String;Z)Ljava/lang/String; @ 1 c2
Event: 7.128 Thread 0x000001f909bba000 Uncommon trap: reason=unstable_if action=reinterpret pc=0x000001f97784cca8 method=java.net.URI.match(CJJ)Z @ 45 c2
Event: 7.229 Thread 0x000001f909bba000 Uncommon trap: reason=unstable_if action=reinterpret pc=0x000001f97772be48 method=java.lang.CharacterDataLatin1.isWhitespace(I)Z @ 14 c2
Event: 7.363 Thread 0x000001f909bba000 Uncommon trap: reason=unstable_if action=reinterpret pc=0x000001f97774b868 method=java.lang.Integer.stringSize(I)I @ 3 c2
Event: 7.386 Thread 0x000001f90d05d800 Uncommon trap: reason=unstable_if action=reinterpret pc=0x000001f97770c660 method=java.net.URI.match(CJJ)Z @ 45 c2

Classes redefined (0 events):
No events

Internal exceptions (10 events):
Event: 6.624 Thread 0x000001f909bba000 Implicit null exception at 0x000001f9707b9fcd to 0x000001f9707ba5bf
Event: 6.624 Thread 0x000001f909bba000 Exception <a 'java/lang/NullPointerException'{0x0000000749cea388}> (0x0000000749cea388) thrown at [t:/workspace/open/src/hotspot/share/runtime/sharedRuntime.cpp, line 584]
Event: 6.625 Thread 0x000001f909bba000 Implicit null exception at 0x000001f9707b9fcd to 0x000001f9707ba5bf
Event: 6.625 Thread 0x000001f909bba000 Exception <a 'java/lang/NullPointerException'{0x0000000749ceb868}> (0x0000000749ceb868) thrown at [t:/workspace/open/src/hotspot/share/runtime/sharedRuntime.cpp, line 584]
Event: 6.625 Thread 0x000001f909bba000 Implicit null exception at 0x000001f9707b9fcd to 0x000001f9707ba5bf
Event: 6.625 Thread 0x000001f909bba000 Exception <a 'java/lang/NullPointerException'{0x0000000749cecd38}> (0x0000000749cecd38) thrown at [t:/workspace/open/src/hotspot/share/runtime/sharedRuntime.cpp, line 584]
Event: 6.625 Thread 0x000001f909bba000 Implicit null exception at 0x000001f9707b9fcd to 0x000001f9707ba5bf
Event: 6.625 Thread 0x000001f909bba000 Exception <a 'java/lang/NullPointerException'{0x0000000749cee260}> (0x0000000749cee260) thrown at [t:/workspace/open/src/hotspot/share/runtime/sharedRuntime.cpp, line 584]
Event: 7.013 Thread 0x000001f909bba000 Exception <a 'java/lang/NoSuchMethodError'{0x000000074955b298}: java.lang.invoke.DirectMethodHandle$Holder.invokeVirtual(Ljava/lang/Object;Ljava/lang/Object;I)Ljava/lang/Object;> (0x000000074955b298) thrown at [t:/workspace/open/src/hotspot/share/interpre
Event: 7.393 Thread 0x000001f909bba000 Exception <a 'java/lang/NoSuchMethodError'{0x00000007489cc490}: java.lang.invoke.DirectMethodHandle$Holder.invokeStaticInit(Ljava/lang/Object;Ljava/lang/Object;Ljava/lang/Object;Ljava/lang/Object;)Ljava/lang/Object;> (0x00000007489cc490) thrown at [t:/wor

Events (10 events):
Event: 7.459 loading class org/springframework/orm/jpa/persistenceunit/DefaultPersistenceUnitManager
Event: 7.459 loading class org/springframework/orm/jpa/persistenceunit/DefaultPersistenceUnitManager done
Event: 7.505 loading class org/springframework/instrument/classloading/LoadTimeWeaver
Event: 7.505 loading class org/springframework/instrument/classloading/LoadTimeWeaver done
Event: 7.505 loading class org/springframework/orm/jpa/persistenceunit/MutablePersistenceUnitInfo
Event: 7.505 loading class org/springframework/orm/jpa/persistenceunit/MutablePersistenceUnitInfo done
Event: 7.506 loading class org/springframework/orm/jpa/persistenceunit/SmartPersistenceUnitInfo
Event: 7.506 loading class org/springframework/orm/jpa/persistenceunit/SmartPersistenceUnitInfo done
Event: 7.506 loading class org/springframework/orm/jpa/persistenceunit/SpringPersistenceUnitInfo
Event: 7.506 loading class org/springframework/orm/jpa/persistenceunit/SpringPersistenceUnitInfo done


Dynamic libraries:
0x00007ff7ddd20000 - 0x00007ff7ddd67000 	C:\Program Files\Java\jdk-11.0.1\bin\java.exe
0x00007ffcce3b0000 - 0x00007ffcce591000 	C:\Windows\SYSTEM32\ntdll.dll
0x00007ffccde80000 - 0x00007ffccdf31000 	C:\Windows\System32\KERNEL32.DLL
0x00007ffccb5b0000 - 0x00007ffccb823000 	C:\Windows\System32\KERNELBASE.dll
0x00007ffccceb0000 - 0x00007ffcccf51000 	C:\Windows\System32\ADVAPI32.dll
0x00007ffccb830000 - 0x00007ffccb8ce000 	C:\Windows\System32\msvcrt.dll
0x00007ffccd7e0000 - 0x00007ffccd83b000 	C:\Windows\System32\sechost.dll
0x00007ffccdcc0000 - 0x00007ffccdde4000 	C:\Windows\System32\RPCRT4.dll
0x00007ffcccd20000 - 0x00007ffccceb0000 	C:\Windows\System32\USER32.dll
0x00007ffccafe0000 - 0x00007ffccb000000 	C:\Windows\System32\win32u.dll
0x00007ffccdb20000 - 0x00007ffccdb48000 	C:\Windows\System32\GDI32.dll
0x00007ffccb000000 - 0x00007ffccb191000 	C:\Windows\System32\gdi32full.dll
0x00007ffccb490000 - 0x00007ffccb52f000 	C:\Windows\System32\msvcp_win.dll
0x00007ffccb1a0000 - 0x00007ffccb298000 	C:\Windows\System32\ucrtbase.dll
0x00007ffcc5080000 - 0x00007ffcc52e9000 	C:\Windows\WinSxS\amd64_microsoft.windows.common-controls_6595b64144ccf1df_6.0.17134.1067_none_d401a3eb7c8ebdea\COMCTL32.dll
0x00007ffcce050000 - 0x00007ffcce371000 	C:\Windows\System32\combase.dll
0x00007ffccb530000 - 0x00007ffccb5a9000 	C:\Windows\System32\bcryptPrimitives.dll
0x00007ffcc6f40000 - 0x00007ffcc6f4a000 	C:\Windows\SYSTEM32\VERSION.dll
0x00007ffccddf0000 - 0x00007ffccde1d000 	C:\Windows\System32\IMM32.DLL
0x00007ffcc5350000 - 0x00007ffcc5366000 	C:\Program Files\Java\jdk-11.0.1\bin\vcruntime140.dll
0x00007ffcc4700000 - 0x00007ffcc47aa000 	C:\Program Files\Java\jdk-11.0.1\bin\msvcp140.dll
0x00007ffcb4220000 - 0x00007ffcb4d62000 	C:\Program Files\Java\jdk-11.0.1\bin\server\jvm.dll
0x00007ffccdfa0000 - 0x00007ffccdfa8000 	C:\Windows\System32\PSAPI.DLL
0x00007ffcb9460000 - 0x00007ffcb9469000 	C:\Windows\SYSTEM32\WSOCK32.dll
0x00007ffccd670000 - 0x00007ffccd6dc000 	C:\Windows\System32\WS2_32.dll
0x00007ffcc27f0000 - 0x00007ffcc2813000 	C:\Windows\SYSTEM32\WINMM.dll
0x00007ffcc27c0000 - 0x00007ffcc27ea000 	C:\Windows\SYSTEM32\WINMMBASE.dll
0x00007ffccaee0000 - 0x00007ffccaf29000 	C:\Windows\System32\cfgmgr32.dll
0x00007ffcca750000 - 0x00007ffcca761000 	C:\Windows\System32\kernel.appcore.dll
0x00007ffcc5330000 - 0x00007ffcc5341000 	C:\Program Files\Java\jdk-11.0.1\bin\verify.dll
0x00007ffcc6220000 - 0x00007ffcc63e9000 	C:\Windows\SYSTEM32\DBGHELP.DLL
0x00007ffcc6150000 - 0x00007ffcc6179000 	C:\Windows\SYSTEM32\dbgcore.DLL
0x00007ffcc49d0000 - 0x00007ffcc49f9000 	C:\Program Files\Java\jdk-11.0.1\bin\java.dll
0x00007ffcc4620000 - 0x00007ffcc4657000 	C:\Program Files\Java\jdk-11.0.1\bin\jdwp.dll
0x00007ffcc4800000 - 0x00007ffcc482f000 	C:\Program Files\Java\jdk-11.0.1\bin\instrument.dll
0x00007ffcc5310000 - 0x00007ffcc5326000 	C:\Program Files\Java\jdk-11.0.1\bin\zip.dll
0x00007ffcc73b0000 - 0x00007ffcc73ba000 	C:\Program Files\Java\jdk-11.0.1\bin\jimage.dll
0x00007ffccb8d0000 - 0x00007ffcccd14000 	C:\Windows\System32\SHELL32.dll
0x00007ffccd3c0000 - 0x00007ffccd469000 	C:\Windows\System32\shcore.dll
0x00007ffcca7d0000 - 0x00007ffccaee0000 	C:\Windows\System32\windows.storage.dll
0x00007ffccdf40000 - 0x00007ffccdf91000 	C:\Windows\System32\shlwapi.dll
0x00007ffcca710000 - 0x00007ffcca72f000 	C:\Windows\System32\profapi.dll
0x00007ffcca6c0000 - 0x00007ffcca70c000 	C:\Windows\System32\powrprof.dll
0x00007ffcca6b0000 - 0x00007ffcca6ba000 	C:\Windows\System32\FLTLIB.DLL
0x00007ffcc6500000 - 0x00007ffcc650a000 	C:\Program Files\Java\jdk-11.0.1\bin\dt_socket.dll
0x00007ffcc9f30000 - 0x00007ffcc9f96000 	C:\Windows\system32\mswsock.dll
0x00007ffcc4e90000 - 0x00007ffcc4ea9000 	C:\Program Files\Java\jdk-11.0.1\bin\net.dll
0x00007ffcc3a80000 - 0x00007ffcc3b5d000 	C:\Windows\SYSTEM32\WINHTTP.dll
0x00007ffcc4900000 - 0x00007ffcc4913000 	C:\Program Files\Java\jdk-11.0.1\bin\nio.dll
0x00007ffcc6df0000 - 0x00007ffcc6df9000 	C:\Program Files\Java\jdk-11.0.1\bin\management.dll
0x00007ffcc6dd0000 - 0x00007ffcc6ddc000 	C:\Program Files\Java\jdk-11.0.1\bin\management_ext.dll
0x00007ffcb8be0000 - 0x00007ffcb8bf6000 	C:\Windows\system32\napinsp.dll
0x00007ffcb73e0000 - 0x00007ffcb73fa000 	C:\Windows\system32\pnrpnsp.dll
0x00007ffcc6c40000 - 0x00007ffcc6c59000 	C:\Windows\system32\NLAapi.dll
0x00007ffcc9cc0000 - 0x00007ffcc9d7e000 	C:\Windows\SYSTEM32\DNSAPI.dll
0x00007ffccd7d0000 - 0x00007ffccd7d8000 	C:\Windows\System32\NSI.dll
0x00007ffcc9c80000 - 0x00007ffcc9cb8000 	C:\Windows\SYSTEM32\IPHLPAPI.DLL
0x00007ffcb9490000 - 0x00007ffcb949e000 	C:\Windows\System32\winrnr.dll
0x00007ffcc4e80000 - 0x00007ffcc4e8a000 	C:\Windows\System32\rasadhlp.dll
0x00007ffcc6180000 - 0x00007ffcc61f2000 	C:\Windows\System32\fwpuclnt.dll
0x00007ffcca210000 - 0x00007ffcca235000 	C:\Windows\SYSTEM32\bcrypt.dll
0x00007ffcca0e0000 - 0x00007ffcca0f7000 	C:\Windows\SYSTEM32\CRYPTSP.dll
0x00007ffcc9ae0000 - 0x00007ffcc9b13000 	C:\Windows\system32\rsaenh.dll
0x00007ffcca5b0000 - 0x00007ffcca5d8000 	C:\Windows\SYSTEM32\USERENV.dll
0x00007ffcca100000 - 0x00007ffcca10b000 	C:\Windows\SYSTEM32\CRYPTBASE.dll
0x00007ffcc6a60000 - 0x00007ffcc6a76000 	C:\Windows\SYSTEM32\dhcpcsvc6.DLL
0x00007ffcc6980000 - 0x00007ffcc699a000 	C:\Windows\SYSTEM32\dhcpcsvc.DLL

dbghelp: loaded successfully - version: 4.0.5 - missing functions: none
symbol engine: initialized successfully - sym options: 0x614 - pdb path: .;C:\Program Files\Java\jdk-11.0.1\bin;C:\Windows\SYSTEM32;C:\Windows\WinSxS\amd64_microsoft.windows.common-controls_6595b64144ccf1df_6.0.17134.1067_none_d401a3eb7c8ebdea;C:\Program Files\Java\jdk-11.0.1\bin\server

VM Arguments:
jvm_args: -agentlib:jdwp=transport=dt_socket,address=127.0.0.1:64648,suspend=y,server=n -javaagent:C:\Users\ArteM\.IntelliJIdea2019.2\system\captureAgent\debugger-agent.jar -Dfile.encoding=UTF-8 
java_command: com.voronov.springDemo.Application --spring.profiles.active=dev
java_class_path (initial): C:\Users\ArteM\Downloads\SpringDemo\SpringDemo\target\classes;C:\Users\ArteM\.m2\repository\org\springframework\session\spring-session-jdbc\2.1.7.RELEASE\spring-session-jdbc-2.1.7.RELEASE.jar;C:\Users\ArteM\.m2\repository\org\springframework\session\spring-session-core\2.1.7.RELEASE\spring-session-core-2.1.7.RELEASE.jar;C:\Users\ArteM\.m2\repository\org\springframework\spring-jcl\5.1.8.RELEASE\spring-jcl-5.1.8.RELEASE.jar;C:\Users\ArteM\.m2\repository\org\springframework\spring-context\5.1.8.RELEASE\spring-context-5.1.8.RELEASE.jar;C:\Users\ArteM\.m2\repository\org\springframework\spring-beans\5.1.8.RELEASE\spring-beans-5.1.8.RELEASE.jar;C:\Users\ArteM\.m2\repository\org\springframework\spring-core\5.1.8.RELEASE\spring-core-5.1.8.RELEASE.jar;C:\Users\ArteM\.m2\repository\org\springframework\spring-expression\5.1.8.RELEASE\spring-expression-5.1.8.RELEASE.jar;C:\Users\ArteM\.m2\repository\org\springframework\spring-jdbc\5.1.8.RELEASE\spring-jdbc-5.1.8.RELEASE.jar;C:\Users\ArteM\.m2\repository\org\springframework\spring-tx\5.1.8.RELEASE\spring-tx-5.1.8.RELEASE.jar;C:\Users\ArteM\.m2\repository\org\flywaydb\flyway-core\5.2.4\flyway-core-5.2.4.jar;C:\Users\ArteM\.m2\repository\org\springframework\boot\spring-boot-starter-mail\2.0.1.RELEASE\spring-boot-starter-mail-2.0.1.RELEASE.jar;C:\Users\ArteM\.m2\repository\org\springframework\boot\spring-boot-starter\2.1.6.RELEASE\spring-boot-starter-2.1.6.RELEASE.jar;C:\Users\ArteM\.m2\repository\org\springframework\boot\spring-boot-starter-logging\2.1.6.RELEASE\spring-boot-starter-logging-2.1.6.RELEASE.jar;C:\Users\ArteM\.m2\repository\ch\qos\logback\logback-classic\1.2.3\logback-classic-1.2.3.jar;C:\Users\ArteM\.m2\repository\ch\qos\logback\logback-core\1.2.3\logback-core-1.2.3.jar;C:\Users\ArteM\.m2\repository\org\apache\logging\log4j\log4j-to-slf4j\2.11.2\log4j-to-slf4j-2.11.2.jar;C:\Users\ArteM\.m2\repository\org\apache\logging\log4j\log4j-api\2.11.2\log4j-api-2.11.2.jar;C:\Users\ArteM\.m2\reposito
Launcher Type: SUN_STANDARD

[Global flags]
     intx CICompilerCount                          = 3                                         {product} {ergonomic}
     uint ConcGCThreads                            = 1                                         {product} {ergonomic}
     uint G1ConcRefinementThreads                  = 4                                         {product} {ergonomic}
   size_t G1HeapRegionSize                         = 1048576                                   {product} {ergonomic}
    uintx GCDrainStackTargetSize                   = 64                                        {product} {ergonomic}
   size_t InitialHeapSize                          = 201326592                                 {product} {ergonomic}
   size_t MarkStackSize                            = 4194304                                   {product} {ergonomic}
   size_t MaxHeapSize                              = 3212836864                                {product} {ergonomic}
   size_t MaxNewSize                               = 1927282688                                {product} {ergonomic}
   size_t MinHeapDeltaBytes                        = 1048576                                   {product} {ergonomic}
    uintx NonNMethodCodeHeapSize                   = 5830092                                {pd product} {ergonomic}
    uintx NonProfiledCodeHeapSize                  = 122914074                              {pd product} {ergonomic}
    uintx ProfiledCodeHeapSize                     = 122914074                              {pd product} {ergonomic}
    uintx ReservedCodeCacheSize                    = 251658240                              {pd product} {ergonomic}
     bool SegmentedCodeCache                       = true                                      {product} {ergonomic}
     bool UseCompressedClassPointers               = true                                 {lp64_product} {ergonomic}
     bool UseCompressedOops                        = true                                 {lp64_product} {ergonomic}
     bool UseG1GC                                  = true                                      {product} {ergonomic}
     bool UseLargePagesIndividualAllocation        = false                                  {pd product} {ergonomic}

Logging:
Log output configuration:
 #0: stdout all=warning uptime,level,tags
 #1: stderr all=off uptime,level,tags

Environment Variables:
PATH=C:\Program Files (x86)\Intel\Intel(R) Management Engine Components\iCLS\;C:\Program Files\Intel\Intel(R) Management Engine Components\iCLS\;C:\Windows\system32;C:\Windows;C:\Windows\System32\Wbem;C:\Windows\System32\WindowsPowerShell\v1.0\;C:\Windows\System32\OpenSSH\;C:\Program Files (x86)\NVIDIA Corporation\PhysX\Common;C:\Program Files (x86)\Intel\Intel(R) Management Engine Components\DAL;C:\Program Files\Intel\Intel(R) Management Engine Components\DAL;C:\Program Files (x86)\Intel\Intel(R) Management Engine Components\IPT;C:\Program Files\Intel\Intel(R) Management Engine Components\IPT;C:\Program Files\Java\jdk-11.0.1\bin;D:\Develop\Git\cmd;D:\Develop\Git\mingw64\bin;D:\Develop\Git\usr\bin;C:\Users\ArteM\AppData\Local\Microsoft\WindowsApps;C:\Program Files\heroku\bin
USERNAME=ArteM
OS=Windows_NT
PROCESSOR_IDENTIFIER=Intel64 Family 6 Model 158 Stepping 9, GenuineIntel



---------------  S Y S T E M  ---------------

OS: Windows 10 , 64 bit Build 17134 (10.0.17134.753)

CPU:total 4 (initial active 4) (2 cores per cpu, 2 threads per core) family 6 model 158 stepping 9, cmov, cx8, fxsr, mmx, sse, sse2, sse3, ssse3, sse4.1, sse4.2, popcnt, aes, clmul, erms, 3dnowpref, lzcnt, ht, tsc, tscinvbit

Memory: 4k page, system-wide physical 12252M (679M free)
TotalPageFile size 19330M (AvailPageFile size 3M)
current process WorkingSet (physical memory assigned to process): 304M, peak: 306M
current process commit charge ("private bytes"): 402M, peak: 405M

vm_info: Java HotSpot(TM) 64-Bit Server VM (11.0.1+13-LTS) for windows-amd64 JRE (11.0.1+13-LTS), built on Oct  6 2018 13:20:16 by "mach5one" with MS VC++ 15.5 (VS2017)

END.
